<?xml version="1.0" encoding="UTF-8"?>
<!-- Generated by org.testng.reporters.JUnitXMLReporter -->
<testsuite hostname="LP-116" name="CartScenarios" tests="1" failures="1" timestamp="8 Jan 2016 11:37:45 GMT" time="110.184" errors="0">
  <testcase name="executeTestCase" time="62.157" classname="Functional_Scenarios.CartScenarios">
    <failure type="org.openqa.selenium.NoSuchElementException" message="An element could not be located on the page using the given search parameters. (WARNING: The server did not provide any stacktrace information)
Command duration or timeout: 20.44 seconds
For documentation on this error, please visit: http://seleniumhq.org/exceptions/no_such_element.html
Build info: version: &amp;apos;2.45.0&amp;apos;, revision: &amp;apos;5017cb8e7ca8e37638dc3091b2440b90a1d8686f&amp;apos;, time: &amp;apos;2015-02-27 09:10:26&amp;apos;
System info: host: &amp;apos;LP-116&amp;apos;, ip: &amp;apos;192.168.56.1&amp;apos;, os.name: &amp;apos;Windows 7&amp;apos;, os.arch: &amp;apos;amd64&amp;apos;, os.version: &amp;apos;6.1&amp;apos;, java.version: &amp;apos;1.8.0_65&amp;apos;
Driver info: io.appium.java_client.android.AndroidDriver
Capabilities [{app=E:\Projects\QA_Sanity\ConsumerApp\app\Zopper.apk, networkConnectionEnabled=true, warnings={}, app-package=com.zopperapp, app-activity=com.zopper.aegon.ui.activity.SplashActivity, databaseEnabled=false, deviceName=4e8e9235, platform=LINUX, desired={app=E:\Projects\QA_Sanity\ConsumerApp\app\Zopper.apk, platformVersion=4.4, app-package=com.zopperapp, app-activity=com.zopper.aegon.ui.activity.SplashActivity, platformName=Android, deviceName=32048e16028fa1a5}, platformVersion=4.4.2, webStorageEnabled=false, locationContextEnabled=false, browserName=Android, takesScreenshot=true, javascriptEnabled=true, platformName=Android}]
Session ID: 749ed68a-882e-46d3-9720-c6e19d2100ec
*** Element info: {Using=name, value=Buy Now}">
      <![CDATA[org.openqa.selenium.NoSuchElementException: An element could not be located on the page using the given search parameters. (WARNING: The server did not provide any stacktrace information)
Command duration or timeout: 20.44 seconds
For documentation on this error, please visit: http://seleniumhq.org/exceptions/no_such_element.html
Build info: version: '2.45.0', revision: '5017cb8e7ca8e37638dc3091b2440b90a1d8686f', time: '2015-02-27 09:10:26'
System info: host: 'LP-116', ip: '192.168.56.1', os.name: 'Windows 7', os.arch: 'amd64', os.version: '6.1', java.version: '1.8.0_65'
Driver info: io.appium.java_client.android.AndroidDriver
Capabilities [{app=E:\Projects\QA_Sanity\ConsumerApp\app\Zopper.apk, networkConnectionEnabled=true, warnings={}, app-package=com.zopperapp, app-activity=com.zopper.aegon.ui.activity.SplashActivity, databaseEnabled=false, deviceName=4e8e9235, platform=LINUX, desired={app=E:\Projects\QA_Sanity\ConsumerApp\app\Zopper.apk, platformVersion=4.4, app-package=com.zopperapp, app-activity=com.zopper.aegon.ui.activity.SplashActivity, platformName=Android, deviceName=32048e16028fa1a5}, platformVersion=4.4.2, webStorageEnabled=false, locationContextEnabled=false, browserName=Android, takesScreenshot=true, javascriptEnabled=true, platformName=Android}]
Session ID: 749ed68a-882e-46d3-9720-c6e19d2100ec
*** Element info: {Using=name, value=Buy Now}
	at org.openqa.selenium.remote.ErrorHandler.createThrowable(ErrorHandler.java:204)
	at org.openqa.selenium.remote.ErrorHandler.throwIfResponseFailed(ErrorHandler.java:156)
	at org.openqa.selenium.remote.RemoteWebDriver.execute(RemoteWebDriver.java:599)
	at io.appium.java_client.AppiumDriver.execute(AppiumDriver.java:180)
	at org.openqa.selenium.remote.RemoteWebDriver.findElement(RemoteWebDriver.java:352)
	at org.openqa.selenium.remote.RemoteWebDriver.findElementByName(RemoteWebDriver.java:425)
	at org.openqa.selenium.By$ByName.findElement(By.java:299)
	at org.openqa.selenium.remote.RemoteWebDriver.findElement(RemoteWebDriver.java:344)
	at BugRegressionSuite.BaseTestBugRegression.findElementByName(BaseTestBugRegression.java:90)
	at BugRegressionSuite.BaseTestBugRegression.clickName(BaseTestBugRegression.java:102)
	at Functional_Scenarios.CartScenarios.executeTestCase(CartScenarios.java:36)
... Removed 32 stack frames]]>
    </failure>
  </testcase> <!-- executeTestCase -->
</testsuite> <!-- CartScenarios -->
