<?xml version="1.0" encoding="UTF-8"?>
<!-- Generated by org.testng.reporters.JUnitXMLReporter -->
<testsuite hostname="LP-116" name="ProductDetailsScenarios" tests="11" failures="8" timestamp="8 Jan 2016 11:51:12 GMT" time="806.277" errors="0">
  <testcase name="exchangeFunctionality" time="31.592" classname="Functional_Scenarios.ProductDetailsScenarios">
    <failure type="org.openqa.selenium.NoSuchElementException" message="An element could not be located on the page using the given search parameters. (WARNING: The server did not provide any stacktrace information)
Command duration or timeout: 20.91 seconds
For documentation on this error, please visit: http://seleniumhq.org/exceptions/no_such_element.html
Build info: version: &amp;apos;2.45.0&amp;apos;, revision: &amp;apos;5017cb8e7ca8e37638dc3091b2440b90a1d8686f&amp;apos;, time: &amp;apos;2015-02-27 09:10:26&amp;apos;
System info: host: &amp;apos;LP-116&amp;apos;, ip: &amp;apos;192.168.56.1&amp;apos;, os.name: &amp;apos;Windows 7&amp;apos;, os.arch: &amp;apos;amd64&amp;apos;, os.version: &amp;apos;6.1&amp;apos;, java.version: &amp;apos;1.8.0_65&amp;apos;
Driver info: io.appium.java_client.android.AndroidDriver
Capabilities [{app=E:\Projects\QA_Sanity\ConsumerApp\app\Zopper.apk, networkConnectionEnabled=true, warnings={}, app-package=com.zopperapp, app-activity=com.zopper.aegon.ui.activity.SplashActivity, databaseEnabled=false, deviceName=4e8e9235, platform=LINUX, desired={app=E:\Projects\QA_Sanity\ConsumerApp\app\Zopper.apk, platformVersion=4.4, app-package=com.zopperapp, app-activity=com.zopper.aegon.ui.activity.SplashActivity, platformName=Android, deviceName=32048e16028fa1a5}, platformVersion=4.4.2, webStorageEnabled=false, locationContextEnabled=false, browserName=Android, takesScreenshot=true, javascriptEnabled=true, platformName=Android}]
Session ID: f0ba3ee0-ee25-4de7-9ed3-383eca92b351
*** Element info: {Using=id, value=com.zopperapp.staging:id/tv_drawer_signup_title}">
      <![CDATA[org.openqa.selenium.NoSuchElementException: An element could not be located on the page using the given search parameters. (WARNING: The server did not provide any stacktrace information)
Command duration or timeout: 20.91 seconds
For documentation on this error, please visit: http://seleniumhq.org/exceptions/no_such_element.html
Build info: version: '2.45.0', revision: '5017cb8e7ca8e37638dc3091b2440b90a1d8686f', time: '2015-02-27 09:10:26'
System info: host: 'LP-116', ip: '192.168.56.1', os.name: 'Windows 7', os.arch: 'amd64', os.version: '6.1', java.version: '1.8.0_65'
Driver info: io.appium.java_client.android.AndroidDriver
Capabilities [{app=E:\Projects\QA_Sanity\ConsumerApp\app\Zopper.apk, networkConnectionEnabled=true, warnings={}, app-package=com.zopperapp, app-activity=com.zopper.aegon.ui.activity.SplashActivity, databaseEnabled=false, deviceName=4e8e9235, platform=LINUX, desired={app=E:\Projects\QA_Sanity\ConsumerApp\app\Zopper.apk, platformVersion=4.4, app-package=com.zopperapp, app-activity=com.zopper.aegon.ui.activity.SplashActivity, platformName=Android, deviceName=32048e16028fa1a5}, platformVersion=4.4.2, webStorageEnabled=false, locationContextEnabled=false, browserName=Android, takesScreenshot=true, javascriptEnabled=true, platformName=Android}]
Session ID: f0ba3ee0-ee25-4de7-9ed3-383eca92b351
*** Element info: {Using=id, value=com.zopperapp.staging:id/tv_drawer_signup_title}
	at org.openqa.selenium.remote.ErrorHandler.createThrowable(ErrorHandler.java:204)
	at org.openqa.selenium.remote.ErrorHandler.throwIfResponseFailed(ErrorHandler.java:156)
	at org.openqa.selenium.remote.RemoteWebDriver.execute(RemoteWebDriver.java:599)
	at io.appium.java_client.AppiumDriver.execute(AppiumDriver.java:180)
	at org.openqa.selenium.remote.RemoteWebDriver.findElement(RemoteWebDriver.java:352)
	at org.openqa.selenium.remote.RemoteWebDriver.findElementById(RemoteWebDriver.java:393)
	at org.openqa.selenium.By$ById.findElement(By.java:214)
	at org.openqa.selenium.remote.RemoteWebDriver.findElement(RemoteWebDriver.java:344)
	at BugRegressionSuite.BaseTestBugRegression.findElementById(BaseTestBugRegression.java:86)
	at BugRegressionSuite.BaseTestBugRegression.clickId(BaseTestBugRegression.java:106)
	at App_Functions.OpenLoginPage.openLoginPage(OpenLoginPage.java:13)
	at Functional_Scenarios.ProductDetailsScenarios.exchangeFunctionality(ProductDetailsScenarios.java:553)
... Removed 32 stack frames]]>
    </failure>
  </testcase> <!-- exchangeFunctionality -->
  <testcase name="executeTestCase" time="50.477" classname="Functional_Scenarios.ProductDetailsScenarios">
    <failure type="org.openqa.selenium.NoSuchElementException" message="An element could not be located on the page using the given search parameters. (WARNING: The server did not provide any stacktrace information)
Command duration or timeout: 20.20 seconds
For documentation on this error, please visit: http://seleniumhq.org/exceptions/no_such_element.html
Build info: version: &amp;apos;2.45.0&amp;apos;, revision: &amp;apos;5017cb8e7ca8e37638dc3091b2440b90a1d8686f&amp;apos;, time: &amp;apos;2015-02-27 09:10:26&amp;apos;
System info: host: &amp;apos;LP-116&amp;apos;, ip: &amp;apos;192.168.56.1&amp;apos;, os.name: &amp;apos;Windows 7&amp;apos;, os.arch: &amp;apos;amd64&amp;apos;, os.version: &amp;apos;6.1&amp;apos;, java.version: &amp;apos;1.8.0_65&amp;apos;
Driver info: io.appium.java_client.android.AndroidDriver
Capabilities [{app=E:\Projects\QA_Sanity\ConsumerApp\app\Zopper.apk, networkConnectionEnabled=true, warnings={}, app-package=com.zopperapp, app-activity=com.zopper.aegon.ui.activity.SplashActivity, databaseEnabled=false, deviceName=4e8e9235, platform=LINUX, desired={app=E:\Projects\QA_Sanity\ConsumerApp\app\Zopper.apk, platformVersion=4.4, app-package=com.zopperapp, app-activity=com.zopper.aegon.ui.activity.SplashActivity, platformName=Android, deviceName=32048e16028fa1a5}, platformVersion=4.4.2, webStorageEnabled=false, locationContextEnabled=false, browserName=Android, takesScreenshot=true, javascriptEnabled=true, platformName=Android}]
Session ID: c8197fb1-e228-41d4-9b00-cf054c4f46b8
*** Element info: {Using=id, value=com.zopperapp:id/tv_product_title}">
      <![CDATA[org.openqa.selenium.NoSuchElementException: An element could not be located on the page using the given search parameters. (WARNING: The server did not provide any stacktrace information)
Command duration or timeout: 20.20 seconds
For documentation on this error, please visit: http://seleniumhq.org/exceptions/no_such_element.html
Build info: version: '2.45.0', revision: '5017cb8e7ca8e37638dc3091b2440b90a1d8686f', time: '2015-02-27 09:10:26'
System info: host: 'LP-116', ip: '192.168.56.1', os.name: 'Windows 7', os.arch: 'amd64', os.version: '6.1', java.version: '1.8.0_65'
Driver info: io.appium.java_client.android.AndroidDriver
Capabilities [{app=E:\Projects\QA_Sanity\ConsumerApp\app\Zopper.apk, networkConnectionEnabled=true, warnings={}, app-package=com.zopperapp, app-activity=com.zopper.aegon.ui.activity.SplashActivity, databaseEnabled=false, deviceName=4e8e9235, platform=LINUX, desired={app=E:\Projects\QA_Sanity\ConsumerApp\app\Zopper.apk, platformVersion=4.4, app-package=com.zopperapp, app-activity=com.zopper.aegon.ui.activity.SplashActivity, platformName=Android, deviceName=32048e16028fa1a5}, platformVersion=4.4.2, webStorageEnabled=false, locationContextEnabled=false, browserName=Android, takesScreenshot=true, javascriptEnabled=true, platformName=Android}]
Session ID: c8197fb1-e228-41d4-9b00-cf054c4f46b8
*** Element info: {Using=id, value=com.zopperapp:id/tv_product_title}
	at org.openqa.selenium.remote.ErrorHandler.createThrowable(ErrorHandler.java:204)
	at org.openqa.selenium.remote.ErrorHandler.throwIfResponseFailed(ErrorHandler.java:156)
	at org.openqa.selenium.remote.RemoteWebDriver.execute(RemoteWebDriver.java:599)
	at io.appium.java_client.AppiumDriver.execute(AppiumDriver.java:180)
	at org.openqa.selenium.remote.RemoteWebDriver.findElement(RemoteWebDriver.java:352)
	at org.openqa.selenium.remote.RemoteWebDriver.findElementById(RemoteWebDriver.java:393)
	at org.openqa.selenium.By$ById.findElement(By.java:214)
	at org.openqa.selenium.remote.RemoteWebDriver.findElement(RemoteWebDriver.java:344)
	at BugRegressionSuite.BaseTestBugRegression.findElementById(BaseTestBugRegression.java:86)
	at Functional_Scenarios.ProductDetailsScenarios.executeTestCase(ProductDetailsScenarios.java:69)
... Removed 32 stack frames]]>
    </failure>
  </testcase> <!-- executeTestCase -->
  <testcase name="favouritesProducts" time="53.391" classname="Functional_Scenarios.ProductDetailsScenarios">
    <failure type="java.lang.Exception" message="org.openqa.selenium.NoSuchElementException: An element could not be located on the page using the given search parameters. (WARNING: The server did not provide any stacktrace information)
Command duration or timeout: 20.01 seconds
For documentation on this error, please visit: http://seleniumhq.org/exceptions/no_such_element.html
Build info: version: &amp;apos;2.45.0&amp;apos;, revision: &amp;apos;5017cb8e7ca8e37638dc3091b2440b90a1d8686f&amp;apos;, time: &amp;apos;2015-02-27 09:10:26&amp;apos;
System info: host: &amp;apos;LP-116&amp;apos;, ip: &amp;apos;192.168.56.1&amp;apos;, os.name: &amp;apos;Windows 7&amp;apos;, os.arch: &amp;apos;amd64&amp;apos;, os.version: &amp;apos;6.1&amp;apos;, java.version: &amp;apos;1.8.0_65&amp;apos;
Driver info: io.appium.java_client.android.AndroidDriver
Capabilities [{app=E:\Projects\QA_Sanity\ConsumerApp\app\Zopper.apk, networkConnectionEnabled=true, warnings={}, app-package=com.zopperapp, app-activity=com.zopper.aegon.ui.activity.SplashActivity, databaseEnabled=false, deviceName=4e8e9235, platform=LINUX, desired={app=E:\Projects\QA_Sanity\ConsumerApp\app\Zopper.apk, platformVersion=4.4, app-package=com.zopperapp, app-activity=com.zopper.aegon.ui.activity.SplashActivity, platformName=Android, deviceName=32048e16028fa1a5}, platformVersion=4.4.2, webStorageEnabled=false, locationContextEnabled=false, browserName=Android, takesScreenshot=true, javascriptEnabled=true, platformName=Android}]
Session ID: 933216d6-c1be-4d19-8cd7-93b748cd67e1
*** Element info: {Using=id, value=com.zopperapp.staging:id/iv_popular_cat1}">
      <![CDATA[java.lang.Exception: org.openqa.selenium.NoSuchElementException: An element could not be located on the page using the given search parameters. (WARNING: The server did not provide any stacktrace information)
Command duration or timeout: 20.01 seconds
For documentation on this error, please visit: http://seleniumhq.org/exceptions/no_such_element.html
Build info: version: '2.45.0', revision: '5017cb8e7ca8e37638dc3091b2440b90a1d8686f', time: '2015-02-27 09:10:26'
System info: host: 'LP-116', ip: '192.168.56.1', os.name: 'Windows 7', os.arch: 'amd64', os.version: '6.1', java.version: '1.8.0_65'
Driver info: io.appium.java_client.android.AndroidDriver
Capabilities [{app=E:\Projects\QA_Sanity\ConsumerApp\app\Zopper.apk, networkConnectionEnabled=true, warnings={}, app-package=com.zopperapp, app-activity=com.zopper.aegon.ui.activity.SplashActivity, databaseEnabled=false, deviceName=4e8e9235, platform=LINUX, desired={app=E:\Projects\QA_Sanity\ConsumerApp\app\Zopper.apk, platformVersion=4.4, app-package=com.zopperapp, app-activity=com.zopper.aegon.ui.activity.SplashActivity, platformName=Android, deviceName=32048e16028fa1a5}, platformVersion=4.4.2, webStorageEnabled=false, locationContextEnabled=false, browserName=Android, takesScreenshot=true, javascriptEnabled=true, platformName=Android}]
Session ID: 933216d6-c1be-4d19-8cd7-93b748cd67e1
*** Element info: {Using=id, value=com.zopperapp.staging:id/iv_popular_cat1}
	at Functional_Scenarios.ProductDetailsScenarios.favouritesProducts(ProductDetailsScenarios.java:541)
Caused by: org.openqa.selenium.NoSuchElementException: An element could not be located on the page using the given search parameters. (WARNING: The server did not provide any stacktrace information)
Command duration or timeout: 20.01 seconds
For documentation on this error, please visit: http://seleniumhq.org/exceptions/no_such_element.html
Build info: version: '2.45.0', revision: '5017cb8e7ca8e37638dc3091b2440b90a1d8686f', time: '2015-02-27 09:10:26'
System info: host: 'LP-116', ip: '192.168.56.1', os.name: 'Windows 7', os.arch: 'amd64', os.version: '6.1', java.version: '1.8.0_65'
Driver info: io.appium.java_client.android.AndroidDriver
Capabilities [{app=E:\Projects\QA_Sanity\ConsumerApp\app\Zopper.apk, networkConnectionEnabled=true, warnings={}, app-package=com.zopperapp, app-activity=com.zopper.aegon.ui.activity.SplashActivity, databaseEnabled=false, deviceName=4e8e9235, platform=LINUX, desired={app=E:\Projects\QA_Sanity\ConsumerApp\app\Zopper.apk, platformVersion=4.4, app-package=com.zopperapp, app-activity=com.zopper.aegon.ui.activity.SplashActivity, platformName=Android, deviceName=32048e16028fa1a5}, platformVersion=4.4.2, webStorageEnabled=false, locationContextEnabled=false, browserName=Android, takesScreenshot=true, javascriptEnabled=true, platformName=Android}]
Session ID: 933216d6-c1be-4d19-8cd7-93b748cd67e1
*** Element info: {Using=id, value=com.zopperapp.staging:id/iv_popular_cat1}
	at org.openqa.selenium.remote.ErrorHandler.createThrowable(ErrorHandler.java:204)
	at org.openqa.selenium.remote.ErrorHandler.throwIfResponseFailed(ErrorHandler.java:156)
	at org.openqa.selenium.remote.RemoteWebDriver.execute(RemoteWebDriver.java:599)
	at io.appium.java_client.AppiumDriver.execute(AppiumDriver.java:180)
	at org.openqa.selenium.remote.RemoteWebDriver.findElement(RemoteWebDriver.java:352)
	at org.openqa.selenium.remote.RemoteWebDriver.findElementById(RemoteWebDriver.java:393)
	at org.openqa.selenium.By$ById.findElement(By.java:214)
	at org.openqa.selenium.remote.RemoteWebDriver.findElement(RemoteWebDriver.java:344)
	at BugRegressionSuite.BaseTestBugRegression.findElementById(BaseTestBugRegression.java:86)
	at BugRegressionSuite.BaseTestBugRegression.clickId(BaseTestBugRegression.java:106)
	at App_Functions.OpenAndroidPage.openAndroidPage(OpenAndroidPage.java:20)
	at Functional_Scenarios.ProductDetailsScenarios.favouritesProducts(ProductDetailsScenarios.java:462)
	... 28 more
... Removed 32 stack frames]]>
    </failure>
  </testcase> <!-- favouritesProducts -->
  <testcase name="loginCheckForSubmitReview" time="71.09" classname="Functional_Scenarios.ProductDetailsScenarios">
    <failure type="java.lang.Exception" message="java.lang.AssertionError: expected [true] but found [false]">
      <![CDATA[java.lang.Exception: java.lang.AssertionError: expected [true] but found [false]
	at Functional_Scenarios.ProductDetailsScenarios.loginCheckForSubmitReview(ProductDetailsScenarios.java:274)
Caused by: java.lang.AssertionError: expected [true] but found [false]
	at Functional_Scenarios.ProductDetailsScenarios.loginCheckForSubmitReview(ProductDetailsScenarios.java:266)
	... 28 more
... Removed 32 stack frames]]>
    </failure>
  </testcase> <!-- loginCheckForSubmitReview -->
  <testcase name="moreCategoryProductListing" time="41.836" classname="Functional_Scenarios.ProductDetailsScenarios">
    <failure type="java.lang.IndexOutOfBoundsException" message="Index: 0, Size: 0">
      <![CDATA[java.lang.IndexOutOfBoundsException: Index: 0, Size: 0
	at java.util.ArrayList.rangeCheck(Unknown Source)
	at java.util.ArrayList.get(Unknown Source)
	at Functional_Scenarios.ProductDetailsScenarios.moreCategoryProductListing(ProductDetailsScenarios.java:443)
... Removed 28 stack frames]]>
    </failure>
  </testcase> <!-- moreCategoryProductListing -->
  <testcase name="productEnlargedImage" time="35.022" classname="Functional_Scenarios.ProductDetailsScenarios"/>
  <testcase name="productFeaturesDetails" time="84.018" classname="Functional_Scenarios.ProductDetailsScenarios"/>
  <testcase name="productWithFilter" time="42.17" classname="Functional_Scenarios.ProductDetailsScenarios">
    <failure type="org.openqa.selenium.NoSuchElementException" message="An element could not be located on the page using the given search parameters. (WARNING: The server did not provide any stacktrace information)
Command duration or timeout: 20.97 seconds
For documentation on this error, please visit: http://seleniumhq.org/exceptions/no_such_element.html
Build info: version: &amp;apos;2.45.0&amp;apos;, revision: &amp;apos;5017cb8e7ca8e37638dc3091b2440b90a1d8686f&amp;apos;, time: &amp;apos;2015-02-27 09:10:26&amp;apos;
System info: host: &amp;apos;LP-116&amp;apos;, ip: &amp;apos;192.168.56.1&amp;apos;, os.name: &amp;apos;Windows 7&amp;apos;, os.arch: &amp;apos;amd64&amp;apos;, os.version: &amp;apos;6.1&amp;apos;, java.version: &amp;apos;1.8.0_65&amp;apos;
Driver info: io.appium.java_client.android.AndroidDriver
Capabilities [{app=E:\Projects\QA_Sanity\ConsumerApp\app\Zopper.apk, networkConnectionEnabled=true, warnings={}, app-package=com.zopperapp, app-activity=com.zopper.aegon.ui.activity.SplashActivity, databaseEnabled=false, deviceName=4e8e9235, platform=LINUX, desired={app=E:\Projects\QA_Sanity\ConsumerApp\app\Zopper.apk, platformVersion=4.4, app-package=com.zopperapp, app-activity=com.zopper.aegon.ui.activity.SplashActivity, platformName=Android, deviceName=32048e16028fa1a5}, platformVersion=4.4.2, webStorageEnabled=false, locationContextEnabled=false, browserName=Android, takesScreenshot=true, javascriptEnabled=true, platformName=Android}]
Session ID: 6af0e1a3-f4a9-473f-9776-5296dc124567
*** Element info: {Using=name, value=Samsung}">
      <![CDATA[org.openqa.selenium.NoSuchElementException: An element could not be located on the page using the given search parameters. (WARNING: The server did not provide any stacktrace information)
Command duration or timeout: 20.97 seconds
For documentation on this error, please visit: http://seleniumhq.org/exceptions/no_such_element.html
Build info: version: '2.45.0', revision: '5017cb8e7ca8e37638dc3091b2440b90a1d8686f', time: '2015-02-27 09:10:26'
System info: host: 'LP-116', ip: '192.168.56.1', os.name: 'Windows 7', os.arch: 'amd64', os.version: '6.1', java.version: '1.8.0_65'
Driver info: io.appium.java_client.android.AndroidDriver
Capabilities [{app=E:\Projects\QA_Sanity\ConsumerApp\app\Zopper.apk, networkConnectionEnabled=true, warnings={}, app-package=com.zopperapp, app-activity=com.zopper.aegon.ui.activity.SplashActivity, databaseEnabled=false, deviceName=4e8e9235, platform=LINUX, desired={app=E:\Projects\QA_Sanity\ConsumerApp\app\Zopper.apk, platformVersion=4.4, app-package=com.zopperapp, app-activity=com.zopper.aegon.ui.activity.SplashActivity, platformName=Android, deviceName=32048e16028fa1a5}, platformVersion=4.4.2, webStorageEnabled=false, locationContextEnabled=false, browserName=Android, takesScreenshot=true, javascriptEnabled=true, platformName=Android}]
Session ID: 6af0e1a3-f4a9-473f-9776-5296dc124567
*** Element info: {Using=name, value=Samsung}
	at org.openqa.selenium.remote.ErrorHandler.createThrowable(ErrorHandler.java:204)
	at org.openqa.selenium.remote.ErrorHandler.throwIfResponseFailed(ErrorHandler.java:156)
	at org.openqa.selenium.remote.RemoteWebDriver.execute(RemoteWebDriver.java:599)
	at io.appium.java_client.AppiumDriver.execute(AppiumDriver.java:180)
	at org.openqa.selenium.remote.RemoteWebDriver.findElement(RemoteWebDriver.java:352)
	at org.openqa.selenium.remote.RemoteWebDriver.findElementByName(RemoteWebDriver.java:425)
	at org.openqa.selenium.By$ByName.findElement(By.java:299)
	at org.openqa.selenium.remote.RemoteWebDriver.findElement(RemoteWebDriver.java:344)
	at BugRegressionSuite.BaseTestBugRegression.findElementByName(BaseTestBugRegression.java:90)
	at BugRegressionSuite.BaseTestBugRegression.clickName(BaseTestBugRegression.java:102)
	at Functional_Scenarios.ProductDetailsScenarios.productWithFilter(ProductDetailsScenarios.java:331)
... Removed 32 stack frames]]>
    </failure>
  </testcase> <!-- productWithFilter -->
  <testcase name="removeAppliedFilter" time="26.771" classname="Functional_Scenarios.ProductDetailsScenarios"/>
  <testcase name="scrollableProductList" time="127.897" classname="Functional_Scenarios.ProductDetailsScenarios">
    <failure type="java.lang.AssertionError" message="expected [true] but found [false]">
      <![CDATA[java.lang.AssertionError: expected [true] but found [false]
	at Functional_Scenarios.ProductDetailsScenarios.scrollableProductList(ProductDetailsScenarios.java:306)
... Removed 32 stack frames]]>
    </failure>
  </testcase> <!-- scrollableProductList -->
  <testcase name="sorting" time="51.473" classname="Functional_Scenarios.ProductDetailsScenarios">
    <failure type="org.openqa.selenium.NoSuchElementException" message="An element could not be located on the page using the given search parameters. (WARNING: The server did not provide any stacktrace information)
Command duration or timeout: 20.76 seconds
For documentation on this error, please visit: http://seleniumhq.org/exceptions/no_such_element.html
Build info: version: &amp;apos;2.45.0&amp;apos;, revision: &amp;apos;5017cb8e7ca8e37638dc3091b2440b90a1d8686f&amp;apos;, time: &amp;apos;2015-02-27 09:10:26&amp;apos;
System info: host: &amp;apos;LP-116&amp;apos;, ip: &amp;apos;192.168.56.1&amp;apos;, os.name: &amp;apos;Windows 7&amp;apos;, os.arch: &amp;apos;amd64&amp;apos;, os.version: &amp;apos;6.1&amp;apos;, java.version: &amp;apos;1.8.0_65&amp;apos;
Driver info: io.appium.java_client.android.AndroidDriver
Capabilities [{app=E:\Projects\QA_Sanity\ConsumerApp\app\Zopper.apk, networkConnectionEnabled=true, warnings={}, app-package=com.zopperapp, app-activity=com.zopper.aegon.ui.activity.SplashActivity, databaseEnabled=false, deviceName=4e8e9235, platform=LINUX, desired={app=E:\Projects\QA_Sanity\ConsumerApp\app\Zopper.apk, platformVersion=4.4, app-package=com.zopperapp, app-activity=com.zopper.aegon.ui.activity.SplashActivity, platformName=Android, deviceName=32048e16028fa1a5}, platformVersion=4.4.2, webStorageEnabled=false, locationContextEnabled=false, browserName=Android, takesScreenshot=true, javascriptEnabled=true, platformName=Android}]
Session ID: fca97615-4952-4a48-b1e2-bcbe2865cd36
*** Element info: {Using=id, value=com.zopperapp.staging:id/iv_popular_cat1}">
      <![CDATA[org.openqa.selenium.NoSuchElementException: An element could not be located on the page using the given search parameters. (WARNING: The server did not provide any stacktrace information)
Command duration or timeout: 20.76 seconds
For documentation on this error, please visit: http://seleniumhq.org/exceptions/no_such_element.html
Build info: version: '2.45.0', revision: '5017cb8e7ca8e37638dc3091b2440b90a1d8686f', time: '2015-02-27 09:10:26'
System info: host: 'LP-116', ip: '192.168.56.1', os.name: 'Windows 7', os.arch: 'amd64', os.version: '6.1', java.version: '1.8.0_65'
Driver info: io.appium.java_client.android.AndroidDriver
Capabilities [{app=E:\Projects\QA_Sanity\ConsumerApp\app\Zopper.apk, networkConnectionEnabled=true, warnings={}, app-package=com.zopperapp, app-activity=com.zopper.aegon.ui.activity.SplashActivity, databaseEnabled=false, deviceName=4e8e9235, platform=LINUX, desired={app=E:\Projects\QA_Sanity\ConsumerApp\app\Zopper.apk, platformVersion=4.4, app-package=com.zopperapp, app-activity=com.zopper.aegon.ui.activity.SplashActivity, platformName=Android, deviceName=32048e16028fa1a5}, platformVersion=4.4.2, webStorageEnabled=false, locationContextEnabled=false, browserName=Android, takesScreenshot=true, javascriptEnabled=true, platformName=Android}]
Session ID: fca97615-4952-4a48-b1e2-bcbe2865cd36
*** Element info: {Using=id, value=com.zopperapp.staging:id/iv_popular_cat1}
	at org.openqa.selenium.remote.ErrorHandler.createThrowable(ErrorHandler.java:204)
	at org.openqa.selenium.remote.ErrorHandler.throwIfResponseFailed(ErrorHandler.java:156)
	at org.openqa.selenium.remote.RemoteWebDriver.execute(RemoteWebDriver.java:599)
	at io.appium.java_client.AppiumDriver.execute(AppiumDriver.java:180)
	at org.openqa.selenium.remote.RemoteWebDriver.findElement(RemoteWebDriver.java:352)
	at org.openqa.selenium.remote.RemoteWebDriver.findElementById(RemoteWebDriver.java:393)
	at org.openqa.selenium.By$ById.findElement(By.java:214)
	at org.openqa.selenium.remote.RemoteWebDriver.findElement(RemoteWebDriver.java:344)
	at BugRegressionSuite.BaseTestBugRegression.findElementById(BaseTestBugRegression.java:86)
	at BugRegressionSuite.BaseTestBugRegression.clickId(BaseTestBugRegression.java:106)
	at App_Functions.OpenAndroidPage.openAndroidPage(OpenAndroidPage.java:20)
	at Functional_Scenarios.ProductDetailsScenarios.sorting(ProductDetailsScenarios.java:391)
... Removed 32 stack frames]]>
    </failure>
  </testcase> <!-- sorting -->
</testsuite> <!-- ProductDetailsScenarios -->
