<?xml version="1.0" encoding="UTF-8"?>
<testsuite xmlns:xsi="http://www.w3.org/2001/XMLSchema-instance" xsi:schemaLocation="https://maven.apache.org/surefire/maven-surefire-plugin/xsd/surefire-test-report.xsd" name="TestSuite" time="1,226.788" tests="17" errors="0" skipped="0" failures="10">
  <properties>
    <property name="java.runtime.name" value="Java(TM) SE Runtime Environment"/>
    <property name="sun.boot.library.path" value="C:\Program Files\Java\jre1.8.0_65\bin"/>
    <property name="java.vm.version" value="25.65-b01"/>
    <property name="java.vm.vendor" value="Oracle Corporation"/>
    <property name="maven.multiModuleProjectDirectory" value="E:\Projects\QA_Sanity\ConsumerApp"/>
    <property name="java.vendor.url" value="http://java.oracle.com/"/>
    <property name="path.separator" value=";"/>
    <property name="guice.disable.misplaced.annotation.check" value="true"/>
    <property name="java.vm.name" value="Java HotSpot(TM) 64-Bit Server VM"/>
    <property name="file.encoding.pkg" value="sun.io"/>
    <property name="user.script" value=""/>
    <property name="user.country" value="US"/>
    <property name="sun.java.launcher" value="SUN_STANDARD"/>
    <property name="sun.os.patch.level" value=""/>
    <property name="java.vm.specification.name" value="Java Virtual Machine Specification"/>
    <property name="user.dir" value="E:\Projects\QA_Sanity\ConsumerApp"/>
    <property name="java.runtime.version" value="1.8.0_65-b17"/>
    <property name="java.awt.graphicsenv" value="sun.awt.Win32GraphicsEnvironment"/>
    <property name="java.endorsed.dirs" value="C:\Program Files\Java\jre1.8.0_65\lib\endorsed"/>
    <property name="os.arch" value="amd64"/>
    <property name="java.io.tmpdir" value="C:\Users\zopper\AppData\Local\Temp\"/>
    <property name="line.separator" value="&#10;"/>
    <property name="java.vm.specification.vendor" value="Oracle Corporation"/>
    <property name="user.variant" value=""/>
    <property name="os.name" value="Windows 7"/>
    <property name="classworlds.conf" value="C:\Users\zopper\workspace\.metadata\.plugins\org.eclipse.m2e.launching\launches\m2conf7561455744522986698.tmp"/>
    <property name="sun.jnu.encoding" value="Cp1252"/>
    <property name="java.library.path" value="C:\Program Files\Java\jre1.8.0_65\bin;C:\Windows\Sun\Java\bin;C:\Windows\system32;C:\Windows;C:/Program Files/Java/jre1.8.0_65/bin/server;C:/Program Files/Java/jre1.8.0_65/bin;C:/Program Files/Java/jre1.8.0_65/lib/amd64;C:\ProgramData\Oracle\Java\javapath;C:\Windows\system32;C:\Windows;C:\Windows\System32\Wbem;C:\Windows\System32\WindowsPowerShell\v1.0\;C:\Program Files\Java\jre1.8.0_60\bin;C:\Program Files (x86)\Skype\Phone\;D:\adt-bundle-windows\sdk\tools;D:\adt-bundle-windows\sdk\platform-tools;D:\apache-ant-1.9.6/bin;C:\Program Files (x86)\Tesseract-OCR;C:\Program Files (x86)\Google\Chrome\Application;C:\ProgramData\Oracle\Java\javapath;C:\Windows\system32;C:\Windows;C:\Windows\System32\Wbem;C:\Windows\System32\WindowsPowerShell\v1.0\;C:\Program Files\Java\jre1.8.0_60\bin;C:\Program Files (x86)\Skype\Phone\;D:\adt-bundle-windows\sdk\tools;D:\adt-bundle-windows\sdk\platform-tools;D:\apache-ant-1.9.6/bin;D:\output\eclipse;;."/>
    <property name="java.specification.name" value="Java Platform API Specification"/>
    <property name="java.class.version" value="52.0"/>
    <property name="sun.management.compiler" value="HotSpot 64-Bit Tiered Compilers"/>
    <property name="os.version" value="6.1"/>
    <property name="user.home" value="C:\Users\zopper"/>
    <property name="user.timezone" value="Asia/Calcutta"/>
    <property name="java.awt.printerjob" value="sun.awt.windows.WPrinterJob"/>
    <property name="java.specification.version" value="1.8"/>
    <property name="file.encoding" value="Cp1252"/>
    <property name="user.name" value="zopper"/>
    <property name="java.class.path" value="/D:/output/eclipse/plugins/org.eclipse.m2e.maven.runtime_1.6.2.20150902-0001/jars/plexus-classworlds-2.5.2.jar"/>
    <property name="java.vm.specification.version" value="1.8"/>
    <property name="sun.arch.data.model" value="64"/>
    <property name="java.home" value="C:\Program Files\Java\jre1.8.0_65"/>
    <property name="sun.java.command" value="org.codehaus.plexus.classworlds.launcher.Launcher -B test"/>
    <property name="java.specification.vendor" value="Oracle Corporation"/>
    <property name="user.language" value="en"/>
    <property name="awt.toolkit" value="sun.awt.windows.WToolkit"/>
    <property name="java.vm.info" value="mixed mode"/>
    <property name="java.version" value="1.8.0_65"/>
    <property name="java.ext.dirs" value="C:\Program Files\Java\jre1.8.0_65\lib\ext;C:\Windows\Sun\Java\lib\ext"/>
    <property name="sun.boot.class.path" value="C:\Program Files\Java\jre1.8.0_65\lib\resources.jar;C:\Program Files\Java\jre1.8.0_65\lib\rt.jar;C:\Program Files\Java\jre1.8.0_65\lib\sunrsasign.jar;C:\Program Files\Java\jre1.8.0_65\lib\jsse.jar;C:\Program Files\Java\jre1.8.0_65\lib\jce.jar;C:\Program Files\Java\jre1.8.0_65\lib\charsets.jar;C:\Program Files\Java\jre1.8.0_65\lib\jfr.jar;C:\Program Files\Java\jre1.8.0_65\classes"/>
    <property name="java.vendor" value="Oracle Corporation"/>
    <property name="maven.home" value="E:\Projects\QA_Sanity\ConsumerApp\EMBEDDED"/>
    <property name="file.separator" value="\"/>
    <property name="java.vendor.url.bug" value="http://bugreport.sun.com/bugreport/"/>
    <property name="sun.cpu.endian" value="little"/>
    <property name="sun.io.unicode.encoding" value="UnicodeLittle"/>
    <property name="sun.desktop" value="windows"/>
    <property name="sun.cpu.isalist" value="amd64"/>
  </properties>
  <testcase name="executeTestCase" classname="BugRegressionSuite.ForgotPasswordScreen_SNo_26" time="18.64"/>
  <testcase name="executeTestCase" classname="BugRegressionSuite.UserNameTapping_SNo_32" time="26.903"/>
  <testcase name="executeTestCase" classname="BugRegressionSuite.ForgotPassword_Sno_36" time="28.912"/>
  <testcase name="executeTestCase" classname="BugRegressionSuite.ProductConnectionIssue" time="56.652">
    <failure message="An element could not be located on the page using the given search parameters. (WARNING: The server did not provide any stacktrace information)&#10;Command duration or timeout: 20.65 seconds&#10;For documentation on this error, please visit: http://seleniumhq.org/exceptions/no_such_element.html&#10;Build info: version: &apos;2.45.0&apos;, revision: &apos;5017cb8e7ca8e37638dc3091b2440b90a1d8686f&apos;, time: &apos;2015-02-27 09:10:26&apos;&#10;System info: host: &apos;LP-116&apos;, ip: &apos;192.168.56.1&apos;, os.name: &apos;Windows 7&apos;, os.arch: &apos;amd64&apos;, os.version: &apos;6.1&apos;, java.version: &apos;1.8.0_65&apos;&#10;Driver info: io.appium.java_client.android.AndroidDriver&#10;Capabilities [{app=E:\Projects\QA_Sanity\ConsumerApp\app\app-staging-debug-13100.apk, networkConnectionEnabled=true, warnings={}, app-package=com.zopperapp.staging, app-activity=com.zopper.aegon.ui.activity.OnBoardingActivity, databaseEnabled=false, deviceName=4e8e9235, platform=LINUX, desired={app=E:\Projects\QA_Sanity\ConsumerApp\app\app-staging-debug-13100.apk, platformVersion=4.4, app-package=com.zopperapp.staging, app-activity=com.zopper.aegon.ui.activity.OnBoardingActivity, platformName=Android, deviceName=32048e16028fa1a5}, platformVersion=4.4.2, webStorageEnabled=false, locationContextEnabled=false, browserName=Android, takesScreenshot=true, javascriptEnabled=true, platformName=Android}]&#10;Session ID: d6977d5f-8a4c-4074-a7ec-13e675faab6e&#10;*** Element info: {Using=name, value=Micromax 32T7250 32 Inch HD Ready LED TV}" type="org.openqa.selenium.NoSuchElementException">org.openqa.selenium.NoSuchElementException: 
An element could not be located on the page using the given search parameters. (WARNING: The server did not provide any stacktrace information)
Command duration or timeout: 20.65 seconds
For documentation on this error, please visit: http://seleniumhq.org/exceptions/no_such_element.html
Build info: version: '2.45.0', revision: '5017cb8e7ca8e37638dc3091b2440b90a1d8686f', time: '2015-02-27 09:10:26'
System info: host: 'LP-116', ip: '192.168.56.1', os.name: 'Windows 7', os.arch: 'amd64', os.version: '6.1', java.version: '1.8.0_65'
Driver info: io.appium.java_client.android.AndroidDriver
Capabilities [{app=E:\Projects\QA_Sanity\ConsumerApp\app\app-staging-debug-13100.apk, networkConnectionEnabled=true, warnings={}, app-package=com.zopperapp.staging, app-activity=com.zopper.aegon.ui.activity.OnBoardingActivity, databaseEnabled=false, deviceName=4e8e9235, platform=LINUX, desired={app=E:\Projects\QA_Sanity\ConsumerApp\app\app-staging-debug-13100.apk, platformVersion=4.4, app-package=com.zopperapp.staging, app-activity=com.zopper.aegon.ui.activity.OnBoardingActivity, platformName=Android, deviceName=32048e16028fa1a5}, platformVersion=4.4.2, webStorageEnabled=false, locationContextEnabled=false, browserName=Android, takesScreenshot=true, javascriptEnabled=true, platformName=Android}]
Session ID: d6977d5f-8a4c-4074-a7ec-13e675faab6e
*** Element info: {Using=name, value=Micromax 32T7250 32 Inch HD Ready LED TV}
	at BugRegressionSuite.ProductConnectionIssue.executeTestCase(ProductConnectionIssue.java:24)
</failure>
    <system-out><![CDATA[ Initializing Drivers for Class :ProductConnectionIssue
Staging build
trying to initialise drivers
hello
]]></system-out>
    <system-err><![CDATA[org.openqa.selenium.NoSuchElementException: An element could not be located on the page using the given search parameters. (WARNING: The server did not provide any stacktrace information)
Command duration or timeout: 20.65 seconds
For documentation on this error, please visit: http://seleniumhq.org/exceptions/no_such_element.html
Build info: version: '2.45.0', revision: '5017cb8e7ca8e37638dc3091b2440b90a1d8686f', time: '2015-02-27 09:10:26'
System info: host: 'LP-116', ip: '192.168.56.1', os.name: 'Windows 7', os.arch: 'amd64', os.version: '6.1', java.version: '1.8.0_65'
Driver info: io.appium.java_client.android.AndroidDriver
Capabilities [{app=E:\Projects\QA_Sanity\ConsumerApp\app\app-staging-debug-13100.apk, networkConnectionEnabled=true, warnings={}, app-package=com.zopperapp.staging, app-activity=com.zopper.aegon.ui.activity.OnBoardingActivity, databaseEnabled=false, deviceName=4e8e9235, platform=LINUX, desired={app=E:\Projects\QA_Sanity\ConsumerApp\app\app-staging-debug-13100.apk, platformVersion=4.4, app-package=com.zopperapp.staging, app-activity=com.zopper.aegon.ui.activity.OnBoardingActivity, platformName=Android, deviceName=32048e16028fa1a5}, platformVersion=4.4.2, webStorageEnabled=false, locationContextEnabled=false, browserName=Android, takesScreenshot=true, javascriptEnabled=true, platformName=Android}]
Session ID: d6977d5f-8a4c-4074-a7ec-13e675faab6e
*** Element info: {Using=name, value=Micromax 32T7250 32 Inch HD Ready LED TV}
	at sun.reflect.NativeConstructorAccessorImpl.newInstance0(Native Method)
	at sun.reflect.NativeConstructorAccessorImpl.newInstance(Unknown Source)
	at sun.reflect.DelegatingConstructorAccessorImpl.newInstance(Unknown Source)
	at java.lang.reflect.Constructor.newInstance(Unknown Source)
	at org.openqa.selenium.remote.ErrorHandler.createThrowable(ErrorHandler.java:204)
	at org.openqa.selenium.remote.ErrorHandler.throwIfResponseFailed(ErrorHandler.java:156)
	at org.openqa.selenium.remote.RemoteWebDriver.execute(RemoteWebDriver.java:599)
	at io.appium.java_client.AppiumDriver.execute(AppiumDriver.java:180)
	at org.openqa.selenium.remote.RemoteWebDriver.findElement(RemoteWebDriver.java:352)
	at org.openqa.selenium.remote.RemoteWebDriver.findElementByName(RemoteWebDriver.java:425)
	at org.openqa.selenium.By$ByName.findElement(By.java:299)
	at org.openqa.selenium.remote.RemoteWebDriver.findElement(RemoteWebDriver.java:344)
	at BugRegressionSuite.BaseTestBugRegression.findElementByName(BaseTestBugRegression.java:90)
	at BugRegressionSuite.BaseTestBugRegression.clickName(BaseTestBugRegression.java:102)
	at BugRegressionSuite.ProductConnectionIssue.executeTestCase(ProductConnectionIssue.java:24)
	at sun.reflect.NativeMethodAccessorImpl.invoke0(Native Method)
	at sun.reflect.NativeMethodAccessorImpl.invoke(Unknown Source)
	at sun.reflect.DelegatingMethodAccessorImpl.invoke(Unknown Source)
	at java.lang.reflect.Method.invoke(Unknown Source)
	at org.testng.internal.MethodInvocationHelper.invokeMethod(MethodInvocationHelper.java:86)
	at org.testng.internal.Invoker.invokeMethod(Invoker.java:643)
	at org.testng.internal.Invoker.invokeTestMethod(Invoker.java:820)
	at org.testng.internal.Invoker.invokeTestMethods(Invoker.java:1128)
	at org.testng.internal.TestMethodWorker.invokeTestMethods(TestMethodWorker.java:129)
	at org.testng.internal.TestMethodWorker.run(TestMethodWorker.java:112)
	at org.testng.TestRunner.privateRun(TestRunner.java:782)
	at org.testng.TestRunner.run(TestRunner.java:632)
	at org.testng.SuiteRunner.runTest(SuiteRunner.java:366)
	at org.testng.SuiteRunner.runSequentially(SuiteRunner.java:361)
	at org.testng.SuiteRunner.privateRun(SuiteRunner.java:319)
	at org.testng.SuiteRunner.run(SuiteRunner.java:268)
	at org.testng.SuiteRunnerWorker.runSuite(SuiteRunnerWorker.java:52)
	at org.testng.SuiteRunnerWorker.run(SuiteRunnerWorker.java:86)
	at org.testng.TestNG.runSuitesSequentially(TestNG.java:1244)
	at org.testng.TestNG.runSuitesSequentially(TestNG.java:1240)
	at org.testng.TestNG.runSuitesLocally(TestNG.java:1169)
	at org.testng.TestNG.run(TestNG.java:1064)
	at org.apache.maven.surefire.testng.TestNGExecutor.run(TestNGExecutor.java:281)
	at org.apache.maven.surefire.testng.TestNGXmlTestSuite.execute(TestNGXmlTestSuite.java:75)
	at org.apache.maven.surefire.testng.TestNGProvider.invoke(TestNGProvider.java:121)
	at org.apache.maven.surefire.booter.ForkedBooter.invokeProviderInSameClassLoader(ForkedBooter.java:290)
	at org.apache.maven.surefire.booter.ForkedBooter.runSuitesInProcess(ForkedBooter.java:242)
	at org.apache.maven.surefire.booter.ForkedBooter.main(ForkedBooter.java:121)
Jan 08, 2016 5:04:40 PM org.openqa.selenium.remote.Augmenter extractRemoteWebDriver
WARNING: Augmenter should be applied to the instances of @Augmentable classes or previously augmented instances only
]]></system-err>
  </testcase>
  <testcase name="executeTestCase" classname="BugRegressionSuite.CheckoutErrorOnCart" time="54.938"/>
  <testcase name="executeTestCase" classname="Functional_Scenarios.CartScenarios" time="62.159">
    <failure message="An element could not be located on the page using the given search parameters. (WARNING: The server did not provide any stacktrace information)&#10;Command duration or timeout: 20.44 seconds&#10;For documentation on this error, please visit: http://seleniumhq.org/exceptions/no_such_element.html&#10;Build info: version: &apos;2.45.0&apos;, revision: &apos;5017cb8e7ca8e37638dc3091b2440b90a1d8686f&apos;, time: &apos;2015-02-27 09:10:26&apos;&#10;System info: host: &apos;LP-116&apos;, ip: &apos;192.168.56.1&apos;, os.name: &apos;Windows 7&apos;, os.arch: &apos;amd64&apos;, os.version: &apos;6.1&apos;, java.version: &apos;1.8.0_65&apos;&#10;Driver info: io.appium.java_client.android.AndroidDriver&#10;Capabilities [{app=E:\Projects\QA_Sanity\ConsumerApp\app\Zopper.apk, networkConnectionEnabled=true, warnings={}, app-package=com.zopperapp, app-activity=com.zopper.aegon.ui.activity.SplashActivity, databaseEnabled=false, deviceName=4e8e9235, platform=LINUX, desired={app=E:\Projects\QA_Sanity\ConsumerApp\app\Zopper.apk, platformVersion=4.4, app-package=com.zopperapp, app-activity=com.zopper.aegon.ui.activity.SplashActivity, platformName=Android, deviceName=32048e16028fa1a5}, platformVersion=4.4.2, webStorageEnabled=false, locationContextEnabled=false, browserName=Android, takesScreenshot=true, javascriptEnabled=true, platformName=Android}]&#10;Session ID: 749ed68a-882e-46d3-9720-c6e19d2100ec&#10;*** Element info: {Using=name, value=Buy Now}" type="org.openqa.selenium.NoSuchElementException">org.openqa.selenium.NoSuchElementException: 
An element could not be located on the page using the given search parameters. (WARNING: The server did not provide any stacktrace information)
Command duration or timeout: 20.44 seconds
For documentation on this error, please visit: http://seleniumhq.org/exceptions/no_such_element.html
Build info: version: '2.45.0', revision: '5017cb8e7ca8e37638dc3091b2440b90a1d8686f', time: '2015-02-27 09:10:26'
System info: host: 'LP-116', ip: '192.168.56.1', os.name: 'Windows 7', os.arch: 'amd64', os.version: '6.1', java.version: '1.8.0_65'
Driver info: io.appium.java_client.android.AndroidDriver
Capabilities [{app=E:\Projects\QA_Sanity\ConsumerApp\app\Zopper.apk, networkConnectionEnabled=true, warnings={}, app-package=com.zopperapp, app-activity=com.zopper.aegon.ui.activity.SplashActivity, databaseEnabled=false, deviceName=4e8e9235, platform=LINUX, desired={app=E:\Projects\QA_Sanity\ConsumerApp\app\Zopper.apk, platformVersion=4.4, app-package=com.zopperapp, app-activity=com.zopper.aegon.ui.activity.SplashActivity, platformName=Android, deviceName=32048e16028fa1a5}, platformVersion=4.4.2, webStorageEnabled=false, locationContextEnabled=false, browserName=Android, takesScreenshot=true, javascriptEnabled=true, platformName=Android}]
Session ID: 749ed68a-882e-46d3-9720-c6e19d2100ec
*** Element info: {Using=name, value=Buy Now}
	at Functional_Scenarios.CartScenarios.executeTestCase(CartScenarios.java:36)
</failure>
    <system-out><![CDATA[ Initializing Drivers for Class :CartScenarios
Production build
trying to initialise drivers
hello
Mobiles and Tablets
]]></system-out>
    <system-err><![CDATA[org.openqa.selenium.NoSuchElementException: An element could not be located on the page using the given search parameters. (WARNING: The server did not provide any stacktrace information)
Command duration or timeout: 20.44 seconds
For documentation on this error, please visit: http://seleniumhq.org/exceptions/no_such_element.html
Build info: version: '2.45.0', revision: '5017cb8e7ca8e37638dc3091b2440b90a1d8686f', time: '2015-02-27 09:10:26'
System info: host: 'LP-116', ip: '192.168.56.1', os.name: 'Windows 7', os.arch: 'amd64', os.version: '6.1', java.version: '1.8.0_65'
Driver info: io.appium.java_client.android.AndroidDriver
Capabilities [{app=E:\Projects\QA_Sanity\ConsumerApp\app\Zopper.apk, networkConnectionEnabled=true, warnings={}, app-package=com.zopperapp, app-activity=com.zopper.aegon.ui.activity.SplashActivity, databaseEnabled=false, deviceName=4e8e9235, platform=LINUX, desired={app=E:\Projects\QA_Sanity\ConsumerApp\app\Zopper.apk, platformVersion=4.4, app-package=com.zopperapp, app-activity=com.zopper.aegon.ui.activity.SplashActivity, platformName=Android, deviceName=32048e16028fa1a5}, platformVersion=4.4.2, webStorageEnabled=false, locationContextEnabled=false, browserName=Android, takesScreenshot=true, javascriptEnabled=true, platformName=Android}]
Session ID: 749ed68a-882e-46d3-9720-c6e19d2100ec
*** Element info: {Using=name, value=Buy Now}
	at sun.reflect.NativeConstructorAccessorImpl.newInstance0(Native Method)
	at sun.reflect.NativeConstructorAccessorImpl.newInstance(Unknown Source)
	at sun.reflect.DelegatingConstructorAccessorImpl.newInstance(Unknown Source)
	at java.lang.reflect.Constructor.newInstance(Unknown Source)
	at org.openqa.selenium.remote.ErrorHandler.createThrowable(ErrorHandler.java:204)
	at org.openqa.selenium.remote.ErrorHandler.throwIfResponseFailed(ErrorHandler.java:156)
	at org.openqa.selenium.remote.RemoteWebDriver.execute(RemoteWebDriver.java:599)
	at io.appium.java_client.AppiumDriver.execute(AppiumDriver.java:180)
	at org.openqa.selenium.remote.RemoteWebDriver.findElement(RemoteWebDriver.java:352)
	at org.openqa.selenium.remote.RemoteWebDriver.findElementByName(RemoteWebDriver.java:425)
	at org.openqa.selenium.By$ByName.findElement(By.java:299)
	at org.openqa.selenium.remote.RemoteWebDriver.findElement(RemoteWebDriver.java:344)
	at BugRegressionSuite.BaseTestBugRegression.findElementByName(BaseTestBugRegression.java:90)
	at BugRegressionSuite.BaseTestBugRegression.clickName(BaseTestBugRegression.java:102)
	at Functional_Scenarios.CartScenarios.executeTestCase(CartScenarios.java:36)
	at sun.reflect.NativeMethodAccessorImpl.invoke0(Native Method)
	at sun.reflect.NativeMethodAccessorImpl.invoke(Unknown Source)
	at sun.reflect.DelegatingMethodAccessorImpl.invoke(Unknown Source)
	at java.lang.reflect.Method.invoke(Unknown Source)
	at org.testng.internal.MethodInvocationHelper.invokeMethod(MethodInvocationHelper.java:86)
	at org.testng.internal.Invoker.invokeMethod(Invoker.java:643)
	at org.testng.internal.Invoker.invokeTestMethod(Invoker.java:820)
	at org.testng.internal.Invoker.invokeTestMethods(Invoker.java:1128)
	at org.testng.internal.TestMethodWorker.invokeTestMethods(TestMethodWorker.java:129)
	at org.testng.internal.TestMethodWorker.run(TestMethodWorker.java:112)
	at org.testng.TestRunner.privateRun(TestRunner.java:782)
	at org.testng.TestRunner.run(TestRunner.java:632)
	at org.testng.SuiteRunner.runTest(SuiteRunner.java:366)
	at org.testng.SuiteRunner.runSequentially(SuiteRunner.java:361)
	at org.testng.SuiteRunner.privateRun(SuiteRunner.java:319)
	at org.testng.SuiteRunner.run(SuiteRunner.java:268)
	at org.testng.SuiteRunnerWorker.runSuite(SuiteRunnerWorker.java:52)
	at org.testng.SuiteRunnerWorker.run(SuiteRunnerWorker.java:86)
	at org.testng.TestNG.runSuitesSequentially(TestNG.java:1244)
	at org.testng.TestNG.runSuitesSequentially(TestNG.java:1240)
	at org.testng.TestNG.runSuitesLocally(TestNG.java:1169)
	at org.testng.TestNG.run(TestNG.java:1064)
	at org.apache.maven.surefire.testng.TestNGExecutor.run(TestNGExecutor.java:281)
	at org.apache.maven.surefire.testng.TestNGXmlTestSuite.execute(TestNGXmlTestSuite.java:75)
	at org.apache.maven.surefire.testng.TestNGProvider.invoke(TestNGProvider.java:121)
	at org.apache.maven.surefire.booter.ForkedBooter.invokeProviderInSameClassLoader(ForkedBooter.java:290)
	at org.apache.maven.surefire.booter.ForkedBooter.runSuitesInProcess(ForkedBooter.java:242)
	at org.apache.maven.surefire.booter.ForkedBooter.main(ForkedBooter.java:121)
Jan 08, 2016 5:07:42 PM org.openqa.selenium.remote.Augmenter extractRemoteWebDriver
WARNING: Augmenter should be applied to the instances of @Augmentable classes or previously augmented instances only
]]></system-err>
  </testcase>
  <testcase name="exchangeFunctionality" classname="Functional_Scenarios.ProductDetailsScenarios" time="31.594">
    <failure message="An element could not be located on the page using the given search parameters. (WARNING: The server did not provide any stacktrace information)&#10;Command duration or timeout: 20.91 seconds&#10;For documentation on this error, please visit: http://seleniumhq.org/exceptions/no_such_element.html&#10;Build info: version: &apos;2.45.0&apos;, revision: &apos;5017cb8e7ca8e37638dc3091b2440b90a1d8686f&apos;, time: &apos;2015-02-27 09:10:26&apos;&#10;System info: host: &apos;LP-116&apos;, ip: &apos;192.168.56.1&apos;, os.name: &apos;Windows 7&apos;, os.arch: &apos;amd64&apos;, os.version: &apos;6.1&apos;, java.version: &apos;1.8.0_65&apos;&#10;Driver info: io.appium.java_client.android.AndroidDriver&#10;Capabilities [{app=E:\Projects\QA_Sanity\ConsumerApp\app\Zopper.apk, networkConnectionEnabled=true, warnings={}, app-package=com.zopperapp, app-activity=com.zopper.aegon.ui.activity.SplashActivity, databaseEnabled=false, deviceName=4e8e9235, platform=LINUX, desired={app=E:\Projects\QA_Sanity\ConsumerApp\app\Zopper.apk, platformVersion=4.4, app-package=com.zopperapp, app-activity=com.zopper.aegon.ui.activity.SplashActivity, platformName=Android, deviceName=32048e16028fa1a5}, platformVersion=4.4.2, webStorageEnabled=false, locationContextEnabled=false, browserName=Android, takesScreenshot=true, javascriptEnabled=true, platformName=Android}]&#10;Session ID: f0ba3ee0-ee25-4de7-9ed3-383eca92b351&#10;*** Element info: {Using=id, value=com.zopperapp.staging:id/tv_drawer_signup_title}" type="org.openqa.selenium.NoSuchElementException">org.openqa.selenium.NoSuchElementException: 
An element could not be located on the page using the given search parameters. (WARNING: The server did not provide any stacktrace information)
Command duration or timeout: 20.91 seconds
For documentation on this error, please visit: http://seleniumhq.org/exceptions/no_such_element.html
Build info: version: '2.45.0', revision: '5017cb8e7ca8e37638dc3091b2440b90a1d8686f', time: '2015-02-27 09:10:26'
System info: host: 'LP-116', ip: '192.168.56.1', os.name: 'Windows 7', os.arch: 'amd64', os.version: '6.1', java.version: '1.8.0_65'
Driver info: io.appium.java_client.android.AndroidDriver
Capabilities [{app=E:\Projects\QA_Sanity\ConsumerApp\app\Zopper.apk, networkConnectionEnabled=true, warnings={}, app-package=com.zopperapp, app-activity=com.zopper.aegon.ui.activity.SplashActivity, databaseEnabled=false, deviceName=4e8e9235, platform=LINUX, desired={app=E:\Projects\QA_Sanity\ConsumerApp\app\Zopper.apk, platformVersion=4.4, app-package=com.zopperapp, app-activity=com.zopper.aegon.ui.activity.SplashActivity, platformName=Android, deviceName=32048e16028fa1a5}, platformVersion=4.4.2, webStorageEnabled=false, locationContextEnabled=false, browserName=Android, takesScreenshot=true, javascriptEnabled=true, platformName=Android}]
Session ID: f0ba3ee0-ee25-4de7-9ed3-383eca92b351
*** Element info: {Using=id, value=com.zopperapp.staging:id/tv_drawer_signup_title}
	at Functional_Scenarios.ProductDetailsScenarios.exchangeFunctionality(ProductDetailsScenarios.java:553)
</failure>
    <system-out><![CDATA[ Initializing Drivers for Class :ProductDetailsScenarios
Production build
trying to initialise drivers
hello
]]></system-out>
    <system-err><![CDATA[org.openqa.selenium.NoSuchElementException: An element could not be located on the page using the given search parameters. (WARNING: The server did not provide any stacktrace information)
Command duration or timeout: 20.91 seconds
For documentation on this error, please visit: http://seleniumhq.org/exceptions/no_such_element.html
Build info: version: '2.45.0', revision: '5017cb8e7ca8e37638dc3091b2440b90a1d8686f', time: '2015-02-27 09:10:26'
System info: host: 'LP-116', ip: '192.168.56.1', os.name: 'Windows 7', os.arch: 'amd64', os.version: '6.1', java.version: '1.8.0_65'
Driver info: io.appium.java_client.android.AndroidDriver
Capabilities [{app=E:\Projects\QA_Sanity\ConsumerApp\app\Zopper.apk, networkConnectionEnabled=true, warnings={}, app-package=com.zopperapp, app-activity=com.zopper.aegon.ui.activity.SplashActivity, databaseEnabled=false, deviceName=4e8e9235, platform=LINUX, desired={app=E:\Projects\QA_Sanity\ConsumerApp\app\Zopper.apk, platformVersion=4.4, app-package=com.zopperapp, app-activity=com.zopper.aegon.ui.activity.SplashActivity, platformName=Android, deviceName=32048e16028fa1a5}, platformVersion=4.4.2, webStorageEnabled=false, locationContextEnabled=false, browserName=Android, takesScreenshot=true, javascriptEnabled=true, platformName=Android}]
Session ID: f0ba3ee0-ee25-4de7-9ed3-383eca92b351
*** Element info: {Using=id, value=com.zopperapp.staging:id/tv_drawer_signup_title}
	at sun.reflect.NativeConstructorAccessorImpl.newInstance0(Native Method)
	at sun.reflect.NativeConstructorAccessorImpl.newInstance(Unknown Source)
	at sun.reflect.DelegatingConstructorAccessorImpl.newInstance(Unknown Source)
	at java.lang.reflect.Constructor.newInstance(Unknown Source)
	at org.openqa.selenium.remote.ErrorHandler.createThrowable(ErrorHandler.java:204)
	at org.openqa.selenium.remote.ErrorHandler.throwIfResponseFailed(ErrorHandler.java:156)
	at org.openqa.selenium.remote.RemoteWebDriver.execute(RemoteWebDriver.java:599)
	at io.appium.java_client.AppiumDriver.execute(AppiumDriver.java:180)
	at org.openqa.selenium.remote.RemoteWebDriver.findElement(RemoteWebDriver.java:352)
	at org.openqa.selenium.remote.RemoteWebDriver.findElementById(RemoteWebDriver.java:393)
	at org.openqa.selenium.By$ById.findElement(By.java:214)
	at org.openqa.selenium.remote.RemoteWebDriver.findElement(RemoteWebDriver.java:344)
	at BugRegressionSuite.BaseTestBugRegression.findElementById(BaseTestBugRegression.java:86)
	at BugRegressionSuite.BaseTestBugRegression.clickId(BaseTestBugRegression.java:106)
	at App_Functions.OpenLoginPage.openLoginPage(OpenLoginPage.java:13)
	at Functional_Scenarios.ProductDetailsScenarios.exchangeFunctionality(ProductDetailsScenarios.java:553)
	at sun.reflect.NativeMethodAccessorImpl.invoke0(Native Method)
	at sun.reflect.NativeMethodAccessorImpl.invoke(Unknown Source)
	at sun.reflect.DelegatingMethodAccessorImpl.invoke(Unknown Source)
	at java.lang.reflect.Method.invoke(Unknown Source)
	at org.testng.internal.MethodInvocationHelper.invokeMethod(MethodInvocationHelper.java:86)
	at org.testng.internal.Invoker.invokeMethod(Invoker.java:643)
	at org.testng.internal.Invoker.invokeTestMethod(Invoker.java:820)
	at org.testng.internal.Invoker.invokeTestMethods(Invoker.java:1128)
	at org.testng.internal.TestMethodWorker.invokeTestMethods(TestMethodWorker.java:129)
	at org.testng.internal.TestMethodWorker.run(TestMethodWorker.java:112)
	at org.testng.TestRunner.privateRun(TestRunner.java:782)
	at org.testng.TestRunner.run(TestRunner.java:632)
	at org.testng.SuiteRunner.runTest(SuiteRunner.java:366)
	at org.testng.SuiteRunner.runSequentially(SuiteRunner.java:361)
	at org.testng.SuiteRunner.privateRun(SuiteRunner.java:319)
	at org.testng.SuiteRunner.run(SuiteRunner.java:268)
	at org.testng.SuiteRunnerWorker.runSuite(SuiteRunnerWorker.java:52)
	at org.testng.SuiteRunnerWorker.run(SuiteRunnerWorker.java:86)
	at org.testng.TestNG.runSuitesSequentially(TestNG.java:1244)
	at org.testng.TestNG.runSuitesSequentially(TestNG.java:1240)
	at org.testng.TestNG.runSuitesLocally(TestNG.java:1169)
	at org.testng.TestNG.run(TestNG.java:1064)
	at org.apache.maven.surefire.testng.TestNGExecutor.run(TestNGExecutor.java:281)
	at org.apache.maven.surefire.testng.TestNGXmlTestSuite.execute(TestNGXmlTestSuite.java:75)
	at org.apache.maven.surefire.testng.TestNGProvider.invoke(TestNGProvider.java:121)
	at org.apache.maven.surefire.booter.ForkedBooter.invokeProviderInSameClassLoader(ForkedBooter.java:290)
	at org.apache.maven.surefire.booter.ForkedBooter.runSuitesInProcess(ForkedBooter.java:242)
	at org.apache.maven.surefire.booter.ForkedBooter.main(ForkedBooter.java:121)
Jan 08, 2016 5:08:31 PM org.openqa.selenium.remote.Augmenter extractRemoteWebDriver
WARNING: Augmenter should be applied to the instances of @Augmentable classes or previously augmented instances only
]]></system-err>
  </testcase>
  <testcase name="executeTestCase" classname="Functional_Scenarios.ProductDetailsScenarios" time="50.478">
    <failure message="An element could not be located on the page using the given search parameters. (WARNING: The server did not provide any stacktrace information)&#10;Command duration or timeout: 20.20 seconds&#10;For documentation on this error, please visit: http://seleniumhq.org/exceptions/no_such_element.html&#10;Build info: version: &apos;2.45.0&apos;, revision: &apos;5017cb8e7ca8e37638dc3091b2440b90a1d8686f&apos;, time: &apos;2015-02-27 09:10:26&apos;&#10;System info: host: &apos;LP-116&apos;, ip: &apos;192.168.56.1&apos;, os.name: &apos;Windows 7&apos;, os.arch: &apos;amd64&apos;, os.version: &apos;6.1&apos;, java.version: &apos;1.8.0_65&apos;&#10;Driver info: io.appium.java_client.android.AndroidDriver&#10;Capabilities [{app=E:\Projects\QA_Sanity\ConsumerApp\app\Zopper.apk, networkConnectionEnabled=true, warnings={}, app-package=com.zopperapp, app-activity=com.zopper.aegon.ui.activity.SplashActivity, databaseEnabled=false, deviceName=4e8e9235, platform=LINUX, desired={app=E:\Projects\QA_Sanity\ConsumerApp\app\Zopper.apk, platformVersion=4.4, app-package=com.zopperapp, app-activity=com.zopper.aegon.ui.activity.SplashActivity, platformName=Android, deviceName=32048e16028fa1a5}, platformVersion=4.4.2, webStorageEnabled=false, locationContextEnabled=false, browserName=Android, takesScreenshot=true, javascriptEnabled=true, platformName=Android}]&#10;Session ID: c8197fb1-e228-41d4-9b00-cf054c4f46b8&#10;*** Element info: {Using=id, value=com.zopperapp:id/tv_product_title}" type="org.openqa.selenium.NoSuchElementException">org.openqa.selenium.NoSuchElementException: 
An element could not be located on the page using the given search parameters. (WARNING: The server did not provide any stacktrace information)
Command duration or timeout: 20.20 seconds
For documentation on this error, please visit: http://seleniumhq.org/exceptions/no_such_element.html
Build info: version: '2.45.0', revision: '5017cb8e7ca8e37638dc3091b2440b90a1d8686f', time: '2015-02-27 09:10:26'
System info: host: 'LP-116', ip: '192.168.56.1', os.name: 'Windows 7', os.arch: 'amd64', os.version: '6.1', java.version: '1.8.0_65'
Driver info: io.appium.java_client.android.AndroidDriver
Capabilities [{app=E:\Projects\QA_Sanity\ConsumerApp\app\Zopper.apk, networkConnectionEnabled=true, warnings={}, app-package=com.zopperapp, app-activity=com.zopper.aegon.ui.activity.SplashActivity, databaseEnabled=false, deviceName=4e8e9235, platform=LINUX, desired={app=E:\Projects\QA_Sanity\ConsumerApp\app\Zopper.apk, platformVersion=4.4, app-package=com.zopperapp, app-activity=com.zopper.aegon.ui.activity.SplashActivity, platformName=Android, deviceName=32048e16028fa1a5}, platformVersion=4.4.2, webStorageEnabled=false, locationContextEnabled=false, browserName=Android, takesScreenshot=true, javascriptEnabled=true, platformName=Android}]
Session ID: c8197fb1-e228-41d4-9b00-cf054c4f46b8
*** Element info: {Using=id, value=com.zopperapp:id/tv_product_title}
	at Functional_Scenarios.ProductDetailsScenarios.executeTestCase(ProductDetailsScenarios.java:69)
</failure>
    <system-out><![CDATA[ Initializing Drivers for Class :ProductDetailsScenarios
Production build
trying to initialise drivers
hello
]]></system-out>
    <system-err><![CDATA[Jan 08, 2016 5:09:40 PM org.openqa.selenium.remote.Augmenter extractRemoteWebDriver
WARNING: Augmenter should be applied to the instances of @Augmentable classes or previously augmented instances only
]]></system-err>
  </testcase>
  <testcase name="favouritesProducts" classname="Functional_Scenarios.ProductDetailsScenarios" time="53.391">
    <failure message="org.openqa.selenium.NoSuchElementException: An element could not be located on the page using the given search parameters. (WARNING: The server did not provide any stacktrace information)&#10;Command duration or timeout: 20.01 seconds&#10;For documentation on this error, please visit: http://seleniumhq.org/exceptions/no_such_element.html&#10;Build info: version: &apos;2.45.0&apos;, revision: &apos;5017cb8e7ca8e37638dc3091b2440b90a1d8686f&apos;, time: &apos;2015-02-27 09:10:26&apos;&#10;System info: host: &apos;LP-116&apos;, ip: &apos;192.168.56.1&apos;, os.name: &apos;Windows 7&apos;, os.arch: &apos;amd64&apos;, os.version: &apos;6.1&apos;, java.version: &apos;1.8.0_65&apos;&#10;Driver info: io.appium.java_client.android.AndroidDriver&#10;Capabilities [{app=E:\Projects\QA_Sanity\ConsumerApp\app\Zopper.apk, networkConnectionEnabled=true, warnings={}, app-package=com.zopperapp, app-activity=com.zopper.aegon.ui.activity.SplashActivity, databaseEnabled=false, deviceName=4e8e9235, platform=LINUX, desired={app=E:\Projects\QA_Sanity\ConsumerApp\app\Zopper.apk, platformVersion=4.4, app-package=com.zopperapp, app-activity=com.zopper.aegon.ui.activity.SplashActivity, platformName=Android, deviceName=32048e16028fa1a5}, platformVersion=4.4.2, webStorageEnabled=false, locationContextEnabled=false, browserName=Android, takesScreenshot=true, javascriptEnabled=true, platformName=Android}]&#10;Session ID: 933216d6-c1be-4d19-8cd7-93b748cd67e1&#10;*** Element info: {Using=id, value=com.zopperapp.staging:id/iv_popular_cat1}" type="java.lang.Exception">java.lang.Exception: 
org.openqa.selenium.NoSuchElementException: An element could not be located on the page using the given search parameters. (WARNING: The server did not provide any stacktrace information)
Command duration or timeout: 20.01 seconds
For documentation on this error, please visit: http://seleniumhq.org/exceptions/no_such_element.html
Build info: version: '2.45.0', revision: '5017cb8e7ca8e37638dc3091b2440b90a1d8686f', time: '2015-02-27 09:10:26'
System info: host: 'LP-116', ip: '192.168.56.1', os.name: 'Windows 7', os.arch: 'amd64', os.version: '6.1', java.version: '1.8.0_65'
Driver info: io.appium.java_client.android.AndroidDriver
Capabilities [{app=E:\Projects\QA_Sanity\ConsumerApp\app\Zopper.apk, networkConnectionEnabled=true, warnings={}, app-package=com.zopperapp, app-activity=com.zopper.aegon.ui.activity.SplashActivity, databaseEnabled=false, deviceName=4e8e9235, platform=LINUX, desired={app=E:\Projects\QA_Sanity\ConsumerApp\app\Zopper.apk, platformVersion=4.4, app-package=com.zopperapp, app-activity=com.zopper.aegon.ui.activity.SplashActivity, platformName=Android, deviceName=32048e16028fa1a5}, platformVersion=4.4.2, webStorageEnabled=false, locationContextEnabled=false, browserName=Android, takesScreenshot=true, javascriptEnabled=true, platformName=Android}]
Session ID: 933216d6-c1be-4d19-8cd7-93b748cd67e1
*** Element info: {Using=id, value=com.zopperapp.staging:id/iv_popular_cat1}
	at Functional_Scenarios.ProductDetailsScenarios.favouritesProducts(ProductDetailsScenarios.java:541)
Caused by: org.openqa.selenium.NoSuchElementException: 
An element could not be located on the page using the given search parameters. (WARNING: The server did not provide any stacktrace information)
Command duration or timeout: 20.01 seconds
For documentation on this error, please visit: http://seleniumhq.org/exceptions/no_such_element.html
Build info: version: '2.45.0', revision: '5017cb8e7ca8e37638dc3091b2440b90a1d8686f', time: '2015-02-27 09:10:26'
System info: host: 'LP-116', ip: '192.168.56.1', os.name: 'Windows 7', os.arch: 'amd64', os.version: '6.1', java.version: '1.8.0_65'
Driver info: io.appium.java_client.android.AndroidDriver
Capabilities [{app=E:\Projects\QA_Sanity\ConsumerApp\app\Zopper.apk, networkConnectionEnabled=true, warnings={}, app-package=com.zopperapp, app-activity=com.zopper.aegon.ui.activity.SplashActivity, databaseEnabled=false, deviceName=4e8e9235, platform=LINUX, desired={app=E:\Projects\QA_Sanity\ConsumerApp\app\Zopper.apk, platformVersion=4.4, app-package=com.zopperapp, app-activity=com.zopper.aegon.ui.activity.SplashActivity, platformName=Android, deviceName=32048e16028fa1a5}, platformVersion=4.4.2, webStorageEnabled=false, locationContextEnabled=false, browserName=Android, takesScreenshot=true, javascriptEnabled=true, platformName=Android}]
Session ID: 933216d6-c1be-4d19-8cd7-93b748cd67e1
*** Element info: {Using=id, value=com.zopperapp.staging:id/iv_popular_cat1}
	at Functional_Scenarios.ProductDetailsScenarios.favouritesProducts(ProductDetailsScenarios.java:462)
</failure>
    <system-out><![CDATA[ Initializing Drivers for Class :ProductDetailsScenarios
Production build
trying to initialise drivers
hello
]]></system-out>
    <system-err><![CDATA[org.openqa.selenium.NoSuchElementException: An element could not be located on the page using the given search parameters. (WARNING: The server did not provide any stacktrace information)
Command duration or timeout: 20.01 seconds
For documentation on this error, please visit: http://seleniumhq.org/exceptions/no_such_element.html
Build info: version: '2.45.0', revision: '5017cb8e7ca8e37638dc3091b2440b90a1d8686f', time: '2015-02-27 09:10:26'
System info: host: 'LP-116', ip: '192.168.56.1', os.name: 'Windows 7', os.arch: 'amd64', os.version: '6.1', java.version: '1.8.0_65'
Driver info: io.appium.java_client.android.AndroidDriver
Capabilities [{app=E:\Projects\QA_Sanity\ConsumerApp\app\Zopper.apk, networkConnectionEnabled=true, warnings={}, app-package=com.zopperapp, app-activity=com.zopper.aegon.ui.activity.SplashActivity, databaseEnabled=false, deviceName=4e8e9235, platform=LINUX, desired={app=E:\Projects\QA_Sanity\ConsumerApp\app\Zopper.apk, platformVersion=4.4, app-package=com.zopperapp, app-activity=com.zopper.aegon.ui.activity.SplashActivity, platformName=Android, deviceName=32048e16028fa1a5}, platformVersion=4.4.2, webStorageEnabled=false, locationContextEnabled=false, browserName=Android, takesScreenshot=true, javascriptEnabled=true, platformName=Android}]
Session ID: 933216d6-c1be-4d19-8cd7-93b748cd67e1
*** Element info: {Using=id, value=com.zopperapp.staging:id/iv_popular_cat1}
	at sun.reflect.NativeConstructorAccessorImpl.newInstance0(Native Method)
	at sun.reflect.NativeConstructorAccessorImpl.newInstance(Unknown Source)
	at sun.reflect.DelegatingConstructorAccessorImpl.newInstance(Unknown Source)
	at java.lang.reflect.Constructor.newInstance(Unknown Source)
	at org.openqa.selenium.remote.ErrorHandler.createThrowable(ErrorHandler.java:204)
	at org.openqa.selenium.remote.ErrorHandler.throwIfResponseFailed(ErrorHandler.java:156)
	at org.openqa.selenium.remote.RemoteWebDriver.execute(RemoteWebDriver.java:599)
	at io.appium.java_client.AppiumDriver.execute(AppiumDriver.java:180)
	at org.openqa.selenium.remote.RemoteWebDriver.findElement(RemoteWebDriver.java:352)
	at org.openqa.selenium.remote.RemoteWebDriver.findElementById(RemoteWebDriver.java:393)
	at org.openqa.selenium.By$ById.findElement(By.java:214)
	at org.openqa.selenium.remote.RemoteWebDriver.findElement(RemoteWebDriver.java:344)
	at BugRegressionSuite.BaseTestBugRegression.findElementById(BaseTestBugRegression.java:86)
	at BugRegressionSuite.BaseTestBugRegression.clickId(BaseTestBugRegression.java:106)
	at App_Functions.OpenAndroidPage.openAndroidPage(OpenAndroidPage.java:20)
	at Functional_Scenarios.ProductDetailsScenarios.favouritesProducts(ProductDetailsScenarios.java:462)
	at sun.reflect.NativeMethodAccessorImpl.invoke0(Native Method)
	at sun.reflect.NativeMethodAccessorImpl.invoke(Unknown Source)
	at sun.reflect.DelegatingMethodAccessorImpl.invoke(Unknown Source)
	at java.lang.reflect.Method.invoke(Unknown Source)
	at org.testng.internal.MethodInvocationHelper.invokeMethod(MethodInvocationHelper.java:86)
	at org.testng.internal.Invoker.invokeMethod(Invoker.java:643)
	at org.testng.internal.Invoker.invokeTestMethod(Invoker.java:820)
	at org.testng.internal.Invoker.invokeTestMethods(Invoker.java:1128)
	at org.testng.internal.TestMethodWorker.invokeTestMethods(TestMethodWorker.java:129)
	at org.testng.internal.TestMethodWorker.run(TestMethodWorker.java:112)
	at org.testng.TestRunner.privateRun(TestRunner.java:782)
	at org.testng.TestRunner.run(TestRunner.java:632)
	at org.testng.SuiteRunner.runTest(SuiteRunner.java:366)
	at org.testng.SuiteRunner.runSequentially(SuiteRunner.java:361)
	at org.testng.SuiteRunner.privateRun(SuiteRunner.java:319)
	at org.testng.SuiteRunner.run(SuiteRunner.java:268)
	at org.testng.SuiteRunnerWorker.runSuite(SuiteRunnerWorker.java:52)
	at org.testng.SuiteRunnerWorker.run(SuiteRunnerWorker.java:86)
	at org.testng.TestNG.runSuitesSequentially(TestNG.java:1244)
	at org.testng.TestNG.runSuitesSequentially(TestNG.java:1240)
	at org.testng.TestNG.runSuitesLocally(TestNG.java:1169)
	at org.testng.TestNG.run(TestNG.java:1064)
	at org.apache.maven.surefire.testng.TestNGExecutor.run(TestNGExecutor.java:281)
	at org.apache.maven.surefire.testng.TestNGXmlTestSuite.execute(TestNGXmlTestSuite.java:75)
	at org.apache.maven.surefire.testng.TestNGProvider.invoke(TestNGProvider.java:121)
	at org.apache.maven.surefire.booter.ForkedBooter.invokeProviderInSameClassLoader(ForkedBooter.java:290)
	at org.apache.maven.surefire.booter.ForkedBooter.runSuitesInProcess(ForkedBooter.java:242)
	at org.apache.maven.surefire.booter.ForkedBooter.main(ForkedBooter.java:121)
org.openqa.selenium.NoSuchElementException: An element could not be located on the page using the given search parameters. (WARNING: The server did not provide any stacktrace information)
Command duration or timeout: 20.01 seconds
For documentation on this error, please visit: http://seleniumhq.org/exceptions/no_such_element.html
Build info: version: '2.45.0', revision: '5017cb8e7ca8e37638dc3091b2440b90a1d8686f', time: '2015-02-27 09:10:26'
System info: host: 'LP-116', ip: '192.168.56.1', os.name: 'Windows 7', os.arch: 'amd64', os.version: '6.1', java.version: '1.8.0_65'
Driver info: io.appium.java_client.android.AndroidDriver
Capabilities [{app=E:\Projects\QA_Sanity\ConsumerApp\app\Zopper.apk, networkConnectionEnabled=true, warnings={}, app-package=com.zopperapp, app-activity=com.zopper.aegon.ui.activity.SplashActivity, databaseEnabled=false, deviceName=4e8e9235, platform=LINUX, desired={app=E:\Projects\QA_Sanity\ConsumerApp\app\Zopper.apk, platformVersion=4.4, app-package=com.zopperapp, app-activity=com.zopper.aegon.ui.activity.SplashActivity, platformName=Android, deviceName=32048e16028fa1a5}, platformVersion=4.4.2, webStorageEnabled=false, locationContextEnabled=false, browserName=Android, takesScreenshot=true, javascriptEnabled=true, platformName=Android}]
Session ID: 933216d6-c1be-4d19-8cd7-93b748cd67e1
*** Element info: {Using=id, value=com.zopperapp.staging:id/iv_popular_cat1}
	at sun.reflect.NativeConstructorAccessorImpl.newInstance0(Native Method)
	at sun.reflect.NativeConstructorAccessorImpl.newInstance(Unknown Source)
	at sun.reflect.DelegatingConstructorAccessorImpl.newInstance(Unknown Source)
	at java.lang.reflect.Constructor.newInstance(Unknown Source)
	at org.openqa.selenium.remote.ErrorHandler.createThrowable(ErrorHandler.java:204)
	at org.openqa.selenium.remote.ErrorHandler.throwIfResponseFailed(ErrorHandler.java:156)
	at org.openqa.selenium.remote.RemoteWebDriver.execute(RemoteWebDriver.java:599)
	at io.appium.java_client.AppiumDriver.execute(AppiumDriver.java:180)
	at org.openqa.selenium.remote.RemoteWebDriver.findElement(RemoteWebDriver.java:352)
	at org.openqa.selenium.remote.RemoteWebDriver.findElementById(RemoteWebDriver.java:393)
	at org.openqa.selenium.By$ById.findElement(By.java:214)
	at org.openqa.selenium.remote.RemoteWebDriver.findElement(RemoteWebDriver.java:344)
	at BugRegressionSuite.BaseTestBugRegression.findElementById(BaseTestBugRegression.java:86)
	at BugRegressionSuite.BaseTestBugRegression.clickId(BaseTestBugRegression.java:106)
	at App_Functions.OpenAndroidPage.openAndroidPage(OpenAndroidPage.java:20)
	at Functional_Scenarios.ProductDetailsScenarios.favouritesProducts(ProductDetailsScenarios.java:462)
	at sun.reflect.NativeMethodAccessorImpl.invoke0(Native Method)
	at sun.reflect.NativeMethodAccessorImpl.invoke(Unknown Source)
	at sun.reflect.DelegatingMethodAccessorImpl.invoke(Unknown Source)
	at java.lang.reflect.Method.invoke(Unknown Source)
	at org.testng.internal.MethodInvocationHelper.invokeMethod(MethodInvocationHelper.java:86)
	at org.testng.internal.Invoker.invokeMethod(Invoker.java:643)
	at org.testng.internal.Invoker.invokeTestMethod(Invoker.java:820)
	at org.testng.internal.Invoker.invokeTestMethods(Invoker.java:1128)
	at org.testng.internal.TestMethodWorker.invokeTestMethods(TestMethodWorker.java:129)
	at org.testng.internal.TestMethodWorker.run(TestMethodWorker.java:112)
	at org.testng.TestRunner.privateRun(TestRunner.java:782)
	at org.testng.TestRunner.run(TestRunner.java:632)
	at org.testng.SuiteRunner.runTest(SuiteRunner.java:366)
	at org.testng.SuiteRunner.runSequentially(SuiteRunner.java:361)
	at org.testng.SuiteRunner.privateRun(SuiteRunner.java:319)
	at org.testng.SuiteRunner.run(SuiteRunner.java:268)
	at org.testng.SuiteRunnerWorker.runSuite(SuiteRunnerWorker.java:52)
	at org.testng.SuiteRunnerWorker.run(SuiteRunnerWorker.java:86)
	at org.testng.TestNG.runSuitesSequentially(TestNG.java:1244)
	at org.testng.TestNG.runSuitesSequentially(TestNG.java:1240)
	at org.testng.TestNG.runSuitesLocally(TestNG.java:1169)
	at org.testng.TestNG.run(TestNG.java:1064)
	at org.apache.maven.surefire.testng.TestNGExecutor.run(TestNGExecutor.java:281)
	at org.apache.maven.surefire.testng.TestNGXmlTestSuite.execute(TestNGXmlTestSuite.java:75)
	at org.apache.maven.surefire.testng.TestNGProvider.invoke(TestNGProvider.java:121)
	at org.apache.maven.surefire.booter.ForkedBooter.invokeProviderInSameClassLoader(ForkedBooter.java:290)
	at org.apache.maven.surefire.booter.ForkedBooter.runSuitesInProcess(ForkedBooter.java:242)
	at org.apache.maven.surefire.booter.ForkedBooter.main(ForkedBooter.java:121)
Jan 08, 2016 5:10:51 PM org.openqa.selenium.remote.Augmenter extractRemoteWebDriver
WARNING: Augmenter should be applied to the instances of @Augmentable classes or previously augmented instances only
]]></system-err>
  </testcase>
  <testcase name="loginCheckForSubmitReview" classname="Functional_Scenarios.ProductDetailsScenarios" time="71.089">
    <failure message="java.lang.AssertionError: expected [true] but found [false]" type="java.lang.Exception">java.lang.Exception: java.lang.AssertionError: expected [true] but found [false]
	at Functional_Scenarios.ProductDetailsScenarios.loginCheckForSubmitReview(ProductDetailsScenarios.java:274)
Caused by: java.lang.AssertionError: expected [true] but found [false]
	at Functional_Scenarios.ProductDetailsScenarios.loginCheckForSubmitReview(ProductDetailsScenarios.java:266)
</failure>
    <system-out><![CDATA[ Initializing Drivers for Class :ProductDetailsScenarios
Production build
trying to initialise drivers
hello
]]></system-out>
    <system-err><![CDATA[Jan 08, 2016 5:12:19 PM org.openqa.selenium.remote.Augmenter extractRemoteWebDriver
WARNING: Augmenter should be applied to the instances of @Augmentable classes or previously augmented instances only
]]></system-err>
  </testcase>
  <testcase name="moreCategoryProductListing" classname="Functional_Scenarios.ProductDetailsScenarios" time="41.836">
    <failure message="Index: 0, Size: 0" type="java.lang.IndexOutOfBoundsException">java.lang.IndexOutOfBoundsException: Index: 0, Size: 0
	at Functional_Scenarios.ProductDetailsScenarios.moreCategoryProductListing(ProductDetailsScenarios.java:443)
</failure>
    <system-out><![CDATA[ Initializing Drivers for Class :ProductDetailsScenarios
Production build
trying to initialise drivers
hello
Mobiles and Tablets
]]></system-out>
    <system-err><![CDATA[java.lang.IndexOutOfBoundsException: Index: 0, Size: 0
	at java.util.ArrayList.rangeCheck(Unknown Source)
	at java.util.ArrayList.get(Unknown Source)
	at Functional_Scenarios.ProductDetailsScenarios.moreCategoryProductListing(ProductDetailsScenarios.java:443)
	at sun.reflect.NativeMethodAccessorImpl.invoke0(Native Method)
	at sun.reflect.NativeMethodAccessorImpl.invoke(Unknown Source)
	at sun.reflect.DelegatingMethodAccessorImpl.invoke(Unknown Source)
	at java.lang.reflect.Method.invoke(Unknown Source)
	at org.testng.internal.MethodInvocationHelper.invokeMethod(MethodInvocationHelper.java:86)
	at org.testng.internal.Invoker.invokeMethod(Invoker.java:643)
	at org.testng.internal.Invoker.invokeTestMethod(Invoker.java:820)
	at org.testng.internal.Invoker.invokeTestMethods(Invoker.java:1128)
	at org.testng.internal.TestMethodWorker.invokeTestMethods(TestMethodWorker.java:129)
	at org.testng.internal.TestMethodWorker.run(TestMethodWorker.java:112)
	at org.testng.TestRunner.privateRun(TestRunner.java:782)
	at org.testng.TestRunner.run(TestRunner.java:632)
	at org.testng.SuiteRunner.runTest(SuiteRunner.java:366)
	at org.testng.SuiteRunner.runSequentially(SuiteRunner.java:361)
	at org.testng.SuiteRunner.privateRun(SuiteRunner.java:319)
	at org.testng.SuiteRunner.run(SuiteRunner.java:268)
	at org.testng.SuiteRunnerWorker.runSuite(SuiteRunnerWorker.java:52)
	at org.testng.SuiteRunnerWorker.run(SuiteRunnerWorker.java:86)
	at org.testng.TestNG.runSuitesSequentially(TestNG.java:1244)
	at org.testng.TestNG.runSuitesSequentially(TestNG.java:1240)
	at org.testng.TestNG.runSuitesLocally(TestNG.java:1169)
	at org.testng.TestNG.run(TestNG.java:1064)
	at org.apache.maven.surefire.testng.TestNGExecutor.run(TestNGExecutor.java:281)
	at org.apache.maven.surefire.testng.TestNGXmlTestSuite.execute(TestNGXmlTestSuite.java:75)
	at org.apache.maven.surefire.testng.TestNGProvider.invoke(TestNGProvider.java:121)
	at org.apache.maven.surefire.booter.ForkedBooter.invokeProviderInSameClassLoader(ForkedBooter.java:290)
	at org.apache.maven.surefire.booter.ForkedBooter.runSuitesInProcess(ForkedBooter.java:242)
	at org.apache.maven.surefire.booter.ForkedBooter.main(ForkedBooter.java:121)
Jan 08, 2016 5:13:17 PM org.openqa.selenium.remote.Augmenter extractRemoteWebDriver
WARNING: Augmenter should be applied to the instances of @Augmentable classes or previously augmented instances only
]]></system-err>
  </testcase>
  <testcase name="productEnlargedImage" classname="Functional_Scenarios.ProductDetailsScenarios" time="35.022"/>
  <testcase name="productFeaturesDetails" classname="Functional_Scenarios.ProductDetailsScenarios" time="84.024"/>
  <testcase name="productWithFilter" classname="Functional_Scenarios.ProductDetailsScenarios" time="42.17">
    <failure message="An element could not be located on the page using the given search parameters. (WARNING: The server did not provide any stacktrace information)&#10;Command duration or timeout: 20.97 seconds&#10;For documentation on this error, please visit: http://seleniumhq.org/exceptions/no_such_element.html&#10;Build info: version: &apos;2.45.0&apos;, revision: &apos;5017cb8e7ca8e37638dc3091b2440b90a1d8686f&apos;, time: &apos;2015-02-27 09:10:26&apos;&#10;System info: host: &apos;LP-116&apos;, ip: &apos;192.168.56.1&apos;, os.name: &apos;Windows 7&apos;, os.arch: &apos;amd64&apos;, os.version: &apos;6.1&apos;, java.version: &apos;1.8.0_65&apos;&#10;Driver info: io.appium.java_client.android.AndroidDriver&#10;Capabilities [{app=E:\Projects\QA_Sanity\ConsumerApp\app\Zopper.apk, networkConnectionEnabled=true, warnings={}, app-package=com.zopperapp, app-activity=com.zopper.aegon.ui.activity.SplashActivity, databaseEnabled=false, deviceName=4e8e9235, platform=LINUX, desired={app=E:\Projects\QA_Sanity\ConsumerApp\app\Zopper.apk, platformVersion=4.4, app-package=com.zopperapp, app-activity=com.zopper.aegon.ui.activity.SplashActivity, platformName=Android, deviceName=32048e16028fa1a5}, platformVersion=4.4.2, webStorageEnabled=false, locationContextEnabled=false, browserName=Android, takesScreenshot=true, javascriptEnabled=true, platformName=Android}]&#10;Session ID: 6af0e1a3-f4a9-473f-9776-5296dc124567&#10;*** Element info: {Using=name, value=Samsung}" type="org.openqa.selenium.NoSuchElementException">org.openqa.selenium.NoSuchElementException: 
An element could not be located on the page using the given search parameters. (WARNING: The server did not provide any stacktrace information)
Command duration or timeout: 20.97 seconds
For documentation on this error, please visit: http://seleniumhq.org/exceptions/no_such_element.html
Build info: version: '2.45.0', revision: '5017cb8e7ca8e37638dc3091b2440b90a1d8686f', time: '2015-02-27 09:10:26'
System info: host: 'LP-116', ip: '192.168.56.1', os.name: 'Windows 7', os.arch: 'amd64', os.version: '6.1', java.version: '1.8.0_65'
Driver info: io.appium.java_client.android.AndroidDriver
Capabilities [{app=E:\Projects\QA_Sanity\ConsumerApp\app\Zopper.apk, networkConnectionEnabled=true, warnings={}, app-package=com.zopperapp, app-activity=com.zopper.aegon.ui.activity.SplashActivity, databaseEnabled=false, deviceName=4e8e9235, platform=LINUX, desired={app=E:\Projects\QA_Sanity\ConsumerApp\app\Zopper.apk, platformVersion=4.4, app-package=com.zopperapp, app-activity=com.zopper.aegon.ui.activity.SplashActivity, platformName=Android, deviceName=32048e16028fa1a5}, platformVersion=4.4.2, webStorageEnabled=false, locationContextEnabled=false, browserName=Android, takesScreenshot=true, javascriptEnabled=true, platformName=Android}]
Session ID: 6af0e1a3-f4a9-473f-9776-5296dc124567
*** Element info: {Using=name, value=Samsung}
	at Functional_Scenarios.ProductDetailsScenarios.productWithFilter(ProductDetailsScenarios.java:331)
</failure>
    <system-out><![CDATA[ Initializing Drivers for Class :ProductDetailsScenarios
Production build
trying to initialise drivers
hello
]]></system-out>
    <system-err><![CDATA[Jan 08, 2016 5:16:51 PM org.openqa.selenium.remote.Augmenter extractRemoteWebDriver
WARNING: Augmenter should be applied to the instances of @Augmentable classes or previously augmented instances only
]]></system-err>
  </testcase>
  <testcase name="removeAppliedFilter" classname="Functional_Scenarios.ProductDetailsScenarios" time="26.78"/>
  <testcase name="scrollableProductList" classname="Functional_Scenarios.ProductDetailsScenarios" time="127.912">
    <failure message="expected [true] but found [false]" type="java.lang.AssertionError">java.lang.AssertionError: expected [true] but found [false]
	at Functional_Scenarios.ProductDetailsScenarios.scrollableProductList(ProductDetailsScenarios.java:306)
</failure>
    <system-out><![CDATA[ Initializing Drivers for Class :ProductDetailsScenarios
Production build
trying to initialise drivers
hello
]]></system-out>
  </testcase>
  <testcase name="sorting" classname="Functional_Scenarios.ProductDetailsScenarios" time="51.474">
    <failure message="An element could not be located on the page using the given search parameters. (WARNING: The server did not provide any stacktrace information)&#10;Command duration or timeout: 20.76 seconds&#10;For documentation on this error, please visit: http://seleniumhq.org/exceptions/no_such_element.html&#10;Build info: version: &apos;2.45.0&apos;, revision: &apos;5017cb8e7ca8e37638dc3091b2440b90a1d8686f&apos;, time: &apos;2015-02-27 09:10:26&apos;&#10;System info: host: &apos;LP-116&apos;, ip: &apos;192.168.56.1&apos;, os.name: &apos;Windows 7&apos;, os.arch: &apos;amd64&apos;, os.version: &apos;6.1&apos;, java.version: &apos;1.8.0_65&apos;&#10;Driver info: io.appium.java_client.android.AndroidDriver&#10;Capabilities [{app=E:\Projects\QA_Sanity\ConsumerApp\app\Zopper.apk, networkConnectionEnabled=true, warnings={}, app-package=com.zopperapp, app-activity=com.zopper.aegon.ui.activity.SplashActivity, databaseEnabled=false, deviceName=4e8e9235, platform=LINUX, desired={app=E:\Projects\QA_Sanity\ConsumerApp\app\Zopper.apk, platformVersion=4.4, app-package=com.zopperapp, app-activity=com.zopper.aegon.ui.activity.SplashActivity, platformName=Android, deviceName=32048e16028fa1a5}, platformVersion=4.4.2, webStorageEnabled=false, locationContextEnabled=false, browserName=Android, takesScreenshot=true, javascriptEnabled=true, platformName=Android}]&#10;Session ID: fca97615-4952-4a48-b1e2-bcbe2865cd36&#10;*** Element info: {Using=id, value=com.zopperapp.staging:id/iv_popular_cat1}" type="org.openqa.selenium.NoSuchElementException">org.openqa.selenium.NoSuchElementException: 
An element could not be located on the page using the given search parameters. (WARNING: The server did not provide any stacktrace information)
Command duration or timeout: 20.76 seconds
For documentation on this error, please visit: http://seleniumhq.org/exceptions/no_such_element.html
Build info: version: '2.45.0', revision: '5017cb8e7ca8e37638dc3091b2440b90a1d8686f', time: '2015-02-27 09:10:26'
System info: host: 'LP-116', ip: '192.168.56.1', os.name: 'Windows 7', os.arch: 'amd64', os.version: '6.1', java.version: '1.8.0_65'
Driver info: io.appium.java_client.android.AndroidDriver
Capabilities [{app=E:\Projects\QA_Sanity\ConsumerApp\app\Zopper.apk, networkConnectionEnabled=true, warnings={}, app-package=com.zopperapp, app-activity=com.zopper.aegon.ui.activity.SplashActivity, databaseEnabled=false, deviceName=4e8e9235, platform=LINUX, desired={app=E:\Projects\QA_Sanity\ConsumerApp\app\Zopper.apk, platformVersion=4.4, app-package=com.zopperapp, app-activity=com.zopper.aegon.ui.activity.SplashActivity, platformName=Android, deviceName=32048e16028fa1a5}, platformVersion=4.4.2, webStorageEnabled=false, locationContextEnabled=false, browserName=Android, takesScreenshot=true, javascriptEnabled=true, platformName=Android}]
Session ID: fca97615-4952-4a48-b1e2-bcbe2865cd36
*** Element info: {Using=id, value=com.zopperapp.staging:id/iv_popular_cat1}
	at Functional_Scenarios.ProductDetailsScenarios.sorting(ProductDetailsScenarios.java:391)
</failure>
    <system-out><![CDATA[ Initializing Drivers for Class :ProductDetailsScenarios
Production build
trying to initialise drivers
hello
]]></system-out>
    <system-err><![CDATA[org.openqa.selenium.NoSuchElementException: An element could not be located on the page using the given search parameters. (WARNING: The server did not provide any stacktrace information)
Command duration or timeout: 20.76 seconds
For documentation on this error, please visit: http://seleniumhq.org/exceptions/no_such_element.html
Build info: version: '2.45.0', revision: '5017cb8e7ca8e37638dc3091b2440b90a1d8686f', time: '2015-02-27 09:10:26'
System info: host: 'LP-116', ip: '192.168.56.1', os.name: 'Windows 7', os.arch: 'amd64', os.version: '6.1', java.version: '1.8.0_65'
Driver info: io.appium.java_client.android.AndroidDriver
Capabilities [{app=E:\Projects\QA_Sanity\ConsumerApp\app\Zopper.apk, networkConnectionEnabled=true, warnings={}, app-package=com.zopperapp, app-activity=com.zopper.aegon.ui.activity.SplashActivity, databaseEnabled=false, deviceName=4e8e9235, platform=LINUX, desired={app=E:\Projects\QA_Sanity\ConsumerApp\app\Zopper.apk, platformVersion=4.4, app-package=com.zopperapp, app-activity=com.zopper.aegon.ui.activity.SplashActivity, platformName=Android, deviceName=32048e16028fa1a5}, platformVersion=4.4.2, webStorageEnabled=false, locationContextEnabled=false, browserName=Android, takesScreenshot=true, javascriptEnabled=true, platformName=Android}]
Session ID: fca97615-4952-4a48-b1e2-bcbe2865cd36
*** Element info: {Using=id, value=com.zopperapp.staging:id/iv_popular_cat1}
	at sun.reflect.NativeConstructorAccessorImpl.newInstance0(Native Method)
	at sun.reflect.NativeConstructorAccessorImpl.newInstance(Unknown Source)
	at sun.reflect.DelegatingConstructorAccessorImpl.newInstance(Unknown Source)
	at java.lang.reflect.Constructor.newInstance(Unknown Source)
	at org.openqa.selenium.remote.ErrorHandler.createThrowable(ErrorHandler.java:204)
	at org.openqa.selenium.remote.ErrorHandler.throwIfResponseFailed(ErrorHandler.java:156)
	at org.openqa.selenium.remote.RemoteWebDriver.execute(RemoteWebDriver.java:599)
	at io.appium.java_client.AppiumDriver.execute(AppiumDriver.java:180)
	at org.openqa.selenium.remote.RemoteWebDriver.findElement(RemoteWebDriver.java:352)
	at org.openqa.selenium.remote.RemoteWebDriver.findElementById(RemoteWebDriver.java:393)
	at org.openqa.selenium.By$ById.findElement(By.java:214)
	at org.openqa.selenium.remote.RemoteWebDriver.findElement(RemoteWebDriver.java:344)
	at BugRegressionSuite.BaseTestBugRegression.findElementById(BaseTestBugRegression.java:86)
	at BugRegressionSuite.BaseTestBugRegression.clickId(BaseTestBugRegression.java:106)
	at App_Functions.OpenAndroidPage.openAndroidPage(OpenAndroidPage.java:20)
	at Functional_Scenarios.ProductDetailsScenarios.sorting(ProductDetailsScenarios.java:391)
	at sun.reflect.NativeMethodAccessorImpl.invoke0(Native Method)
	at sun.reflect.NativeMethodAccessorImpl.invoke(Unknown Source)
	at sun.reflect.DelegatingMethodAccessorImpl.invoke(Unknown Source)
	at java.lang.reflect.Method.invoke(Unknown Source)
	at org.testng.internal.MethodInvocationHelper.invokeMethod(MethodInvocationHelper.java:86)
	at org.testng.internal.Invoker.invokeMethod(Invoker.java:643)
	at org.testng.internal.Invoker.invokeTestMethod(Invoker.java:820)
	at org.testng.internal.Invoker.invokeTestMethods(Invoker.java:1128)
	at org.testng.internal.TestMethodWorker.invokeTestMethods(TestMethodWorker.java:129)
	at org.testng.internal.TestMethodWorker.run(TestMethodWorker.java:112)
	at org.testng.TestRunner.privateRun(TestRunner.java:782)
	at org.testng.TestRunner.run(TestRunner.java:632)
	at org.testng.SuiteRunner.runTest(SuiteRunner.java:366)
	at org.testng.SuiteRunner.runSequentially(SuiteRunner.java:361)
	at org.testng.SuiteRunner.privateRun(SuiteRunner.java:319)
	at org.testng.SuiteRunner.run(SuiteRunner.java:268)
	at org.testng.SuiteRunnerWorker.runSuite(SuiteRunnerWorker.java:52)
	at org.testng.SuiteRunnerWorker.run(SuiteRunnerWorker.java:86)
	at org.testng.TestNG.runSuitesSequentially(TestNG.java:1244)
	at org.testng.TestNG.runSuitesSequentially(TestNG.java:1240)
	at org.testng.TestNG.runSuitesLocally(TestNG.java:1169)
	at org.testng.TestNG.run(TestNG.java:1064)
	at org.apache.maven.surefire.testng.TestNGExecutor.run(TestNGExecutor.java:281)
	at org.apache.maven.surefire.testng.TestNGXmlTestSuite.execute(TestNGXmlTestSuite.java:75)
	at org.apache.maven.surefire.testng.TestNGProvider.invoke(TestNGProvider.java:121)
	at org.apache.maven.surefire.booter.ForkedBooter.invokeProviderInSameClassLoader(ForkedBooter.java:290)
	at org.apache.maven.surefire.booter.ForkedBooter.runSuitesInProcess(ForkedBooter.java:242)
	at org.apache.maven.surefire.booter.ForkedBooter.main(ForkedBooter.java:121)
org.openqa.selenium.NoSuchElementException: An element could not be located on the page using the given search parameters. (WARNING: The server did not provide any stacktrace information)
Command duration or timeout: 20.76 seconds
For documentation on this error, please visit: http://seleniumhq.org/exceptions/no_such_element.html
Build info: version: '2.45.0', revision: '5017cb8e7ca8e37638dc3091b2440b90a1d8686f', time: '2015-02-27 09:10:26'
System info: host: 'LP-116', ip: '192.168.56.1', os.name: 'Windows 7', os.arch: 'amd64', os.version: '6.1', java.version: '1.8.0_65'
Driver info: io.appium.java_client.android.AndroidDriver
Capabilities [{app=E:\Projects\QA_Sanity\ConsumerApp\app\Zopper.apk, networkConnectionEnabled=true, warnings={}, app-package=com.zopperapp, app-activity=com.zopper.aegon.ui.activity.SplashActivity, databaseEnabled=false, deviceName=4e8e9235, platform=LINUX, desired={app=E:\Projects\QA_Sanity\ConsumerApp\app\Zopper.apk, platformVersion=4.4, app-package=com.zopperapp, app-activity=com.zopper.aegon.ui.activity.SplashActivity, platformName=Android, deviceName=32048e16028fa1a5}, platformVersion=4.4.2, webStorageEnabled=false, locationContextEnabled=false, browserName=Android, takesScreenshot=true, javascriptEnabled=true, platformName=Android}]
Session ID: fca97615-4952-4a48-b1e2-bcbe2865cd36
*** Element info: {Using=id, value=com.zopperapp.staging:id/iv_popular_cat1}
	at sun.reflect.NativeConstructorAccessorImpl.newInstance0(Native Method)
	at sun.reflect.NativeConstructorAccessorImpl.newInstance(Unknown Source)
	at sun.reflect.DelegatingConstructorAccessorImpl.newInstance(Unknown Source)
	at java.lang.reflect.Constructor.newInstance(Unknown Source)
	at org.openqa.selenium.remote.ErrorHandler.createThrowable(ErrorHandler.java:204)
	at org.openqa.selenium.remote.ErrorHandler.throwIfResponseFailed(ErrorHandler.java:156)
	at org.openqa.selenium.remote.RemoteWebDriver.execute(RemoteWebDriver.java:599)
	at io.appium.java_client.AppiumDriver.execute(AppiumDriver.java:180)
	at org.openqa.selenium.remote.RemoteWebDriver.findElement(RemoteWebDriver.java:352)
	at org.openqa.selenium.remote.RemoteWebDriver.findElementById(RemoteWebDriver.java:393)
	at org.openqa.selenium.By$ById.findElement(By.java:214)
	at org.openqa.selenium.remote.RemoteWebDriver.findElement(RemoteWebDriver.java:344)
	at BugRegressionSuite.BaseTestBugRegression.findElementById(BaseTestBugRegression.java:86)
	at BugRegressionSuite.BaseTestBugRegression.clickId(BaseTestBugRegression.java:106)
	at App_Functions.OpenAndroidPage.openAndroidPage(OpenAndroidPage.java:20)
	at Functional_Scenarios.ProductDetailsScenarios.sorting(ProductDetailsScenarios.java:391)
	at sun.reflect.NativeMethodAccessorImpl.invoke0(Native Method)
	at sun.reflect.NativeMethodAccessorImpl.invoke(Unknown Source)
	at sun.reflect.DelegatingMethodAccessorImpl.invoke(Unknown Source)
	at java.lang.reflect.Method.invoke(Unknown Source)
	at org.testng.internal.MethodInvocationHelper.invokeMethod(MethodInvocationHelper.java:86)
	at org.testng.internal.Invoker.invokeMethod(Invoker.java:643)
	at org.testng.internal.Invoker.invokeTestMethod(Invoker.java:820)
	at org.testng.internal.Invoker.invokeTestMethods(Invoker.java:1128)
	at org.testng.internal.TestMethodWorker.invokeTestMethods(TestMethodWorker.java:129)
	at org.testng.internal.TestMethodWorker.run(TestMethodWorker.java:112)
	at org.testng.TestRunner.privateRun(TestRunner.java:782)
	at org.testng.TestRunner.run(TestRunner.java:632)
	at org.testng.SuiteRunner.runTest(SuiteRunner.java:366)
	at org.testng.SuiteRunner.runSequentially(SuiteRunner.java:361)
	at org.testng.SuiteRunner.privateRun(SuiteRunner.java:319)
	at org.testng.SuiteRunner.run(SuiteRunner.java:268)
	at org.testng.SuiteRunnerWorker.runSuite(SuiteRunnerWorker.java:52)
	at org.testng.SuiteRunnerWorker.run(SuiteRunnerWorker.java:86)
	at org.testng.TestNG.runSuitesSequentially(TestNG.java:1244)
	at org.testng.TestNG.runSuitesSequentially(TestNG.java:1240)
	at org.testng.TestNG.runSuitesLocally(TestNG.java:1169)
	at org.testng.TestNG.run(TestNG.java:1064)
	at org.apache.maven.surefire.testng.TestNGExecutor.run(TestNGExecutor.java:281)
	at org.apache.maven.surefire.testng.TestNGXmlTestSuite.execute(TestNGXmlTestSuite.java:75)
	at org.apache.maven.surefire.testng.TestNGProvider.invoke(TestNGProvider.java:121)
	at org.apache.maven.surefire.booter.ForkedBooter.invokeProviderInSameClassLoader(ForkedBooter.java:290)
	at org.apache.maven.surefire.booter.ForkedBooter.runSuitesInProcess(ForkedBooter.java:242)
	at org.apache.maven.surefire.booter.ForkedBooter.main(ForkedBooter.java:121)
Jan 08, 2016 5:21:09 PM org.openqa.selenium.remote.Augmenter extractRemoteWebDriver
WARNING: Augmenter should be applied to the instances of @Augmentable classes or previously augmented instances only
]]></system-err>
  </testcase>
</testsuite>