<?xml version="1.0" encoding="UTF-8"?>
<testng-results skipped="0" failed="10" total="17" passed="7">
  <reporter-output>
  </reporter-output>
  <suite name="Suite" duration-ms="0" started-at="2016-01-08T11:51:12Z" finished-at="2016-01-08T11:51:12Z">
    <groups>
    </groups>
  </suite> <!-- Suite -->
  <suite name="Consumer_Sanity_Suite" duration-ms="916521" started-at="2016-01-08T11:35:55Z" finished-at="2016-01-08T11:51:12Z">
    <groups>
    </groups>
    <test name="CartScenarios" duration-ms="110184" started-at="2016-01-08T11:35:55Z" finished-at="2016-01-08T11:37:45Z">
      <class name="Functional_Scenarios.CartScenarios">
        <test-method status="PASS" signature="initializeDrivers()[pri:0, instance:Functional_Scenarios.CartScenarios@1d371b2d]" name="initializeDrivers" is-config="true" duration-ms="46882" started-at="2016-01-08T17:05:55Z" finished-at="2016-01-08T17:06:42Z">
          <reporter-output>
          </reporter-output>
        </test-method> <!-- initializeDrivers -->
        <test-method status="FAIL" signature="executeTestCase()[pri:0, instance:Functional_Scenarios.CartScenarios@1d371b2d]" name="executeTestCase" duration-ms="62157" started-at="2016-01-08T17:06:42Z" finished-at="2016-01-08T17:07:44Z">
          <exception class="org.openqa.selenium.NoSuchElementException">
            <message>
              <![CDATA[An element could not be located on the page using the given search parameters. (WARNING: The server did not provide any stacktrace information)
Command duration or timeout: 20.44 seconds
For documentation on this error, please visit: http://seleniumhq.org/exceptions/no_such_element.html
Build info: version: '2.45.0', revision: '5017cb8e7ca8e37638dc3091b2440b90a1d8686f', time: '2015-02-27 09:10:26'
System info: host: 'LP-116', ip: '192.168.56.1', os.name: 'Windows 7', os.arch: 'amd64', os.version: '6.1', java.version: '1.8.0_65'
Driver info: io.appium.java_client.android.AndroidDriver
Capabilities [{app=E:\Projects\QA_Sanity\ConsumerApp\app\Zopper.apk, networkConnectionEnabled=true, warnings={}, app-package=com.zopperapp, app-activity=com.zopper.aegon.ui.activity.SplashActivity, databaseEnabled=false, deviceName=4e8e9235, platform=LINUX, desired={app=E:\Projects\QA_Sanity\ConsumerApp\app\Zopper.apk, platformVersion=4.4, app-package=com.zopperapp, app-activity=com.zopper.aegon.ui.activity.SplashActivity, platformName=Android, deviceName=32048e16028fa1a5}, platformVersion=4.4.2, webStorageEnabled=false, locationContextEnabled=false, browserName=Android, takesScreenshot=true, javascriptEnabled=true, platformName=Android}]
Session ID: 749ed68a-882e-46d3-9720-c6e19d2100ec
*** Element info: {Using=name, value=Buy Now}]]>
            </message>
            <full-stacktrace>
              <![CDATA[org.openqa.selenium.NoSuchElementException: An element could not be located on the page using the given search parameters. (WARNING: The server did not provide any stacktrace information)
Command duration or timeout: 20.44 seconds
For documentation on this error, please visit: http://seleniumhq.org/exceptions/no_such_element.html
Build info: version: '2.45.0', revision: '5017cb8e7ca8e37638dc3091b2440b90a1d8686f', time: '2015-02-27 09:10:26'
System info: host: 'LP-116', ip: '192.168.56.1', os.name: 'Windows 7', os.arch: 'amd64', os.version: '6.1', java.version: '1.8.0_65'
Driver info: io.appium.java_client.android.AndroidDriver
Capabilities [{app=E:\Projects\QA_Sanity\ConsumerApp\app\Zopper.apk, networkConnectionEnabled=true, warnings={}, app-package=com.zopperapp, app-activity=com.zopper.aegon.ui.activity.SplashActivity, databaseEnabled=false, deviceName=4e8e9235, platform=LINUX, desired={app=E:\Projects\QA_Sanity\ConsumerApp\app\Zopper.apk, platformVersion=4.4, app-package=com.zopperapp, app-activity=com.zopper.aegon.ui.activity.SplashActivity, platformName=Android, deviceName=32048e16028fa1a5}, platformVersion=4.4.2, webStorageEnabled=false, locationContextEnabled=false, browserName=Android, takesScreenshot=true, javascriptEnabled=true, platformName=Android}]
Session ID: 749ed68a-882e-46d3-9720-c6e19d2100ec
*** Element info: {Using=name, value=Buy Now}
	at sun.reflect.NativeConstructorAccessorImpl.newInstance0(Native Method)
	at sun.reflect.NativeConstructorAccessorImpl.newInstance(Unknown Source)
	at sun.reflect.DelegatingConstructorAccessorImpl.newInstance(Unknown Source)
	at java.lang.reflect.Constructor.newInstance(Unknown Source)
	at org.openqa.selenium.remote.ErrorHandler.createThrowable(ErrorHandler.java:204)
	at org.openqa.selenium.remote.ErrorHandler.throwIfResponseFailed(ErrorHandler.java:156)
	at org.openqa.selenium.remote.RemoteWebDriver.execute(RemoteWebDriver.java:599)
	at io.appium.java_client.AppiumDriver.execute(AppiumDriver.java:180)
	at org.openqa.selenium.remote.RemoteWebDriver.findElement(RemoteWebDriver.java:352)
	at org.openqa.selenium.remote.RemoteWebDriver.findElementByName(RemoteWebDriver.java:425)
	at org.openqa.selenium.By$ByName.findElement(By.java:299)
	at org.openqa.selenium.remote.RemoteWebDriver.findElement(RemoteWebDriver.java:344)
	at BugRegressionSuite.BaseTestBugRegression.findElementByName(BaseTestBugRegression.java:90)
	at BugRegressionSuite.BaseTestBugRegression.clickName(BaseTestBugRegression.java:102)
	at Functional_Scenarios.CartScenarios.executeTestCase(CartScenarios.java:36)
	at sun.reflect.NativeMethodAccessorImpl.invoke0(Native Method)
	at sun.reflect.NativeMethodAccessorImpl.invoke(Unknown Source)
	at sun.reflect.DelegatingMethodAccessorImpl.invoke(Unknown Source)
	at java.lang.reflect.Method.invoke(Unknown Source)
	at org.testng.internal.MethodInvocationHelper.invokeMethod(MethodInvocationHelper.java:86)
	at org.testng.internal.Invoker.invokeMethod(Invoker.java:643)
	at org.testng.internal.Invoker.invokeTestMethod(Invoker.java:820)
	at org.testng.internal.Invoker.invokeTestMethods(Invoker.java:1128)
	at org.testng.internal.TestMethodWorker.invokeTestMethods(TestMethodWorker.java:129)
	at org.testng.internal.TestMethodWorker.run(TestMethodWorker.java:112)
	at org.testng.TestRunner.privateRun(TestRunner.java:782)
	at org.testng.TestRunner.run(TestRunner.java:632)
	at org.testng.SuiteRunner.runTest(SuiteRunner.java:366)
	at org.testng.SuiteRunner.runSequentially(SuiteRunner.java:361)
	at org.testng.SuiteRunner.privateRun(SuiteRunner.java:319)
	at org.testng.SuiteRunner.run(SuiteRunner.java:268)
	at org.testng.SuiteRunnerWorker.runSuite(SuiteRunnerWorker.java:52)
	at org.testng.SuiteRunnerWorker.run(SuiteRunnerWorker.java:86)
	at org.testng.TestNG.runSuitesSequentially(TestNG.java:1244)
	at org.testng.TestNG.runSuitesSequentially(TestNG.java:1240)
	at org.testng.TestNG.runSuitesLocally(TestNG.java:1169)
	at org.testng.TestNG.run(TestNG.java:1064)
	at org.apache.maven.surefire.testng.TestNGExecutor.run(TestNGExecutor.java:281)
	at org.apache.maven.surefire.testng.TestNGXmlTestSuite.execute(TestNGXmlTestSuite.java:75)
	at org.apache.maven.surefire.testng.TestNGProvider.invoke(TestNGProvider.java:121)
	at org.apache.maven.surefire.booter.ForkedBooter.invokeProviderInSameClassLoader(ForkedBooter.java:290)
	at org.apache.maven.surefire.booter.ForkedBooter.runSuitesInProcess(ForkedBooter.java:242)
	at org.apache.maven.surefire.booter.ForkedBooter.main(ForkedBooter.java:121)
]]>
            </full-stacktrace>
          </exception> <!-- org.openqa.selenium.NoSuchElementException -->
          <reporter-output>
          </reporter-output>
        </test-method> <!-- executeTestCase -->
        <test-method status="PASS" signature="tearDown(org.testng.ITestResult)[pri:0, instance:Functional_Scenarios.CartScenarios@1d371b2d]" name="tearDown" is-config="true" duration-ms="1140" started-at="2016-01-08T17:07:44Z" finished-at="2016-01-08T17:07:45Z">
          <params>
            <param index="0">
              <value>
                <![CDATA[[TestResult name=executeTestCase status=FAILURE method=CartScenarios.executeTestCase()[pri:0, instance:Functional_Scenarios.CartScenarios@1d371b2d] output={null}]]]>
              </value>
            </param>
          </params>
          <reporter-output>
          </reporter-output>
        </test-method> <!-- tearDown -->
        <test-method status="PASS" signature="quitTest()[pri:0, instance:Functional_Scenarios.CartScenarios@1d371b2d]" name="quitTest" is-config="true" duration-ms="1" started-at="2016-01-08T17:07:45Z" finished-at="2016-01-08T17:07:45Z">
          <reporter-output>
          </reporter-output>
        </test-method> <!-- quitTest -->
      </class> <!-- Functional_Scenarios.CartScenarios -->
    </test> <!-- CartScenarios -->
    <test name="ProductDetailsScenarios" duration-ms="806277" started-at="2016-01-08T11:37:45Z" finished-at="2016-01-08T11:51:12Z">
      <class name="Functional_Scenarios.ProductDetailsScenarios">
        <test-method status="PASS" signature="initializeDrivers()[pri:0, instance:Functional_Scenarios.ProductDetailsScenarios@17d0685f]" name="initializeDrivers" is-config="true" duration-ms="15479" started-at="2016-01-08T17:07:45Z" finished-at="2016-01-08T17:08:01Z">
          <reporter-output>
          </reporter-output>
        </test-method> <!-- initializeDrivers -->
        <test-method status="FAIL" signature="exchangeFunctionality()[pri:0, instance:Functional_Scenarios.ProductDetailsScenarios@17d0685f]" name="exchangeFunctionality" duration-ms="31592" started-at="2016-01-08T17:08:01Z" finished-at="2016-01-08T17:08:32Z">
          <exception class="org.openqa.selenium.NoSuchElementException">
            <message>
              <![CDATA[An element could not be located on the page using the given search parameters. (WARNING: The server did not provide any stacktrace information)
Command duration or timeout: 20.91 seconds
For documentation on this error, please visit: http://seleniumhq.org/exceptions/no_such_element.html
Build info: version: '2.45.0', revision: '5017cb8e7ca8e37638dc3091b2440b90a1d8686f', time: '2015-02-27 09:10:26'
System info: host: 'LP-116', ip: '192.168.56.1', os.name: 'Windows 7', os.arch: 'amd64', os.version: '6.1', java.version: '1.8.0_65'
Driver info: io.appium.java_client.android.AndroidDriver
Capabilities [{app=E:\Projects\QA_Sanity\ConsumerApp\app\Zopper.apk, networkConnectionEnabled=true, warnings={}, app-package=com.zopperapp, app-activity=com.zopper.aegon.ui.activity.SplashActivity, databaseEnabled=false, deviceName=4e8e9235, platform=LINUX, desired={app=E:\Projects\QA_Sanity\ConsumerApp\app\Zopper.apk, platformVersion=4.4, app-package=com.zopperapp, app-activity=com.zopper.aegon.ui.activity.SplashActivity, platformName=Android, deviceName=32048e16028fa1a5}, platformVersion=4.4.2, webStorageEnabled=false, locationContextEnabled=false, browserName=Android, takesScreenshot=true, javascriptEnabled=true, platformName=Android}]
Session ID: f0ba3ee0-ee25-4de7-9ed3-383eca92b351
*** Element info: {Using=id, value=com.zopperapp.staging:id/tv_drawer_signup_title}]]>
            </message>
            <full-stacktrace>
              <![CDATA[org.openqa.selenium.NoSuchElementException: An element could not be located on the page using the given search parameters. (WARNING: The server did not provide any stacktrace information)
Command duration or timeout: 20.91 seconds
For documentation on this error, please visit: http://seleniumhq.org/exceptions/no_such_element.html
Build info: version: '2.45.0', revision: '5017cb8e7ca8e37638dc3091b2440b90a1d8686f', time: '2015-02-27 09:10:26'
System info: host: 'LP-116', ip: '192.168.56.1', os.name: 'Windows 7', os.arch: 'amd64', os.version: '6.1', java.version: '1.8.0_65'
Driver info: io.appium.java_client.android.AndroidDriver
Capabilities [{app=E:\Projects\QA_Sanity\ConsumerApp\app\Zopper.apk, networkConnectionEnabled=true, warnings={}, app-package=com.zopperapp, app-activity=com.zopper.aegon.ui.activity.SplashActivity, databaseEnabled=false, deviceName=4e8e9235, platform=LINUX, desired={app=E:\Projects\QA_Sanity\ConsumerApp\app\Zopper.apk, platformVersion=4.4, app-package=com.zopperapp, app-activity=com.zopper.aegon.ui.activity.SplashActivity, platformName=Android, deviceName=32048e16028fa1a5}, platformVersion=4.4.2, webStorageEnabled=false, locationContextEnabled=false, browserName=Android, takesScreenshot=true, javascriptEnabled=true, platformName=Android}]
Session ID: f0ba3ee0-ee25-4de7-9ed3-383eca92b351
*** Element info: {Using=id, value=com.zopperapp.staging:id/tv_drawer_signup_title}
	at sun.reflect.NativeConstructorAccessorImpl.newInstance0(Native Method)
	at sun.reflect.NativeConstructorAccessorImpl.newInstance(Unknown Source)
	at sun.reflect.DelegatingConstructorAccessorImpl.newInstance(Unknown Source)
	at java.lang.reflect.Constructor.newInstance(Unknown Source)
	at org.openqa.selenium.remote.ErrorHandler.createThrowable(ErrorHandler.java:204)
	at org.openqa.selenium.remote.ErrorHandler.throwIfResponseFailed(ErrorHandler.java:156)
	at org.openqa.selenium.remote.RemoteWebDriver.execute(RemoteWebDriver.java:599)
	at io.appium.java_client.AppiumDriver.execute(AppiumDriver.java:180)
	at org.openqa.selenium.remote.RemoteWebDriver.findElement(RemoteWebDriver.java:352)
	at org.openqa.selenium.remote.RemoteWebDriver.findElementById(RemoteWebDriver.java:393)
	at org.openqa.selenium.By$ById.findElement(By.java:214)
	at org.openqa.selenium.remote.RemoteWebDriver.findElement(RemoteWebDriver.java:344)
	at BugRegressionSuite.BaseTestBugRegression.findElementById(BaseTestBugRegression.java:86)
	at BugRegressionSuite.BaseTestBugRegression.clickId(BaseTestBugRegression.java:106)
	at App_Functions.OpenLoginPage.openLoginPage(OpenLoginPage.java:13)
	at Functional_Scenarios.ProductDetailsScenarios.exchangeFunctionality(ProductDetailsScenarios.java:553)
	at sun.reflect.NativeMethodAccessorImpl.invoke0(Native Method)
	at sun.reflect.NativeMethodAccessorImpl.invoke(Unknown Source)
	at sun.reflect.DelegatingMethodAccessorImpl.invoke(Unknown Source)
	at java.lang.reflect.Method.invoke(Unknown Source)
	at org.testng.internal.MethodInvocationHelper.invokeMethod(MethodInvocationHelper.java:86)
	at org.testng.internal.Invoker.invokeMethod(Invoker.java:643)
	at org.testng.internal.Invoker.invokeTestMethod(Invoker.java:820)
	at org.testng.internal.Invoker.invokeTestMethods(Invoker.java:1128)
	at org.testng.internal.TestMethodWorker.invokeTestMethods(TestMethodWorker.java:129)
	at org.testng.internal.TestMethodWorker.run(TestMethodWorker.java:112)
	at org.testng.TestRunner.privateRun(TestRunner.java:782)
	at org.testng.TestRunner.run(TestRunner.java:632)
	at org.testng.SuiteRunner.runTest(SuiteRunner.java:366)
	at org.testng.SuiteRunner.runSequentially(SuiteRunner.java:361)
	at org.testng.SuiteRunner.privateRun(SuiteRunner.java:319)
	at org.testng.SuiteRunner.run(SuiteRunner.java:268)
	at org.testng.SuiteRunnerWorker.runSuite(SuiteRunnerWorker.java:52)
	at org.testng.SuiteRunnerWorker.run(SuiteRunnerWorker.java:86)
	at org.testng.TestNG.runSuitesSequentially(TestNG.java:1244)
	at org.testng.TestNG.runSuitesSequentially(TestNG.java:1240)
	at org.testng.TestNG.runSuitesLocally(TestNG.java:1169)
	at org.testng.TestNG.run(TestNG.java:1064)
	at org.apache.maven.surefire.testng.TestNGExecutor.run(TestNGExecutor.java:281)
	at org.apache.maven.surefire.testng.TestNGXmlTestSuite.execute(TestNGXmlTestSuite.java:75)
	at org.apache.maven.surefire.testng.TestNGProvider.invoke(TestNGProvider.java:121)
	at org.apache.maven.surefire.booter.ForkedBooter.invokeProviderInSameClassLoader(ForkedBooter.java:290)
	at org.apache.maven.surefire.booter.ForkedBooter.runSuitesInProcess(ForkedBooter.java:242)
	at org.apache.maven.surefire.booter.ForkedBooter.main(ForkedBooter.java:121)
]]>
            </full-stacktrace>
          </exception> <!-- org.openqa.selenium.NoSuchElementException -->
          <reporter-output>
          </reporter-output>
        </test-method> <!-- exchangeFunctionality -->
        <test-method status="PASS" signature="tearDown(org.testng.ITestResult)[pri:0, instance:Functional_Scenarios.ProductDetailsScenarios@17d0685f]" name="tearDown" is-config="true" duration-ms="1072" started-at="2016-01-08T17:08:32Z" finished-at="2016-01-08T17:08:33Z">
          <params>
            <param index="0">
              <value>
                <![CDATA[[TestResult name=exchangeFunctionality status=FAILURE method=ProductDetailsScenarios.exchangeFunctionality()[pri:0, instance:Functional_Scenarios.ProductDetailsScenarios@17d0685f] output={null}]]]>
              </value>
            </param>
          </params>
          <reporter-output>
          </reporter-output>
        </test-method> <!-- tearDown -->
        <test-method status="PASS" signature="initializeDrivers()[pri:0, instance:Functional_Scenarios.ProductDetailsScenarios@17d0685f]" name="initializeDrivers" is-config="true" duration-ms="17296" started-at="2016-01-08T17:08:33Z" finished-at="2016-01-08T17:08:51Z">
          <reporter-output>
          </reporter-output>
        </test-method> <!-- initializeDrivers -->
        <test-method status="FAIL" signature="executeTestCase()[pri:0, instance:Functional_Scenarios.ProductDetailsScenarios@17d0685f]" name="executeTestCase" duration-ms="50477" started-at="2016-01-08T17:08:51Z" finished-at="2016-01-08T17:09:41Z">
          <exception class="org.openqa.selenium.NoSuchElementException">
            <message>
              <![CDATA[An element could not be located on the page using the given search parameters. (WARNING: The server did not provide any stacktrace information)
Command duration or timeout: 20.20 seconds
For documentation on this error, please visit: http://seleniumhq.org/exceptions/no_such_element.html
Build info: version: '2.45.0', revision: '5017cb8e7ca8e37638dc3091b2440b90a1d8686f', time: '2015-02-27 09:10:26'
System info: host: 'LP-116', ip: '192.168.56.1', os.name: 'Windows 7', os.arch: 'amd64', os.version: '6.1', java.version: '1.8.0_65'
Driver info: io.appium.java_client.android.AndroidDriver
Capabilities [{app=E:\Projects\QA_Sanity\ConsumerApp\app\Zopper.apk, networkConnectionEnabled=true, warnings={}, app-package=com.zopperapp, app-activity=com.zopper.aegon.ui.activity.SplashActivity, databaseEnabled=false, deviceName=4e8e9235, platform=LINUX, desired={app=E:\Projects\QA_Sanity\ConsumerApp\app\Zopper.apk, platformVersion=4.4, app-package=com.zopperapp, app-activity=com.zopper.aegon.ui.activity.SplashActivity, platformName=Android, deviceName=32048e16028fa1a5}, platformVersion=4.4.2, webStorageEnabled=false, locationContextEnabled=false, browserName=Android, takesScreenshot=true, javascriptEnabled=true, platformName=Android}]
Session ID: c8197fb1-e228-41d4-9b00-cf054c4f46b8
*** Element info: {Using=id, value=com.zopperapp:id/tv_product_title}]]>
            </message>
            <full-stacktrace>
              <![CDATA[org.openqa.selenium.NoSuchElementException: An element could not be located on the page using the given search parameters. (WARNING: The server did not provide any stacktrace information)
Command duration or timeout: 20.20 seconds
For documentation on this error, please visit: http://seleniumhq.org/exceptions/no_such_element.html
Build info: version: '2.45.0', revision: '5017cb8e7ca8e37638dc3091b2440b90a1d8686f', time: '2015-02-27 09:10:26'
System info: host: 'LP-116', ip: '192.168.56.1', os.name: 'Windows 7', os.arch: 'amd64', os.version: '6.1', java.version: '1.8.0_65'
Driver info: io.appium.java_client.android.AndroidDriver
Capabilities [{app=E:\Projects\QA_Sanity\ConsumerApp\app\Zopper.apk, networkConnectionEnabled=true, warnings={}, app-package=com.zopperapp, app-activity=com.zopper.aegon.ui.activity.SplashActivity, databaseEnabled=false, deviceName=4e8e9235, platform=LINUX, desired={app=E:\Projects\QA_Sanity\ConsumerApp\app\Zopper.apk, platformVersion=4.4, app-package=com.zopperapp, app-activity=com.zopper.aegon.ui.activity.SplashActivity, platformName=Android, deviceName=32048e16028fa1a5}, platformVersion=4.4.2, webStorageEnabled=false, locationContextEnabled=false, browserName=Android, takesScreenshot=true, javascriptEnabled=true, platformName=Android}]
Session ID: c8197fb1-e228-41d4-9b00-cf054c4f46b8
*** Element info: {Using=id, value=com.zopperapp:id/tv_product_title}
	at sun.reflect.NativeConstructorAccessorImpl.newInstance0(Native Method)
	at sun.reflect.NativeConstructorAccessorImpl.newInstance(Unknown Source)
	at sun.reflect.DelegatingConstructorAccessorImpl.newInstance(Unknown Source)
	at java.lang.reflect.Constructor.newInstance(Unknown Source)
	at org.openqa.selenium.remote.ErrorHandler.createThrowable(ErrorHandler.java:204)
	at org.openqa.selenium.remote.ErrorHandler.throwIfResponseFailed(ErrorHandler.java:156)
	at org.openqa.selenium.remote.RemoteWebDriver.execute(RemoteWebDriver.java:599)
	at io.appium.java_client.AppiumDriver.execute(AppiumDriver.java:180)
	at org.openqa.selenium.remote.RemoteWebDriver.findElement(RemoteWebDriver.java:352)
	at org.openqa.selenium.remote.RemoteWebDriver.findElementById(RemoteWebDriver.java:393)
	at org.openqa.selenium.By$ById.findElement(By.java:214)
	at org.openqa.selenium.remote.RemoteWebDriver.findElement(RemoteWebDriver.java:344)
	at BugRegressionSuite.BaseTestBugRegression.findElementById(BaseTestBugRegression.java:86)
	at Functional_Scenarios.ProductDetailsScenarios.executeTestCase(ProductDetailsScenarios.java:69)
	at sun.reflect.NativeMethodAccessorImpl.invoke0(Native Method)
	at sun.reflect.NativeMethodAccessorImpl.invoke(Unknown Source)
	at sun.reflect.DelegatingMethodAccessorImpl.invoke(Unknown Source)
	at java.lang.reflect.Method.invoke(Unknown Source)
	at org.testng.internal.MethodInvocationHelper.invokeMethod(MethodInvocationHelper.java:86)
	at org.testng.internal.Invoker.invokeMethod(Invoker.java:643)
	at org.testng.internal.Invoker.invokeTestMethod(Invoker.java:820)
	at org.testng.internal.Invoker.invokeTestMethods(Invoker.java:1128)
	at org.testng.internal.TestMethodWorker.invokeTestMethods(TestMethodWorker.java:129)
	at org.testng.internal.TestMethodWorker.run(TestMethodWorker.java:112)
	at org.testng.TestRunner.privateRun(TestRunner.java:782)
	at org.testng.TestRunner.run(TestRunner.java:632)
	at org.testng.SuiteRunner.runTest(SuiteRunner.java:366)
	at org.testng.SuiteRunner.runSequentially(SuiteRunner.java:361)
	at org.testng.SuiteRunner.privateRun(SuiteRunner.java:319)
	at org.testng.SuiteRunner.run(SuiteRunner.java:268)
	at org.testng.SuiteRunnerWorker.runSuite(SuiteRunnerWorker.java:52)
	at org.testng.SuiteRunnerWorker.run(SuiteRunnerWorker.java:86)
	at org.testng.TestNG.runSuitesSequentially(TestNG.java:1244)
	at org.testng.TestNG.runSuitesSequentially(TestNG.java:1240)
	at org.testng.TestNG.runSuitesLocally(TestNG.java:1169)
	at org.testng.TestNG.run(TestNG.java:1064)
	at org.apache.maven.surefire.testng.TestNGExecutor.run(TestNGExecutor.java:281)
	at org.apache.maven.surefire.testng.TestNGXmlTestSuite.execute(TestNGXmlTestSuite.java:75)
	at org.apache.maven.surefire.testng.TestNGProvider.invoke(TestNGProvider.java:121)
	at org.apache.maven.surefire.booter.ForkedBooter.invokeProviderInSameClassLoader(ForkedBooter.java:290)
	at org.apache.maven.surefire.booter.ForkedBooter.runSuitesInProcess(ForkedBooter.java:242)
	at org.apache.maven.surefire.booter.ForkedBooter.main(ForkedBooter.java:121)
]]>
            </full-stacktrace>
          </exception> <!-- org.openqa.selenium.NoSuchElementException -->
          <reporter-output>
          </reporter-output>
        </test-method> <!-- executeTestCase -->
        <test-method status="PASS" signature="tearDown(org.testng.ITestResult)[pri:0, instance:Functional_Scenarios.ProductDetailsScenarios@17d0685f]" name="tearDown" is-config="true" duration-ms="1087" started-at="2016-01-08T17:09:41Z" finished-at="2016-01-08T17:09:42Z">
          <params>
            <param index="0">
              <value>
                <![CDATA[[TestResult name=executeTestCase status=FAILURE method=ProductDetailsScenarios.executeTestCase()[pri:0, instance:Functional_Scenarios.ProductDetailsScenarios@17d0685f] output={null}]]]>
              </value>
            </param>
          </params>
          <reporter-output>
          </reporter-output>
        </test-method> <!-- tearDown -->
        <test-method status="PASS" signature="initializeDrivers()[pri:0, instance:Functional_Scenarios.ProductDetailsScenarios@17d0685f]" name="initializeDrivers" is-config="true" duration-ms="16744" started-at="2016-01-08T17:09:42Z" finished-at="2016-01-08T17:09:59Z">
          <reporter-output>
          </reporter-output>
        </test-method> <!-- initializeDrivers -->
        <test-method status="FAIL" signature="favouritesProducts()[pri:0, instance:Functional_Scenarios.ProductDetailsScenarios@17d0685f]" name="favouritesProducts" duration-ms="53391" started-at="2016-01-08T17:09:59Z" finished-at="2016-01-08T17:10:52Z">
          <exception class="java.lang.Exception">
            <message>
              <![CDATA[org.openqa.selenium.NoSuchElementException: An element could not be located on the page using the given search parameters. (WARNING: The server did not provide any stacktrace information)
Command duration or timeout: 20.01 seconds
For documentation on this error, please visit: http://seleniumhq.org/exceptions/no_such_element.html
Build info: version: '2.45.0', revision: '5017cb8e7ca8e37638dc3091b2440b90a1d8686f', time: '2015-02-27 09:10:26'
System info: host: 'LP-116', ip: '192.168.56.1', os.name: 'Windows 7', os.arch: 'amd64', os.version: '6.1', java.version: '1.8.0_65'
Driver info: io.appium.java_client.android.AndroidDriver
Capabilities [{app=E:\Projects\QA_Sanity\ConsumerApp\app\Zopper.apk, networkConnectionEnabled=true, warnings={}, app-package=com.zopperapp, app-activity=com.zopper.aegon.ui.activity.SplashActivity, databaseEnabled=false, deviceName=4e8e9235, platform=LINUX, desired={app=E:\Projects\QA_Sanity\ConsumerApp\app\Zopper.apk, platformVersion=4.4, app-package=com.zopperapp, app-activity=com.zopper.aegon.ui.activity.SplashActivity, platformName=Android, deviceName=32048e16028fa1a5}, platformVersion=4.4.2, webStorageEnabled=false, locationContextEnabled=false, browserName=Android, takesScreenshot=true, javascriptEnabled=true, platformName=Android}]
Session ID: 933216d6-c1be-4d19-8cd7-93b748cd67e1
*** Element info: {Using=id, value=com.zopperapp.staging:id/iv_popular_cat1}]]>
            </message>
            <full-stacktrace>
              <![CDATA[java.lang.Exception: org.openqa.selenium.NoSuchElementException: An element could not be located on the page using the given search parameters. (WARNING: The server did not provide any stacktrace information)
Command duration or timeout: 20.01 seconds
For documentation on this error, please visit: http://seleniumhq.org/exceptions/no_such_element.html
Build info: version: '2.45.0', revision: '5017cb8e7ca8e37638dc3091b2440b90a1d8686f', time: '2015-02-27 09:10:26'
System info: host: 'LP-116', ip: '192.168.56.1', os.name: 'Windows 7', os.arch: 'amd64', os.version: '6.1', java.version: '1.8.0_65'
Driver info: io.appium.java_client.android.AndroidDriver
Capabilities [{app=E:\Projects\QA_Sanity\ConsumerApp\app\Zopper.apk, networkConnectionEnabled=true, warnings={}, app-package=com.zopperapp, app-activity=com.zopper.aegon.ui.activity.SplashActivity, databaseEnabled=false, deviceName=4e8e9235, platform=LINUX, desired={app=E:\Projects\QA_Sanity\ConsumerApp\app\Zopper.apk, platformVersion=4.4, app-package=com.zopperapp, app-activity=com.zopper.aegon.ui.activity.SplashActivity, platformName=Android, deviceName=32048e16028fa1a5}, platformVersion=4.4.2, webStorageEnabled=false, locationContextEnabled=false, browserName=Android, takesScreenshot=true, javascriptEnabled=true, platformName=Android}]
Session ID: 933216d6-c1be-4d19-8cd7-93b748cd67e1
*** Element info: {Using=id, value=com.zopperapp.staging:id/iv_popular_cat1}
	at Functional_Scenarios.ProductDetailsScenarios.favouritesProducts(ProductDetailsScenarios.java:541)
	at sun.reflect.NativeMethodAccessorImpl.invoke0(Native Method)
	at sun.reflect.NativeMethodAccessorImpl.invoke(Unknown Source)
	at sun.reflect.DelegatingMethodAccessorImpl.invoke(Unknown Source)
	at java.lang.reflect.Method.invoke(Unknown Source)
	at org.testng.internal.MethodInvocationHelper.invokeMethod(MethodInvocationHelper.java:86)
	at org.testng.internal.Invoker.invokeMethod(Invoker.java:643)
	at org.testng.internal.Invoker.invokeTestMethod(Invoker.java:820)
	at org.testng.internal.Invoker.invokeTestMethods(Invoker.java:1128)
	at org.testng.internal.TestMethodWorker.invokeTestMethods(TestMethodWorker.java:129)
	at org.testng.internal.TestMethodWorker.run(TestMethodWorker.java:112)
	at org.testng.TestRunner.privateRun(TestRunner.java:782)
	at org.testng.TestRunner.run(TestRunner.java:632)
	at org.testng.SuiteRunner.runTest(SuiteRunner.java:366)
	at org.testng.SuiteRunner.runSequentially(SuiteRunner.java:361)
	at org.testng.SuiteRunner.privateRun(SuiteRunner.java:319)
	at org.testng.SuiteRunner.run(SuiteRunner.java:268)
	at org.testng.SuiteRunnerWorker.runSuite(SuiteRunnerWorker.java:52)
	at org.testng.SuiteRunnerWorker.run(SuiteRunnerWorker.java:86)
	at org.testng.TestNG.runSuitesSequentially(TestNG.java:1244)
	at org.testng.TestNG.runSuitesSequentially(TestNG.java:1240)
	at org.testng.TestNG.runSuitesLocally(TestNG.java:1169)
	at org.testng.TestNG.run(TestNG.java:1064)
	at org.apache.maven.surefire.testng.TestNGExecutor.run(TestNGExecutor.java:281)
	at org.apache.maven.surefire.testng.TestNGXmlTestSuite.execute(TestNGXmlTestSuite.java:75)
	at org.apache.maven.surefire.testng.TestNGProvider.invoke(TestNGProvider.java:121)
	at org.apache.maven.surefire.booter.ForkedBooter.invokeProviderInSameClassLoader(ForkedBooter.java:290)
	at org.apache.maven.surefire.booter.ForkedBooter.runSuitesInProcess(ForkedBooter.java:242)
	at org.apache.maven.surefire.booter.ForkedBooter.main(ForkedBooter.java:121)
Caused by: org.openqa.selenium.NoSuchElementException: An element could not be located on the page using the given search parameters. (WARNING: The server did not provide any stacktrace information)
Command duration or timeout: 20.01 seconds
For documentation on this error, please visit: http://seleniumhq.org/exceptions/no_such_element.html
Build info: version: '2.45.0', revision: '5017cb8e7ca8e37638dc3091b2440b90a1d8686f', time: '2015-02-27 09:10:26'
System info: host: 'LP-116', ip: '192.168.56.1', os.name: 'Windows 7', os.arch: 'amd64', os.version: '6.1', java.version: '1.8.0_65'
Driver info: io.appium.java_client.android.AndroidDriver
Capabilities [{app=E:\Projects\QA_Sanity\ConsumerApp\app\Zopper.apk, networkConnectionEnabled=true, warnings={}, app-package=com.zopperapp, app-activity=com.zopper.aegon.ui.activity.SplashActivity, databaseEnabled=false, deviceName=4e8e9235, platform=LINUX, desired={app=E:\Projects\QA_Sanity\ConsumerApp\app\Zopper.apk, platformVersion=4.4, app-package=com.zopperapp, app-activity=com.zopper.aegon.ui.activity.SplashActivity, platformName=Android, deviceName=32048e16028fa1a5}, platformVersion=4.4.2, webStorageEnabled=false, locationContextEnabled=false, browserName=Android, takesScreenshot=true, javascriptEnabled=true, platformName=Android}]
Session ID: 933216d6-c1be-4d19-8cd7-93b748cd67e1
*** Element info: {Using=id, value=com.zopperapp.staging:id/iv_popular_cat1}
	at sun.reflect.NativeConstructorAccessorImpl.newInstance0(Native Method)
	at sun.reflect.NativeConstructorAccessorImpl.newInstance(Unknown Source)
	at sun.reflect.DelegatingConstructorAccessorImpl.newInstance(Unknown Source)
	at java.lang.reflect.Constructor.newInstance(Unknown Source)
	at org.openqa.selenium.remote.ErrorHandler.createThrowable(ErrorHandler.java:204)
	at org.openqa.selenium.remote.ErrorHandler.throwIfResponseFailed(ErrorHandler.java:156)
	at org.openqa.selenium.remote.RemoteWebDriver.execute(RemoteWebDriver.java:599)
	at io.appium.java_client.AppiumDriver.execute(AppiumDriver.java:180)
	at org.openqa.selenium.remote.RemoteWebDriver.findElement(RemoteWebDriver.java:352)
	at org.openqa.selenium.remote.RemoteWebDriver.findElementById(RemoteWebDriver.java:393)
	at org.openqa.selenium.By$ById.findElement(By.java:214)
	at org.openqa.selenium.remote.RemoteWebDriver.findElement(RemoteWebDriver.java:344)
	at BugRegressionSuite.BaseTestBugRegression.findElementById(BaseTestBugRegression.java:86)
	at BugRegressionSuite.BaseTestBugRegression.clickId(BaseTestBugRegression.java:106)
	at App_Functions.OpenAndroidPage.openAndroidPage(OpenAndroidPage.java:20)
	at Functional_Scenarios.ProductDetailsScenarios.favouritesProducts(ProductDetailsScenarios.java:462)
	... 28 more
]]>
            </full-stacktrace>
          </exception> <!-- java.lang.Exception -->
          <reporter-output>
          </reporter-output>
        </test-method> <!-- favouritesProducts -->
        <test-method status="PASS" signature="tearDown(org.testng.ITestResult)[pri:0, instance:Functional_Scenarios.ProductDetailsScenarios@17d0685f]" name="tearDown" is-config="true" duration-ms="1009" started-at="2016-01-08T17:10:52Z" finished-at="2016-01-08T17:10:53Z">
          <params>
            <param index="0">
              <value>
                <![CDATA[[TestResult name=favouritesProducts status=FAILURE method=ProductDetailsScenarios.favouritesProducts()[pri:0, instance:Functional_Scenarios.ProductDetailsScenarios@17d0685f] output={null}]]]>
              </value>
            </param>
          </params>
          <reporter-output>
          </reporter-output>
        </test-method> <!-- tearDown -->
        <test-method status="PASS" signature="initializeDrivers()[pri:0, instance:Functional_Scenarios.ProductDetailsScenarios@17d0685f]" name="initializeDrivers" is-config="true" duration-ms="15542" started-at="2016-01-08T17:10:53Z" finished-at="2016-01-08T17:11:09Z">
          <reporter-output>
          </reporter-output>
        </test-method> <!-- initializeDrivers -->
        <test-method status="FAIL" signature="loginCheckForSubmitReview()[pri:0, instance:Functional_Scenarios.ProductDetailsScenarios@17d0685f]" name="loginCheckForSubmitReview" duration-ms="71090" started-at="2016-01-08T17:11:09Z" finished-at="2016-01-08T17:12:20Z">
          <exception class="java.lang.Exception">
            <message>
              <![CDATA[java.lang.AssertionError: expected [true] but found [false]]]>
            </message>
            <full-stacktrace>
              <![CDATA[java.lang.Exception: java.lang.AssertionError: expected [true] but found [false]
	at Functional_Scenarios.ProductDetailsScenarios.loginCheckForSubmitReview(ProductDetailsScenarios.java:274)
	at sun.reflect.NativeMethodAccessorImpl.invoke0(Native Method)
	at sun.reflect.NativeMethodAccessorImpl.invoke(Unknown Source)
	at sun.reflect.DelegatingMethodAccessorImpl.invoke(Unknown Source)
	at java.lang.reflect.Method.invoke(Unknown Source)
	at org.testng.internal.MethodInvocationHelper.invokeMethod(MethodInvocationHelper.java:86)
	at org.testng.internal.Invoker.invokeMethod(Invoker.java:643)
	at org.testng.internal.Invoker.invokeTestMethod(Invoker.java:820)
	at org.testng.internal.Invoker.invokeTestMethods(Invoker.java:1128)
	at org.testng.internal.TestMethodWorker.invokeTestMethods(TestMethodWorker.java:129)
	at org.testng.internal.TestMethodWorker.run(TestMethodWorker.java:112)
	at org.testng.TestRunner.privateRun(TestRunner.java:782)
	at org.testng.TestRunner.run(TestRunner.java:632)
	at org.testng.SuiteRunner.runTest(SuiteRunner.java:366)
	at org.testng.SuiteRunner.runSequentially(SuiteRunner.java:361)
	at org.testng.SuiteRunner.privateRun(SuiteRunner.java:319)
	at org.testng.SuiteRunner.run(SuiteRunner.java:268)
	at org.testng.SuiteRunnerWorker.runSuite(SuiteRunnerWorker.java:52)
	at org.testng.SuiteRunnerWorker.run(SuiteRunnerWorker.java:86)
	at org.testng.TestNG.runSuitesSequentially(TestNG.java:1244)
	at org.testng.TestNG.runSuitesSequentially(TestNG.java:1240)
	at org.testng.TestNG.runSuitesLocally(TestNG.java:1169)
	at org.testng.TestNG.run(TestNG.java:1064)
	at org.apache.maven.surefire.testng.TestNGExecutor.run(TestNGExecutor.java:281)
	at org.apache.maven.surefire.testng.TestNGXmlTestSuite.execute(TestNGXmlTestSuite.java:75)
	at org.apache.maven.surefire.testng.TestNGProvider.invoke(TestNGProvider.java:121)
	at org.apache.maven.surefire.booter.ForkedBooter.invokeProviderInSameClassLoader(ForkedBooter.java:290)
	at org.apache.maven.surefire.booter.ForkedBooter.runSuitesInProcess(ForkedBooter.java:242)
	at org.apache.maven.surefire.booter.ForkedBooter.main(ForkedBooter.java:121)
Caused by: java.lang.AssertionError: expected [true] but found [false]
	at org.testng.Assert.fail(Assert.java:94)
	at org.testng.Assert.failNotEquals(Assert.java:513)
	at org.testng.Assert.assertTrue(Assert.java:42)
	at org.testng.Assert.assertTrue(Assert.java:52)
	at Functional_Scenarios.ProductDetailsScenarios.loginCheckForSubmitReview(ProductDetailsScenarios.java:266)
	... 28 more
]]>
            </full-stacktrace>
          </exception> <!-- java.lang.Exception -->
          <reporter-output>
          </reporter-output>
        </test-method> <!-- loginCheckForSubmitReview -->
        <test-method status="PASS" signature="tearDown(org.testng.ITestResult)[pri:0, instance:Functional_Scenarios.ProductDetailsScenarios@17d0685f]" name="tearDown" is-config="true" duration-ms="1094" started-at="2016-01-08T17:12:20Z" finished-at="2016-01-08T17:12:21Z">
          <params>
            <param index="0">
              <value>
                <![CDATA[[TestResult name=loginCheckForSubmitReview status=FAILURE method=ProductDetailsScenarios.loginCheckForSubmitReview()[pri:0, instance:Functional_Scenarios.ProductDetailsScenarios@17d0685f] output={null}]]]>
              </value>
            </param>
          </params>
          <reporter-output>
          </reporter-output>
        </test-method> <!-- tearDown -->
        <test-method status="PASS" signature="initializeDrivers()[pri:0, instance:Functional_Scenarios.ProductDetailsScenarios@17d0685f]" name="initializeDrivers" is-config="true" duration-ms="15077" started-at="2016-01-08T17:12:21Z" finished-at="2016-01-08T17:12:36Z">
          <reporter-output>
          </reporter-output>
        </test-method> <!-- initializeDrivers -->
        <test-method status="FAIL" signature="moreCategoryProductListing()[pri:0, instance:Functional_Scenarios.ProductDetailsScenarios@17d0685f]" name="moreCategoryProductListing" duration-ms="41836" started-at="2016-01-08T17:12:36Z" finished-at="2016-01-08T17:13:18Z">
          <exception class="java.lang.IndexOutOfBoundsException">
            <message>
              <![CDATA[Index: 0, Size: 0]]>
            </message>
            <full-stacktrace>
              <![CDATA[java.lang.IndexOutOfBoundsException: Index: 0, Size: 0
	at java.util.ArrayList.rangeCheck(Unknown Source)
	at java.util.ArrayList.get(Unknown Source)
	at Functional_Scenarios.ProductDetailsScenarios.moreCategoryProductListing(ProductDetailsScenarios.java:443)
	at sun.reflect.NativeMethodAccessorImpl.invoke0(Native Method)
	at sun.reflect.NativeMethodAccessorImpl.invoke(Unknown Source)
	at sun.reflect.DelegatingMethodAccessorImpl.invoke(Unknown Source)
	at java.lang.reflect.Method.invoke(Unknown Source)
	at org.testng.internal.MethodInvocationHelper.invokeMethod(MethodInvocationHelper.java:86)
	at org.testng.internal.Invoker.invokeMethod(Invoker.java:643)
	at org.testng.internal.Invoker.invokeTestMethod(Invoker.java:820)
	at org.testng.internal.Invoker.invokeTestMethods(Invoker.java:1128)
	at org.testng.internal.TestMethodWorker.invokeTestMethods(TestMethodWorker.java:129)
	at org.testng.internal.TestMethodWorker.run(TestMethodWorker.java:112)
	at org.testng.TestRunner.privateRun(TestRunner.java:782)
	at org.testng.TestRunner.run(TestRunner.java:632)
	at org.testng.SuiteRunner.runTest(SuiteRunner.java:366)
	at org.testng.SuiteRunner.runSequentially(SuiteRunner.java:361)
	at org.testng.SuiteRunner.privateRun(SuiteRunner.java:319)
	at org.testng.SuiteRunner.run(SuiteRunner.java:268)
	at org.testng.SuiteRunnerWorker.runSuite(SuiteRunnerWorker.java:52)
	at org.testng.SuiteRunnerWorker.run(SuiteRunnerWorker.java:86)
	at org.testng.TestNG.runSuitesSequentially(TestNG.java:1244)
	at org.testng.TestNG.runSuitesSequentially(TestNG.java:1240)
	at org.testng.TestNG.runSuitesLocally(TestNG.java:1169)
	at org.testng.TestNG.run(TestNG.java:1064)
	at org.apache.maven.surefire.testng.TestNGExecutor.run(TestNGExecutor.java:281)
	at org.apache.maven.surefire.testng.TestNGXmlTestSuite.execute(TestNGXmlTestSuite.java:75)
	at org.apache.maven.surefire.testng.TestNGProvider.invoke(TestNGProvider.java:121)
	at org.apache.maven.surefire.booter.ForkedBooter.invokeProviderInSameClassLoader(ForkedBooter.java:290)
	at org.apache.maven.surefire.booter.ForkedBooter.runSuitesInProcess(ForkedBooter.java:242)
	at org.apache.maven.surefire.booter.ForkedBooter.main(ForkedBooter.java:121)
]]>
            </full-stacktrace>
          </exception> <!-- java.lang.IndexOutOfBoundsException -->
          <reporter-output>
          </reporter-output>
        </test-method> <!-- moreCategoryProductListing -->
        <test-method status="PASS" signature="tearDown(org.testng.ITestResult)[pri:0, instance:Functional_Scenarios.ProductDetailsScenarios@17d0685f]" name="tearDown" is-config="true" duration-ms="1041" started-at="2016-01-08T17:13:18Z" finished-at="2016-01-08T17:13:19Z">
          <params>
            <param index="0">
              <value>
                <![CDATA[[TestResult name=moreCategoryProductListing status=FAILURE method=ProductDetailsScenarios.moreCategoryProductListing()[pri:0, instance:Functional_Scenarios.ProductDetailsScenarios@17d0685f] output={null}]]]>
              </value>
            </param>
          </params>
          <reporter-output>
          </reporter-output>
        </test-method> <!-- tearDown -->
        <test-method status="PASS" signature="initializeDrivers()[pri:0, instance:Functional_Scenarios.ProductDetailsScenarios@17d0685f]" name="initializeDrivers" is-config="true" duration-ms="15822" started-at="2016-01-08T17:13:19Z" finished-at="2016-01-08T17:13:35Z">
          <reporter-output>
          </reporter-output>
        </test-method> <!-- initializeDrivers -->
        <test-method status="PASS" signature="productEnlargedImage()[pri:0, instance:Functional_Scenarios.ProductDetailsScenarios@17d0685f]" name="productEnlargedImage" duration-ms="35022" started-at="2016-01-08T17:13:35Z" finished-at="2016-01-08T17:14:10Z">
          <reporter-output>
          </reporter-output>
        </test-method> <!-- productEnlargedImage -->
        <test-method status="PASS" signature="tearDown(org.testng.ITestResult)[pri:0, instance:Functional_Scenarios.ProductDetailsScenarios@17d0685f]" name="tearDown" is-config="true" duration-ms="1143" started-at="2016-01-08T17:14:10Z" finished-at="2016-01-08T17:14:11Z">
          <params>
            <param index="0">
              <value>
                <![CDATA[[TestResult name=productEnlargedImage status=SUCCESS method=ProductDetailsScenarios.productEnlargedImage()[pri:0, instance:Functional_Scenarios.ProductDetailsScenarios@17d0685f] output={null}]]]>
              </value>
            </param>
          </params>
          <reporter-output>
          </reporter-output>
        </test-method> <!-- tearDown -->
        <test-method status="PASS" signature="initializeDrivers()[pri:0, instance:Functional_Scenarios.ProductDetailsScenarios@17d0685f]" name="initializeDrivers" is-config="true" duration-ms="16216" started-at="2016-01-08T17:14:11Z" finished-at="2016-01-08T17:14:27Z">
          <reporter-output>
          </reporter-output>
        </test-method> <!-- initializeDrivers -->
        <test-method status="PASS" signature="productFeaturesDetails()[pri:0, instance:Functional_Scenarios.ProductDetailsScenarios@17d0685f]" name="productFeaturesDetails" duration-ms="84018" started-at="2016-01-08T17:14:27Z" finished-at="2016-01-08T17:15:51Z">
          <reporter-output>
          </reporter-output>
        </test-method> <!-- productFeaturesDetails -->
        <test-method status="PASS" signature="tearDown(org.testng.ITestResult)[pri:0, instance:Functional_Scenarios.ProductDetailsScenarios@17d0685f]" name="tearDown" is-config="true" duration-ms="1163" started-at="2016-01-08T17:15:51Z" finished-at="2016-01-08T17:15:53Z">
          <params>
            <param index="0">
              <value>
                <![CDATA[[TestResult name=productFeaturesDetails status=SUCCESS method=ProductDetailsScenarios.productFeaturesDetails()[pri:0, instance:Functional_Scenarios.ProductDetailsScenarios@17d0685f] output={null}]]]>
              </value>
            </param>
          </params>
          <reporter-output>
          </reporter-output>
        </test-method> <!-- tearDown -->
        <test-method status="PASS" signature="initializeDrivers()[pri:0, instance:Functional_Scenarios.ProductDetailsScenarios@17d0685f]" name="initializeDrivers" is-config="true" duration-ms="17047" started-at="2016-01-08T17:15:53Z" finished-at="2016-01-08T17:16:10Z">
          <reporter-output>
          </reporter-output>
        </test-method> <!-- initializeDrivers -->
        <test-method status="FAIL" signature="productWithFilter()[pri:0, instance:Functional_Scenarios.ProductDetailsScenarios@17d0685f]" name="productWithFilter" duration-ms="42170" started-at="2016-01-08T17:16:10Z" finished-at="2016-01-08T17:16:52Z">
          <exception class="org.openqa.selenium.NoSuchElementException">
            <message>
              <![CDATA[An element could not be located on the page using the given search parameters. (WARNING: The server did not provide any stacktrace information)
Command duration or timeout: 20.97 seconds
For documentation on this error, please visit: http://seleniumhq.org/exceptions/no_such_element.html
Build info: version: '2.45.0', revision: '5017cb8e7ca8e37638dc3091b2440b90a1d8686f', time: '2015-02-27 09:10:26'
System info: host: 'LP-116', ip: '192.168.56.1', os.name: 'Windows 7', os.arch: 'amd64', os.version: '6.1', java.version: '1.8.0_65'
Driver info: io.appium.java_client.android.AndroidDriver
Capabilities [{app=E:\Projects\QA_Sanity\ConsumerApp\app\Zopper.apk, networkConnectionEnabled=true, warnings={}, app-package=com.zopperapp, app-activity=com.zopper.aegon.ui.activity.SplashActivity, databaseEnabled=false, deviceName=4e8e9235, platform=LINUX, desired={app=E:\Projects\QA_Sanity\ConsumerApp\app\Zopper.apk, platformVersion=4.4, app-package=com.zopperapp, app-activity=com.zopper.aegon.ui.activity.SplashActivity, platformName=Android, deviceName=32048e16028fa1a5}, platformVersion=4.4.2, webStorageEnabled=false, locationContextEnabled=false, browserName=Android, takesScreenshot=true, javascriptEnabled=true, platformName=Android}]
Session ID: 6af0e1a3-f4a9-473f-9776-5296dc124567
*** Element info: {Using=name, value=Samsung}]]>
            </message>
            <full-stacktrace>
              <![CDATA[org.openqa.selenium.NoSuchElementException: An element could not be located on the page using the given search parameters. (WARNING: The server did not provide any stacktrace information)
Command duration or timeout: 20.97 seconds
For documentation on this error, please visit: http://seleniumhq.org/exceptions/no_such_element.html
Build info: version: '2.45.0', revision: '5017cb8e7ca8e37638dc3091b2440b90a1d8686f', time: '2015-02-27 09:10:26'
System info: host: 'LP-116', ip: '192.168.56.1', os.name: 'Windows 7', os.arch: 'amd64', os.version: '6.1', java.version: '1.8.0_65'
Driver info: io.appium.java_client.android.AndroidDriver
Capabilities [{app=E:\Projects\QA_Sanity\ConsumerApp\app\Zopper.apk, networkConnectionEnabled=true, warnings={}, app-package=com.zopperapp, app-activity=com.zopper.aegon.ui.activity.SplashActivity, databaseEnabled=false, deviceName=4e8e9235, platform=LINUX, desired={app=E:\Projects\QA_Sanity\ConsumerApp\app\Zopper.apk, platformVersion=4.4, app-package=com.zopperapp, app-activity=com.zopper.aegon.ui.activity.SplashActivity, platformName=Android, deviceName=32048e16028fa1a5}, platformVersion=4.4.2, webStorageEnabled=false, locationContextEnabled=false, browserName=Android, takesScreenshot=true, javascriptEnabled=true, platformName=Android}]
Session ID: 6af0e1a3-f4a9-473f-9776-5296dc124567
*** Element info: {Using=name, value=Samsung}
	at sun.reflect.NativeConstructorAccessorImpl.newInstance0(Native Method)
	at sun.reflect.NativeConstructorAccessorImpl.newInstance(Unknown Source)
	at sun.reflect.DelegatingConstructorAccessorImpl.newInstance(Unknown Source)
	at java.lang.reflect.Constructor.newInstance(Unknown Source)
	at org.openqa.selenium.remote.ErrorHandler.createThrowable(ErrorHandler.java:204)
	at org.openqa.selenium.remote.ErrorHandler.throwIfResponseFailed(ErrorHandler.java:156)
	at org.openqa.selenium.remote.RemoteWebDriver.execute(RemoteWebDriver.java:599)
	at io.appium.java_client.AppiumDriver.execute(AppiumDriver.java:180)
	at org.openqa.selenium.remote.RemoteWebDriver.findElement(RemoteWebDriver.java:352)
	at org.openqa.selenium.remote.RemoteWebDriver.findElementByName(RemoteWebDriver.java:425)
	at org.openqa.selenium.By$ByName.findElement(By.java:299)
	at org.openqa.selenium.remote.RemoteWebDriver.findElement(RemoteWebDriver.java:344)
	at BugRegressionSuite.BaseTestBugRegression.findElementByName(BaseTestBugRegression.java:90)
	at BugRegressionSuite.BaseTestBugRegression.clickName(BaseTestBugRegression.java:102)
	at Functional_Scenarios.ProductDetailsScenarios.productWithFilter(ProductDetailsScenarios.java:331)
	at sun.reflect.NativeMethodAccessorImpl.invoke0(Native Method)
	at sun.reflect.NativeMethodAccessorImpl.invoke(Unknown Source)
	at sun.reflect.DelegatingMethodAccessorImpl.invoke(Unknown Source)
	at java.lang.reflect.Method.invoke(Unknown Source)
	at org.testng.internal.MethodInvocationHelper.invokeMethod(MethodInvocationHelper.java:86)
	at org.testng.internal.Invoker.invokeMethod(Invoker.java:643)
	at org.testng.internal.Invoker.invokeTestMethod(Invoker.java:820)
	at org.testng.internal.Invoker.invokeTestMethods(Invoker.java:1128)
	at org.testng.internal.TestMethodWorker.invokeTestMethods(TestMethodWorker.java:129)
	at org.testng.internal.TestMethodWorker.run(TestMethodWorker.java:112)
	at org.testng.TestRunner.privateRun(TestRunner.java:782)
	at org.testng.TestRunner.run(TestRunner.java:632)
	at org.testng.SuiteRunner.runTest(SuiteRunner.java:366)
	at org.testng.SuiteRunner.runSequentially(SuiteRunner.java:361)
	at org.testng.SuiteRunner.privateRun(SuiteRunner.java:319)
	at org.testng.SuiteRunner.run(SuiteRunner.java:268)
	at org.testng.SuiteRunnerWorker.runSuite(SuiteRunnerWorker.java:52)
	at org.testng.SuiteRunnerWorker.run(SuiteRunnerWorker.java:86)
	at org.testng.TestNG.runSuitesSequentially(TestNG.java:1244)
	at org.testng.TestNG.runSuitesSequentially(TestNG.java:1240)
	at org.testng.TestNG.runSuitesLocally(TestNG.java:1169)
	at org.testng.TestNG.run(TestNG.java:1064)
	at org.apache.maven.surefire.testng.TestNGExecutor.run(TestNGExecutor.java:281)
	at org.apache.maven.surefire.testng.TestNGXmlTestSuite.execute(TestNGXmlTestSuite.java:75)
	at org.apache.maven.surefire.testng.TestNGProvider.invoke(TestNGProvider.java:121)
	at org.apache.maven.surefire.booter.ForkedBooter.invokeProviderInSameClassLoader(ForkedBooter.java:290)
	at org.apache.maven.surefire.booter.ForkedBooter.runSuitesInProcess(ForkedBooter.java:242)
	at org.apache.maven.surefire.booter.ForkedBooter.main(ForkedBooter.java:121)
]]>
            </full-stacktrace>
          </exception> <!-- org.openqa.selenium.NoSuchElementException -->
          <reporter-output>
          </reporter-output>
        </test-method> <!-- productWithFilter -->
        <test-method status="PASS" signature="tearDown(org.testng.ITestResult)[pri:0, instance:Functional_Scenarios.ProductDetailsScenarios@17d0685f]" name="tearDown" is-config="true" duration-ms="1024" started-at="2016-01-08T17:16:52Z" finished-at="2016-01-08T17:16:53Z">
          <params>
            <param index="0">
              <value>
                <![CDATA[[TestResult name=productWithFilter status=FAILURE method=ProductDetailsScenarios.productWithFilter()[pri:0, instance:Functional_Scenarios.ProductDetailsScenarios@17d0685f] output={null}]]]>
              </value>
            </param>
          </params>
          <reporter-output>
          </reporter-output>
        </test-method> <!-- tearDown -->
        <test-method status="PASS" signature="initializeDrivers()[pri:0, instance:Functional_Scenarios.ProductDetailsScenarios@17d0685f]" name="initializeDrivers" is-config="true" duration-ms="15786" started-at="2016-01-08T17:16:53Z" finished-at="2016-01-08T17:17:09Z">
          <reporter-output>
          </reporter-output>
        </test-method> <!-- initializeDrivers -->
        <test-method status="PASS" signature="removeAppliedFilter()[pri:0, instance:Functional_Scenarios.ProductDetailsScenarios@17d0685f]" name="removeAppliedFilter" duration-ms="26771" started-at="2016-01-08T17:17:09Z" finished-at="2016-01-08T17:17:35Z">
          <reporter-output>
          </reporter-output>
        </test-method> <!-- removeAppliedFilter -->
        <test-method status="PASS" signature="tearDown(org.testng.ITestResult)[pri:0, instance:Functional_Scenarios.ProductDetailsScenarios@17d0685f]" name="tearDown" is-config="true" duration-ms="1103" started-at="2016-01-08T17:17:35Z" finished-at="2016-01-08T17:17:36Z">
          <params>
            <param index="0">
              <value>
                <![CDATA[[TestResult name=removeAppliedFilter status=SUCCESS method=ProductDetailsScenarios.removeAppliedFilter()[pri:0, instance:Functional_Scenarios.ProductDetailsScenarios@17d0685f] output={null}]]]>
              </value>
            </param>
          </params>
          <reporter-output>
          </reporter-output>
        </test-method> <!-- tearDown -->
        <test-method status="PASS" signature="initializeDrivers()[pri:0, instance:Functional_Scenarios.ProductDetailsScenarios@17d0685f]" name="initializeDrivers" is-config="true" duration-ms="16179" started-at="2016-01-08T17:17:36Z" finished-at="2016-01-08T17:17:53Z">
          <reporter-output>
          </reporter-output>
        </test-method> <!-- initializeDrivers -->
        <test-method status="FAIL" signature="scrollableProductList()[pri:0, instance:Functional_Scenarios.ProductDetailsScenarios@17d0685f]" name="scrollableProductList" duration-ms="127897" started-at="2016-01-08T17:17:53Z" finished-at="2016-01-08T17:20:01Z">
          <exception class="java.lang.AssertionError">
            <message>
              <![CDATA[expected [true] but found [false]]]>
            </message>
            <full-stacktrace>
              <![CDATA[java.lang.AssertionError: expected [true] but found [false]
	at org.testng.Assert.fail(Assert.java:94)
	at org.testng.Assert.failNotEquals(Assert.java:513)
	at org.testng.Assert.assertTrue(Assert.java:42)
	at org.testng.Assert.assertTrue(Assert.java:52)
	at Functional_Scenarios.ProductDetailsScenarios.scrollableProductList(ProductDetailsScenarios.java:306)
	at sun.reflect.NativeMethodAccessorImpl.invoke0(Native Method)
	at sun.reflect.NativeMethodAccessorImpl.invoke(Unknown Source)
	at sun.reflect.DelegatingMethodAccessorImpl.invoke(Unknown Source)
	at java.lang.reflect.Method.invoke(Unknown Source)
	at org.testng.internal.MethodInvocationHelper.invokeMethod(MethodInvocationHelper.java:86)
	at org.testng.internal.Invoker.invokeMethod(Invoker.java:643)
	at org.testng.internal.Invoker.invokeTestMethod(Invoker.java:820)
	at org.testng.internal.Invoker.invokeTestMethods(Invoker.java:1128)
	at org.testng.internal.TestMethodWorker.invokeTestMethods(TestMethodWorker.java:129)
	at org.testng.internal.TestMethodWorker.run(TestMethodWorker.java:112)
	at org.testng.TestRunner.privateRun(TestRunner.java:782)
	at org.testng.TestRunner.run(TestRunner.java:632)
	at org.testng.SuiteRunner.runTest(SuiteRunner.java:366)
	at org.testng.SuiteRunner.runSequentially(SuiteRunner.java:361)
	at org.testng.SuiteRunner.privateRun(SuiteRunner.java:319)
	at org.testng.SuiteRunner.run(SuiteRunner.java:268)
	at org.testng.SuiteRunnerWorker.runSuite(SuiteRunnerWorker.java:52)
	at org.testng.SuiteRunnerWorker.run(SuiteRunnerWorker.java:86)
	at org.testng.TestNG.runSuitesSequentially(TestNG.java:1244)
	at org.testng.TestNG.runSuitesSequentially(TestNG.java:1240)
	at org.testng.TestNG.runSuitesLocally(TestNG.java:1169)
	at org.testng.TestNG.run(TestNG.java:1064)
	at org.apache.maven.surefire.testng.TestNGExecutor.run(TestNGExecutor.java:281)
	at org.apache.maven.surefire.testng.TestNGXmlTestSuite.execute(TestNGXmlTestSuite.java:75)
	at org.apache.maven.surefire.testng.TestNGProvider.invoke(TestNGProvider.java:121)
	at org.apache.maven.surefire.booter.ForkedBooter.invokeProviderInSameClassLoader(ForkedBooter.java:290)
	at org.apache.maven.surefire.booter.ForkedBooter.runSuitesInProcess(ForkedBooter.java:242)
	at org.apache.maven.surefire.booter.ForkedBooter.main(ForkedBooter.java:121)
]]>
            </full-stacktrace>
          </exception> <!-- java.lang.AssertionError -->
          <reporter-output>
          </reporter-output>
        </test-method> <!-- scrollableProductList -->
        <test-method status="PASS" signature="tearDown(org.testng.ITestResult)[pri:0, instance:Functional_Scenarios.ProductDetailsScenarios@17d0685f]" name="tearDown" is-config="true" duration-ms="1065" started-at="2016-01-08T17:20:01Z" finished-at="2016-01-08T17:20:02Z">
          <params>
            <param index="0">
              <value>
                <![CDATA[[TestResult name=scrollableProductList status=FAILURE method=ProductDetailsScenarios.scrollableProductList()[pri:0, instance:Functional_Scenarios.ProductDetailsScenarios@17d0685f] output={null}]]]>
              </value>
            </param>
          </params>
          <reporter-output>
          </reporter-output>
        </test-method> <!-- tearDown -->
        <test-method status="PASS" signature="initializeDrivers()[pri:0, instance:Functional_Scenarios.ProductDetailsScenarios@17d0685f]" name="initializeDrivers" is-config="true" duration-ms="17431" started-at="2016-01-08T17:20:02Z" finished-at="2016-01-08T17:20:19Z">
          <reporter-output>
          </reporter-output>
        </test-method> <!-- initializeDrivers -->
        <test-method status="FAIL" signature="sorting()[pri:0, instance:Functional_Scenarios.ProductDetailsScenarios@17d0685f]" name="sorting" duration-ms="51473" started-at="2016-01-08T17:20:19Z" finished-at="2016-01-08T17:21:10Z">
          <exception class="org.openqa.selenium.NoSuchElementException">
            <message>
              <![CDATA[An element could not be located on the page using the given search parameters. (WARNING: The server did not provide any stacktrace information)
Command duration or timeout: 20.76 seconds
For documentation on this error, please visit: http://seleniumhq.org/exceptions/no_such_element.html
Build info: version: '2.45.0', revision: '5017cb8e7ca8e37638dc3091b2440b90a1d8686f', time: '2015-02-27 09:10:26'
System info: host: 'LP-116', ip: '192.168.56.1', os.name: 'Windows 7', os.arch: 'amd64', os.version: '6.1', java.version: '1.8.0_65'
Driver info: io.appium.java_client.android.AndroidDriver
Capabilities [{app=E:\Projects\QA_Sanity\ConsumerApp\app\Zopper.apk, networkConnectionEnabled=true, warnings={}, app-package=com.zopperapp, app-activity=com.zopper.aegon.ui.activity.SplashActivity, databaseEnabled=false, deviceName=4e8e9235, platform=LINUX, desired={app=E:\Projects\QA_Sanity\ConsumerApp\app\Zopper.apk, platformVersion=4.4, app-package=com.zopperapp, app-activity=com.zopper.aegon.ui.activity.SplashActivity, platformName=Android, deviceName=32048e16028fa1a5}, platformVersion=4.4.2, webStorageEnabled=false, locationContextEnabled=false, browserName=Android, takesScreenshot=true, javascriptEnabled=true, platformName=Android}]
Session ID: fca97615-4952-4a48-b1e2-bcbe2865cd36
*** Element info: {Using=id, value=com.zopperapp.staging:id/iv_popular_cat1}]]>
            </message>
            <full-stacktrace>
              <![CDATA[org.openqa.selenium.NoSuchElementException: An element could not be located on the page using the given search parameters. (WARNING: The server did not provide any stacktrace information)
Command duration or timeout: 20.76 seconds
For documentation on this error, please visit: http://seleniumhq.org/exceptions/no_such_element.html
Build info: version: '2.45.0', revision: '5017cb8e7ca8e37638dc3091b2440b90a1d8686f', time: '2015-02-27 09:10:26'
System info: host: 'LP-116', ip: '192.168.56.1', os.name: 'Windows 7', os.arch: 'amd64', os.version: '6.1', java.version: '1.8.0_65'
Driver info: io.appium.java_client.android.AndroidDriver
Capabilities [{app=E:\Projects\QA_Sanity\ConsumerApp\app\Zopper.apk, networkConnectionEnabled=true, warnings={}, app-package=com.zopperapp, app-activity=com.zopper.aegon.ui.activity.SplashActivity, databaseEnabled=false, deviceName=4e8e9235, platform=LINUX, desired={app=E:\Projects\QA_Sanity\ConsumerApp\app\Zopper.apk, platformVersion=4.4, app-package=com.zopperapp, app-activity=com.zopper.aegon.ui.activity.SplashActivity, platformName=Android, deviceName=32048e16028fa1a5}, platformVersion=4.4.2, webStorageEnabled=false, locationContextEnabled=false, browserName=Android, takesScreenshot=true, javascriptEnabled=true, platformName=Android}]
Session ID: fca97615-4952-4a48-b1e2-bcbe2865cd36
*** Element info: {Using=id, value=com.zopperapp.staging:id/iv_popular_cat1}
	at sun.reflect.NativeConstructorAccessorImpl.newInstance0(Native Method)
	at sun.reflect.NativeConstructorAccessorImpl.newInstance(Unknown Source)
	at sun.reflect.DelegatingConstructorAccessorImpl.newInstance(Unknown Source)
	at java.lang.reflect.Constructor.newInstance(Unknown Source)
	at org.openqa.selenium.remote.ErrorHandler.createThrowable(ErrorHandler.java:204)
	at org.openqa.selenium.remote.ErrorHandler.throwIfResponseFailed(ErrorHandler.java:156)
	at org.openqa.selenium.remote.RemoteWebDriver.execute(RemoteWebDriver.java:599)
	at io.appium.java_client.AppiumDriver.execute(AppiumDriver.java:180)
	at org.openqa.selenium.remote.RemoteWebDriver.findElement(RemoteWebDriver.java:352)
	at org.openqa.selenium.remote.RemoteWebDriver.findElementById(RemoteWebDriver.java:393)
	at org.openqa.selenium.By$ById.findElement(By.java:214)
	at org.openqa.selenium.remote.RemoteWebDriver.findElement(RemoteWebDriver.java:344)
	at BugRegressionSuite.BaseTestBugRegression.findElementById(BaseTestBugRegression.java:86)
	at BugRegressionSuite.BaseTestBugRegression.clickId(BaseTestBugRegression.java:106)
	at App_Functions.OpenAndroidPage.openAndroidPage(OpenAndroidPage.java:20)
	at Functional_Scenarios.ProductDetailsScenarios.sorting(ProductDetailsScenarios.java:391)
	at sun.reflect.NativeMethodAccessorImpl.invoke0(Native Method)
	at sun.reflect.NativeMethodAccessorImpl.invoke(Unknown Source)
	at sun.reflect.DelegatingMethodAccessorImpl.invoke(Unknown Source)
	at java.lang.reflect.Method.invoke(Unknown Source)
	at org.testng.internal.MethodInvocationHelper.invokeMethod(MethodInvocationHelper.java:86)
	at org.testng.internal.Invoker.invokeMethod(Invoker.java:643)
	at org.testng.internal.Invoker.invokeTestMethod(Invoker.java:820)
	at org.testng.internal.Invoker.invokeTestMethods(Invoker.java:1128)
	at org.testng.internal.TestMethodWorker.invokeTestMethods(TestMethodWorker.java:129)
	at org.testng.internal.TestMethodWorker.run(TestMethodWorker.java:112)
	at org.testng.TestRunner.privateRun(TestRunner.java:782)
	at org.testng.TestRunner.run(TestRunner.java:632)
	at org.testng.SuiteRunner.runTest(SuiteRunner.java:366)
	at org.testng.SuiteRunner.runSequentially(SuiteRunner.java:361)
	at org.testng.SuiteRunner.privateRun(SuiteRunner.java:319)
	at org.testng.SuiteRunner.run(SuiteRunner.java:268)
	at org.testng.SuiteRunnerWorker.runSuite(SuiteRunnerWorker.java:52)
	at org.testng.SuiteRunnerWorker.run(SuiteRunnerWorker.java:86)
	at org.testng.TestNG.runSuitesSequentially(TestNG.java:1244)
	at org.testng.TestNG.runSuitesSequentially(TestNG.java:1240)
	at org.testng.TestNG.runSuitesLocally(TestNG.java:1169)
	at org.testng.TestNG.run(TestNG.java:1064)
	at org.apache.maven.surefire.testng.TestNGExecutor.run(TestNGExecutor.java:281)
	at org.apache.maven.surefire.testng.TestNGXmlTestSuite.execute(TestNGXmlTestSuite.java:75)
	at org.apache.maven.surefire.testng.TestNGProvider.invoke(TestNGProvider.java:121)
	at org.apache.maven.surefire.booter.ForkedBooter.invokeProviderInSameClassLoader(ForkedBooter.java:290)
	at org.apache.maven.surefire.booter.ForkedBooter.runSuitesInProcess(ForkedBooter.java:242)
	at org.apache.maven.surefire.booter.ForkedBooter.main(ForkedBooter.java:121)
]]>
            </full-stacktrace>
          </exception> <!-- org.openqa.selenium.NoSuchElementException -->
          <reporter-output>
          </reporter-output>
        </test-method> <!-- sorting -->
        <test-method status="PASS" signature="tearDown(org.testng.ITestResult)[pri:0, instance:Functional_Scenarios.ProductDetailsScenarios@17d0685f]" name="tearDown" is-config="true" duration-ms="1101" started-at="2016-01-08T17:21:10Z" finished-at="2016-01-08T17:21:12Z">
          <params>
            <param index="0">
              <value>
                <![CDATA[[TestResult name=sorting status=FAILURE method=ProductDetailsScenarios.sorting()[pri:0, instance:Functional_Scenarios.ProductDetailsScenarios@17d0685f] output={null}]]]>
              </value>
            </param>
          </params>
          <reporter-output>
          </reporter-output>
        </test-method> <!-- tearDown -->
        <test-method status="PASS" signature="quitTest()[pri:0, instance:Functional_Scenarios.ProductDetailsScenarios@17d0685f]" name="quitTest" is-config="true" duration-ms="0" started-at="2016-01-08T17:21:12Z" finished-at="2016-01-08T17:21:12Z">
          <reporter-output>
          </reporter-output>
        </test-method> <!-- quitTest -->
      </class> <!-- Functional_Scenarios.ProductDetailsScenarios -->
    </test> <!-- ProductDetailsScenarios -->
    <test name="DownloadFromPlayStore" duration-ms="1" started-at="2016-01-08T11:51:12Z" finished-at="2016-01-08T11:51:12Z">
      <class name="Functional_Scenarios.DownloadFromPlayStore">
        <test-method status="PASS" signature="quitTest()[pri:0, instance:Functional_Scenarios.DownloadFromPlayStore@6ec8211c]" name="quitTest" is-config="true" duration-ms="0" started-at="2016-01-08T17:21:12Z" finished-at="2016-01-08T17:21:12Z">
          <reporter-output>
          </reporter-output>
        </test-method> <!-- quitTest -->
        <test-method status="PASS" signature="afterExecution()[pri:0, instance:Functional_Scenarios.DownloadFromPlayStore@6ec8211c]" name="afterExecution" is-config="true" duration-ms="163" started-at="2016-01-08T17:21:12Z" finished-at="2016-01-08T17:21:12Z">
          <reporter-output>
          </reporter-output>
        </test-method> <!-- afterExecution -->
      </class> <!-- Functional_Scenarios.DownloadFromPlayStore -->
    </test> <!-- DownloadFromPlayStore -->
  </suite> <!-- Consumer_Sanity_Suite -->
  <suite name="Bug_Regression_Suite" duration-ms="308639" started-at="2016-01-08T11:30:46Z" finished-at="2016-01-08T11:35:55Z">
    <groups>
    </groups>
    <test name="Forgot Password Screen" duration-ms="68796" started-at="2016-01-08T11:30:46Z" finished-at="2016-01-08T11:31:55Z">
      <class name="BugRegressionSuite.ForgotPasswordScreen_SNo_26">
        <test-method status="PASS" signature="initializeDrivers()[pri:0, instance:BugRegressionSuite.ForgotPasswordScreen_SNo_26@4923ab24]" name="initializeDrivers" is-config="true" duration-ms="48920" started-at="2016-01-08T17:00:46Z" finished-at="2016-01-08T17:01:35Z">
          <reporter-output>
          </reporter-output>
        </test-method> <!-- initializeDrivers -->
        <test-method status="PASS" signature="executeTestCase()[pri:0, instance:BugRegressionSuite.ForgotPasswordScreen_SNo_26@4923ab24]" name="executeTestCase" duration-ms="18614" started-at="2016-01-08T17:01:35Z" finished-at="2016-01-08T17:01:54Z">
          <reporter-output>
          </reporter-output>
        </test-method> <!-- executeTestCase -->
        <test-method status="PASS" signature="tearDown(org.testng.ITestResult)[pri:0, instance:BugRegressionSuite.ForgotPasswordScreen_SNo_26@4923ab24]" name="tearDown" is-config="true" duration-ms="1244" started-at="2016-01-08T17:01:54Z" finished-at="2016-01-08T17:01:55Z">
          <params>
            <param index="0">
              <value>
                <![CDATA[[TestResult name=executeTestCase status=SUCCESS method=ForgotPasswordScreen_SNo_26.executeTestCase()[pri:0, instance:BugRegressionSuite.ForgotPasswordScreen_SNo_26@4923ab24] output={null}]]]>
              </value>
            </param>
          </params>
          <reporter-output>
          </reporter-output>
        </test-method> <!-- tearDown -->
        <test-method status="PASS" signature="quitTest()[pri:0, instance:BugRegressionSuite.ForgotPasswordScreen_SNo_26@4923ab24]" name="quitTest" is-config="true" duration-ms="0" started-at="2016-01-08T17:01:55Z" finished-at="2016-01-08T17:01:55Z">
          <reporter-output>
          </reporter-output>
        </test-method> <!-- quitTest -->
      </class> <!-- BugRegressionSuite.ForgotPasswordScreen_SNo_26 -->
    </test> <!-- Forgot Password Screen -->
    <test name="User Name Tapping" duration-ms="43569" started-at="2016-01-08T11:31:55Z" finished-at="2016-01-08T11:32:39Z">
      <class name="BugRegressionSuite.UserNameTapping_SNo_32">
        <test-method status="PASS" signature="initializeDrivers()[pri:0, instance:BugRegressionSuite.UserNameTapping_SNo_32@11758f2a]" name="initializeDrivers" is-config="true" duration-ms="15561" started-at="2016-01-08T17:01:55Z" finished-at="2016-01-08T17:02:11Z">
          <reporter-output>
          </reporter-output>
        </test-method> <!-- initializeDrivers -->
        <test-method status="PASS" signature="executeTestCase()[pri:0, instance:BugRegressionSuite.UserNameTapping_SNo_32@11758f2a]" name="executeTestCase" duration-ms="26884" started-at="2016-01-08T17:02:11Z" finished-at="2016-01-08T17:02:37Z">
          <reporter-output>
          </reporter-output>
        </test-method> <!-- executeTestCase -->
        <test-method status="PASS" signature="tearDown(org.testng.ITestResult)[pri:0, instance:BugRegressionSuite.UserNameTapping_SNo_32@11758f2a]" name="tearDown" is-config="true" duration-ms="1123" started-at="2016-01-08T17:02:37Z" finished-at="2016-01-08T17:02:39Z">
          <params>
            <param index="0">
              <value>
                <![CDATA[[TestResult name=executeTestCase status=SUCCESS method=UserNameTapping_SNo_32.executeTestCase()[pri:0, instance:BugRegressionSuite.UserNameTapping_SNo_32@11758f2a] output={null}]]]>
              </value>
            </param>
          </params>
          <reporter-output>
          </reporter-output>
        </test-method> <!-- tearDown -->
        <test-method status="PASS" signature="quitTest()[pri:0, instance:BugRegressionSuite.UserNameTapping_SNo_32@11758f2a]" name="quitTest" is-config="true" duration-ms="0" started-at="2016-01-08T17:02:39Z" finished-at="2016-01-08T17:02:39Z">
          <reporter-output>
          </reporter-output>
        </test-method> <!-- quitTest -->
      </class> <!-- BugRegressionSuite.UserNameTapping_SNo_32 -->
    </test> <!-- User Name Tapping -->
    <test name="Forgot Password Login" duration-ms="48372" started-at="2016-01-08T11:32:39Z" finished-at="2016-01-08T11:33:27Z">
      <class name="BugRegressionSuite.ForgotPassword_Sno_36">
        <test-method status="PASS" signature="initializeDrivers()[pri:0, instance:BugRegressionSuite.ForgotPassword_Sno_36@4a87761d]" name="initializeDrivers" is-config="true" duration-ms="18415" started-at="2016-01-08T17:02:39Z" finished-at="2016-01-08T17:02:57Z">
          <reporter-output>
          </reporter-output>
        </test-method> <!-- initializeDrivers -->
        <test-method status="PASS" signature="executeTestCase()[pri:0, instance:BugRegressionSuite.ForgotPassword_Sno_36@4a87761d]" name="executeTestCase" duration-ms="28912" started-at="2016-01-08T17:02:57Z" finished-at="2016-01-08T17:03:26Z">
          <reporter-output>
          </reporter-output>
        </test-method> <!-- executeTestCase -->
        <test-method status="PASS" signature="tearDown(org.testng.ITestResult)[pri:0, instance:BugRegressionSuite.ForgotPassword_Sno_36@4a87761d]" name="tearDown" is-config="true" duration-ms="1045" started-at="2016-01-08T17:03:26Z" finished-at="2016-01-08T17:03:27Z">
          <params>
            <param index="0">
              <value>
                <![CDATA[[TestResult name=executeTestCase status=SUCCESS method=ForgotPassword_Sno_36.executeTestCase()[pri:0, instance:BugRegressionSuite.ForgotPassword_Sno_36@4a87761d] output={null}]]]>
              </value>
            </param>
          </params>
          <reporter-output>
          </reporter-output>
        </test-method> <!-- tearDown -->
        <test-method status="PASS" signature="quitTest()[pri:0, instance:BugRegressionSuite.ForgotPassword_Sno_36@4a87761d]" name="quitTest" is-config="true" duration-ms="0" started-at="2016-01-08T17:03:27Z" finished-at="2016-01-08T17:03:27Z">
          <reporter-output>
          </reporter-output>
        </test-method> <!-- quitTest -->
      </class> <!-- BugRegressionSuite.ForgotPassword_Sno_36 -->
    </test> <!-- Forgot Password Login -->
    <test name="Product Connection issue" duration-ms="75686" started-at="2016-01-08T11:33:27Z" finished-at="2016-01-08T11:34:43Z">
      <class name="BugRegressionSuite.ProductConnectionIssue">
        <test-method status="PASS" signature="initializeDrivers()[pri:0, instance:BugRegressionSuite.ProductConnectionIssue@52f759d7]" name="initializeDrivers" is-config="true" duration-ms="17904" started-at="2016-01-08T17:03:27Z" finished-at="2016-01-08T17:03:45Z">
          <reporter-output>
          </reporter-output>
        </test-method> <!-- initializeDrivers -->
        <test-method status="FAIL" signature="executeTestCase()[pri:0, instance:BugRegressionSuite.ProductConnectionIssue@52f759d7]" name="executeTestCase" duration-ms="56639" started-at="2016-01-08T17:03:45Z" finished-at="2016-01-08T17:04:42Z">
          <exception class="org.openqa.selenium.NoSuchElementException">
            <message>
              <![CDATA[An element could not be located on the page using the given search parameters. (WARNING: The server did not provide any stacktrace information)
Command duration or timeout: 20.65 seconds
For documentation on this error, please visit: http://seleniumhq.org/exceptions/no_such_element.html
Build info: version: '2.45.0', revision: '5017cb8e7ca8e37638dc3091b2440b90a1d8686f', time: '2015-02-27 09:10:26'
System info: host: 'LP-116', ip: '192.168.56.1', os.name: 'Windows 7', os.arch: 'amd64', os.version: '6.1', java.version: '1.8.0_65'
Driver info: io.appium.java_client.android.AndroidDriver
Capabilities [{app=E:\Projects\QA_Sanity\ConsumerApp\app\app-staging-debug-13100.apk, networkConnectionEnabled=true, warnings={}, app-package=com.zopperapp.staging, app-activity=com.zopper.aegon.ui.activity.OnBoardingActivity, databaseEnabled=false, deviceName=4e8e9235, platform=LINUX, desired={app=E:\Projects\QA_Sanity\ConsumerApp\app\app-staging-debug-13100.apk, platformVersion=4.4, app-package=com.zopperapp.staging, app-activity=com.zopper.aegon.ui.activity.OnBoardingActivity, platformName=Android, deviceName=32048e16028fa1a5}, platformVersion=4.4.2, webStorageEnabled=false, locationContextEnabled=false, browserName=Android, takesScreenshot=true, javascriptEnabled=true, platformName=Android}]
Session ID: d6977d5f-8a4c-4074-a7ec-13e675faab6e
*** Element info: {Using=name, value=Micromax 32T7250 32 Inch HD Ready LED TV}]]>
            </message>
            <full-stacktrace>
              <![CDATA[org.openqa.selenium.NoSuchElementException: An element could not be located on the page using the given search parameters. (WARNING: The server did not provide any stacktrace information)
Command duration or timeout: 20.65 seconds
For documentation on this error, please visit: http://seleniumhq.org/exceptions/no_such_element.html
Build info: version: '2.45.0', revision: '5017cb8e7ca8e37638dc3091b2440b90a1d8686f', time: '2015-02-27 09:10:26'
System info: host: 'LP-116', ip: '192.168.56.1', os.name: 'Windows 7', os.arch: 'amd64', os.version: '6.1', java.version: '1.8.0_65'
Driver info: io.appium.java_client.android.AndroidDriver
Capabilities [{app=E:\Projects\QA_Sanity\ConsumerApp\app\app-staging-debug-13100.apk, networkConnectionEnabled=true, warnings={}, app-package=com.zopperapp.staging, app-activity=com.zopper.aegon.ui.activity.OnBoardingActivity, databaseEnabled=false, deviceName=4e8e9235, platform=LINUX, desired={app=E:\Projects\QA_Sanity\ConsumerApp\app\app-staging-debug-13100.apk, platformVersion=4.4, app-package=com.zopperapp.staging, app-activity=com.zopper.aegon.ui.activity.OnBoardingActivity, platformName=Android, deviceName=32048e16028fa1a5}, platformVersion=4.4.2, webStorageEnabled=false, locationContextEnabled=false, browserName=Android, takesScreenshot=true, javascriptEnabled=true, platformName=Android}]
Session ID: d6977d5f-8a4c-4074-a7ec-13e675faab6e
*** Element info: {Using=name, value=Micromax 32T7250 32 Inch HD Ready LED TV}
	at sun.reflect.NativeConstructorAccessorImpl.newInstance0(Native Method)
	at sun.reflect.NativeConstructorAccessorImpl.newInstance(Unknown Source)
	at sun.reflect.DelegatingConstructorAccessorImpl.newInstance(Unknown Source)
	at java.lang.reflect.Constructor.newInstance(Unknown Source)
	at org.openqa.selenium.remote.ErrorHandler.createThrowable(ErrorHandler.java:204)
	at org.openqa.selenium.remote.ErrorHandler.throwIfResponseFailed(ErrorHandler.java:156)
	at org.openqa.selenium.remote.RemoteWebDriver.execute(RemoteWebDriver.java:599)
	at io.appium.java_client.AppiumDriver.execute(AppiumDriver.java:180)
	at org.openqa.selenium.remote.RemoteWebDriver.findElement(RemoteWebDriver.java:352)
	at org.openqa.selenium.remote.RemoteWebDriver.findElementByName(RemoteWebDriver.java:425)
	at org.openqa.selenium.By$ByName.findElement(By.java:299)
	at org.openqa.selenium.remote.RemoteWebDriver.findElement(RemoteWebDriver.java:344)
	at BugRegressionSuite.BaseTestBugRegression.findElementByName(BaseTestBugRegression.java:90)
	at BugRegressionSuite.BaseTestBugRegression.clickName(BaseTestBugRegression.java:102)
	at BugRegressionSuite.ProductConnectionIssue.executeTestCase(ProductConnectionIssue.java:24)
	at sun.reflect.NativeMethodAccessorImpl.invoke0(Native Method)
	at sun.reflect.NativeMethodAccessorImpl.invoke(Unknown Source)
	at sun.reflect.DelegatingMethodAccessorImpl.invoke(Unknown Source)
	at java.lang.reflect.Method.invoke(Unknown Source)
	at org.testng.internal.MethodInvocationHelper.invokeMethod(MethodInvocationHelper.java:86)
	at org.testng.internal.Invoker.invokeMethod(Invoker.java:643)
	at org.testng.internal.Invoker.invokeTestMethod(Invoker.java:820)
	at org.testng.internal.Invoker.invokeTestMethods(Invoker.java:1128)
	at org.testng.internal.TestMethodWorker.invokeTestMethods(TestMethodWorker.java:129)
	at org.testng.internal.TestMethodWorker.run(TestMethodWorker.java:112)
	at org.testng.TestRunner.privateRun(TestRunner.java:782)
	at org.testng.TestRunner.run(TestRunner.java:632)
	at org.testng.SuiteRunner.runTest(SuiteRunner.java:366)
	at org.testng.SuiteRunner.runSequentially(SuiteRunner.java:361)
	at org.testng.SuiteRunner.privateRun(SuiteRunner.java:319)
	at org.testng.SuiteRunner.run(SuiteRunner.java:268)
	at org.testng.SuiteRunnerWorker.runSuite(SuiteRunnerWorker.java:52)
	at org.testng.SuiteRunnerWorker.run(SuiteRunnerWorker.java:86)
	at org.testng.TestNG.runSuitesSequentially(TestNG.java:1244)
	at org.testng.TestNG.runSuitesSequentially(TestNG.java:1240)
	at org.testng.TestNG.runSuitesLocally(TestNG.java:1169)
	at org.testng.TestNG.run(TestNG.java:1064)
	at org.apache.maven.surefire.testng.TestNGExecutor.run(TestNGExecutor.java:281)
	at org.apache.maven.surefire.testng.TestNGXmlTestSuite.execute(TestNGXmlTestSuite.java:75)
	at org.apache.maven.surefire.testng.TestNGProvider.invoke(TestNGProvider.java:121)
	at org.apache.maven.surefire.booter.ForkedBooter.invokeProviderInSameClassLoader(ForkedBooter.java:290)
	at org.apache.maven.surefire.booter.ForkedBooter.runSuitesInProcess(ForkedBooter.java:242)
	at org.apache.maven.surefire.booter.ForkedBooter.main(ForkedBooter.java:121)
]]>
            </full-stacktrace>
          </exception> <!-- org.openqa.selenium.NoSuchElementException -->
          <reporter-output>
          </reporter-output>
        </test-method> <!-- executeTestCase -->
        <test-method status="PASS" signature="tearDown(org.testng.ITestResult)[pri:0, instance:BugRegressionSuite.ProductConnectionIssue@52f759d7]" name="tearDown" is-config="true" duration-ms="1130" started-at="2016-01-08T17:04:42Z" finished-at="2016-01-08T17:04:43Z">
          <params>
            <param index="0">
              <value>
                <![CDATA[[TestResult name=executeTestCase status=FAILURE method=ProductConnectionIssue.executeTestCase()[pri:0, instance:BugRegressionSuite.ProductConnectionIssue@52f759d7] output={null}]]]>
              </value>
            </param>
          </params>
          <reporter-output>
          </reporter-output>
        </test-method> <!-- tearDown -->
        <test-method status="PASS" signature="quitTest()[pri:0, instance:BugRegressionSuite.ProductConnectionIssue@52f759d7]" name="quitTest" is-config="true" duration-ms="0" started-at="2016-01-08T17:04:43Z" finished-at="2016-01-08T17:04:43Z">
          <reporter-output>
          </reporter-output>
        </test-method> <!-- quitTest -->
      </class> <!-- BugRegressionSuite.ProductConnectionIssue -->
    </test> <!-- Product Connection issue -->
    <test name="Checkout Error" duration-ms="72168" started-at="2016-01-08T11:34:43Z" finished-at="2016-01-08T11:35:55Z">
      <class name="BugRegressionSuite.CheckoutErrorOnCart">
        <test-method status="PASS" signature="initializeDrivers()[pri:0, instance:BugRegressionSuite.CheckoutErrorOnCart@7a30d1e6]" name="initializeDrivers" is-config="true" duration-ms="16163" started-at="2016-01-08T17:04:43Z" finished-at="2016-01-08T17:04:59Z">
          <reporter-output>
          </reporter-output>
        </test-method> <!-- initializeDrivers -->
        <test-method status="PASS" signature="executeTestCase()[pri:0, instance:BugRegressionSuite.CheckoutErrorOnCart@7a30d1e6]" name="executeTestCase" duration-ms="54915" started-at="2016-01-08T17:04:59Z" finished-at="2016-01-08T17:05:54Z">
          <reporter-output>
          </reporter-output>
        </test-method> <!-- executeTestCase -->
        <test-method status="PASS" signature="tearDown(org.testng.ITestResult)[pri:0, instance:BugRegressionSuite.CheckoutErrorOnCart@7a30d1e6]" name="tearDown" is-config="true" duration-ms="1089" started-at="2016-01-08T17:05:54Z" finished-at="2016-01-08T17:05:55Z">
          <params>
            <param index="0">
              <value>
                <![CDATA[[TestResult name=executeTestCase status=SUCCESS method=CheckoutErrorOnCart.executeTestCase()[pri:0, instance:BugRegressionSuite.CheckoutErrorOnCart@7a30d1e6] output={null}]]]>
              </value>
            </param>
          </params>
          <reporter-output>
          </reporter-output>
        </test-method> <!-- tearDown -->
        <test-method status="PASS" signature="quitTest()[pri:0, instance:BugRegressionSuite.CheckoutErrorOnCart@7a30d1e6]" name="quitTest" is-config="true" duration-ms="0" started-at="2016-01-08T17:05:55Z" finished-at="2016-01-08T17:05:55Z">
          <reporter-output>
          </reporter-output>
        </test-method> <!-- quitTest -->
        <test-method status="PASS" signature="afterExecution()[pri:0, instance:BugRegressionSuite.CheckoutErrorOnCart@7a30d1e6]" name="afterExecution" is-config="true" duration-ms="287" started-at="2016-01-08T17:05:55Z" finished-at="2016-01-08T17:05:55Z">
          <reporter-output>
          </reporter-output>
        </test-method> <!-- afterExecution -->
      </class> <!-- BugRegressionSuite.CheckoutErrorOnCart -->
    </test> <!-- Checkout Error -->
  </suite> <!-- Bug_Regression_Suite -->
</testng-results>
