<?xml version="1.0" encoding="UTF-8"?>
<!-- Generated by org.testng.reporters.JUnitXMLReporter -->
<testsuite hostname="LP-116" name="CartScenarios" tests="1" failures="1" timestamp="8 Jan 2016 08:42:51 GMT" time="94.449" errors="0">
  <testcase name="executeTestCase" time="59.499" classname="Functional_Scenarios.CartScenarios">
    <failure type="org.openqa.selenium.NoSuchElementException" message="An element could not be located on the page using the given search parameters. (WARNING: The server did not provide any stacktrace information)
Command duration or timeout: 20.15 seconds
For documentation on this error, please visit: http://seleniumhq.org/exceptions/no_such_element.html
Build info: version: &amp;apos;unknown&amp;apos;, revision: &amp;apos;unknown&amp;apos;, time: &amp;apos;unknown&amp;apos;
System info: host: &amp;apos;LP-116&amp;apos;, ip: &amp;apos;192.168.56.1&amp;apos;, os.name: &amp;apos;Windows 7&amp;apos;, os.arch: &amp;apos;amd64&amp;apos;, os.version: &amp;apos;6.1&amp;apos;, java.version: &amp;apos;1.8.0_65&amp;apos;
Driver info: io.appium.java_client.android.AndroidDriver
Capabilities [{app=E:\Projects\QA_Sanity\ConsumerApp\app\Zopper.apk, networkConnectionEnabled=true, warnings={}, app-package=com.zopperapp, app-activity=com.zopper.aegon.ui.activity.SplashActivity, databaseEnabled=false, deviceName=4e8e9235, platform=LINUX, desired={app=E:\Projects\QA_Sanity\ConsumerApp\app\Zopper.apk, platformVersion=4.4, app-package=com.zopperapp, app-activity=com.zopper.aegon.ui.activity.SplashActivity, platformName=Android, deviceName=32048e16028fa1a5}, platformVersion=4.4.2, webStorageEnabled=false, locationContextEnabled=false, browserName=Android, takesScreenshot=true, javascriptEnabled=true, platformName=Android}]
Session ID: 9d525c44-e335-4ee9-bdd4-fedde30fd38f
*** Element info: {Using=name, value=Buy Now}">
      <![CDATA[org.openqa.selenium.NoSuchElementException: An element could not be located on the page using the given search parameters. (WARNING: The server did not provide any stacktrace information)
Command duration or timeout: 20.15 seconds
For documentation on this error, please visit: http://seleniumhq.org/exceptions/no_such_element.html
Build info: version: 'unknown', revision: 'unknown', time: 'unknown'
System info: host: 'LP-116', ip: '192.168.56.1', os.name: 'Windows 7', os.arch: 'amd64', os.version: '6.1', java.version: '1.8.0_65'
Driver info: io.appium.java_client.android.AndroidDriver
Capabilities [{app=E:\Projects\QA_Sanity\ConsumerApp\app\Zopper.apk, networkConnectionEnabled=true, warnings={}, app-package=com.zopperapp, app-activity=com.zopper.aegon.ui.activity.SplashActivity, databaseEnabled=false, deviceName=4e8e9235, platform=LINUX, desired={app=E:\Projects\QA_Sanity\ConsumerApp\app\Zopper.apk, platformVersion=4.4, app-package=com.zopperapp, app-activity=com.zopper.aegon.ui.activity.SplashActivity, platformName=Android, deviceName=32048e16028fa1a5}, platformVersion=4.4.2, webStorageEnabled=false, locationContextEnabled=false, browserName=Android, takesScreenshot=true, javascriptEnabled=true, platformName=Android}]
Session ID: 9d525c44-e335-4ee9-bdd4-fedde30fd38f
*** Element info: {Using=name, value=Buy Now}
	at org.openqa.selenium.remote.ErrorHandler.createThrowable(ErrorHandler.java:204)
	at org.openqa.selenium.remote.ErrorHandler.throwIfResponseFailed(ErrorHandler.java:156)
	at org.openqa.selenium.remote.RemoteWebDriver.execute(RemoteWebDriver.java:599)
	at io.appium.java_client.AppiumDriver.execute(AppiumDriver.java:180)
	at org.openqa.selenium.remote.RemoteWebDriver.findElement(RemoteWebDriver.java:352)
	at org.openqa.selenium.remote.RemoteWebDriver.findElementByName(RemoteWebDriver.java:425)
	at org.openqa.selenium.By$ByName.findElement(By.java:299)
	at org.openqa.selenium.remote.RemoteWebDriver.findElement(RemoteWebDriver.java:344)
	at BugRegressionSuite.BaseTestBugRegression.findElementByName(BaseTestBugRegression.java:69)
	at BugRegressionSuite.BaseTestBugRegression.clickName(BaseTestBugRegression.java:81)
	at Functional_Scenarios.CartScenarios.executeTestCase(CartScenarios.java:36)
... Removed 29 stack frames]]>
    </failure>
  </testcase> <!-- executeTestCase -->
</testsuite> <!-- CartScenarios -->
